#
# There is insufficient memory for the Java Runtime Environment to continue.
# Native memory allocation (malloc) failed to allocate 688176 bytes for Chunk::new
# Possible reasons:
#   The system is out of physical RAM or swap space
#   The process is running with CompressedOops enabled, and the Java Heap may be blocking the growth of the native heap
# Possible solutions:
#   Reduce memory load on the system
#   Increase physical memory or swap space
#   Check if swap backing store is full
#   Decrease Java heap size (-Xmx/-Xms)
#   Decrease number of Java threads
#   Decrease Java thread stack sizes (-Xss)
#   Set larger code cache with -XX:ReservedCodeCacheSize=
#   JVM is running with Unscaled Compressed Oops mode in which the Java heap is
#     placed in the first 4GB address space. The Java Heap base address is the
#     maximum limit for the native heap growth. Please use -XX:HeapBaseMinAddress
#     to set the Java Heap base and to place the Java Heap above 4GB virtual address.
# This output file may be truncated or incomplete.
#
#  Out of Memory Error (arena.cpp:189), pid=5516, tid=5176
#
# JRE version: OpenJDK Runtime Environment Temurin-17.0.4+8 (17.0.4+8) (build 17.0.4+8)
# Java VM: OpenJDK 64-Bit Server VM Temurin-17.0.4+8 (17.0.4+8, mixed mode, tiered, compressed oops, compressed class ptrs, parallel gc, windows-amd64)
# No core dump will be written. Minidumps are not enabled by default on client versions of Windows
#

---------------  S U M M A R Y ------------

Command Line: --add-modules=ALL-SYSTEM --add-opens=java.base/java.util=ALL-UNNAMED --add-opens=java.base/java.lang=ALL-UNNAMED --add-opens=java.base/sun.nio.fs=ALL-UNNAMED -Declipse.application=org.eclipse.jdt.ls.core.id1 -Dosgi.bundles.defaultStartLevel=4 -Declipse.product=org.eclipse.jdt.ls.core.product -Djava.import.generatesMetadataFilesAtProjectRoot=false -Dfile.encoding=utf8 -DwatchParentProcess=false -XX:+UseParallelGC -XX:GCTimeRatio=4 -XX:AdaptiveSizePolicyWeight=90 -Dsun.zip.disableMemoryMapping=true -Xmx1G -Xms100m -Xlog:jni+resolve=off -javaagent:c:\Users\POSITIVO\.vscode\extensions\redhat.java-1.10.0-win32-x64\lombok\lombok-1.18.24.jar -XX:+HeapDumpOnOutOfMemoryError -XX:HeapDumpPath=c:\Users\POSITIVO\AppData\Roaming\Code\User\workspaceStorage\b1861a6fb4b6c45931292ef072937afa\redhat.java c:\Users\POSITIVO\.vscode\extensions\redhat.java-1.10.0-win32-x64\server\plugins\org.eclipse.equinox.launcher_1.6.400.v20210924-0641.jar -configuration c:\Users\POSITIVO\AppData\Roaming\Code\User\globalStorage\redhat.java\1.10.0\config_win -data c:\Users\POSITIVO\AppData\Roaming\Code\User\workspaceStorage\b1861a6fb4b6c45931292ef072937afa\redhat.java\jdt_ws

Host: Intel(R) Atom(TM) x5-Z8350  CPU @ 1.44GHz, 4 cores, 1G,  Windows 10 , 64 bit Build 19041 (10.0.19041.1889)
Time: Thu Oct  6 14:05:57 2022 Hora oficial do Brasil elapsed time: 66.739345 seconds (0d 0h 1m 6s)

---------------  T H R E A D  ---------------

Current thread (0x00000252327d9900):  JavaThread "C2 CompilerThread0" daemon [_thread_in_native, id=5176, stack(0x000000e6bde00000,0x000000e6bdf00000)]


Current CompileTask:
C2:  66739 2717   !   4       java.util.jar.Attributes::read (498 bytes)

Stack: [0x000000e6bde00000,0x000000e6bdf00000]
Native frames: (J=compiled Java code, j=interpreted, Vv=VM code, C=native code)
V  [jvm.dll+0x67733a]
V  [jvm.dll+0x8323c4]
V  [jvm.dll+0x833b6e]
V  [jvm.dll+0x8341d3]
V  [jvm.dll+0x2455e5]
V  [jvm.dll+0xabd7b]
V  [jvm.dll+0xac30c]
V  [jvm.dll+0x363a77]
V  [jvm.dll+0x32de81]
V  [jvm.dll+0x32d32a]
V  [jvm.dll+0x2184d1]
V  [jvm.dll+0x2178f1]
V  [jvm.dll+0x1a3f8d]
V  [jvm.dll+0x227308]
V  [jvm.dll+0x225455]
V  [jvm.dll+0x7e7eeb]
V  [jvm.dll+0x7e245a]
V  [jvm.dll+0x6761c5]
C  [ucrtbase.dll+0x21bb2]
C  [KERNEL32.DLL+0x17034]
C  [ntdll.dll+0x526a1]


---------------  P R O C E S S  ---------------

Threads class SMR info:
_java_thread_list=0x0000025235d2bcd0, length=22, elements={
0x000002521e984e20, 0x00000252327a3520, 0x00000252327a41a0, 0x00000252327d2d20,
0x00000252327d38d0, 0x00000252327d6290, 0x00000252327d7c50, 0x00000252327d9900,
0x00000252327da380, 0x00000252327dac80, 0x000002521ea41f60, 0x000002523446e080,
0x000002523433def0, 0x0000025234aa5fd0, 0x000002523491c5d0, 0x0000025234a3e910,
0x0000025234da0780, 0x0000025234c27c50, 0x00000252343863b0, 0x0000025234385ee0,
0x0000025234384ba0, 0x0000025234385a10
}

Java Threads: ( => current thread )
  0x000002521e984e20 JavaThread "main" [_thread_blocked, id=5052, stack(0x000000e6bd400000,0x000000e6bd500000)]
  0x00000252327a3520 JavaThread "Reference Handler" daemon [_thread_blocked, id=1192, stack(0x000000e6bd700000,0x000000e6bd800000)]
  0x00000252327a41a0 JavaThread "Finalizer" daemon [_thread_blocked, id=1116, stack(0x000000e6bd800000,0x000000e6bd900000)]
  0x00000252327d2d20 JavaThread "Signal Dispatcher" daemon [_thread_blocked, id=5976, stack(0x000000e6bda00000,0x000000e6bdb00000)]
  0x00000252327d38d0 JavaThread "Attach Listener" daemon [_thread_blocked, id=5688, stack(0x000000e6bdb00000,0x000000e6bdc00000)]
  0x00000252327d6290 JavaThread "Service Thread" daemon [_thread_blocked, id=6400, stack(0x000000e6bdc00000,0x000000e6bdd00000)]
  0x00000252327d7c50 JavaThread "Monitor Deflation Thread" daemon [_thread_blocked, id=7224, stack(0x000000e6bdd00000,0x000000e6bde00000)]
=>0x00000252327d9900 JavaThread "C2 CompilerThread0" daemon [_thread_in_native, id=5176, stack(0x000000e6bde00000,0x000000e6bdf00000)]
  0x00000252327da380 JavaThread "C1 CompilerThread0" daemon [_thread_blocked, id=3952, stack(0x000000e6bdf00000,0x000000e6be000000)]
  0x00000252327dac80 JavaThread "Sweeper thread" daemon [_thread_blocked, id=2556, stack(0x000000e6be000000,0x000000e6be100000)]
  0x000002521ea41f60 JavaThread "Common-Cleaner" daemon [_thread_blocked, id=2748, stack(0x000000e6be100000,0x000000e6be200000)]
  0x000002523446e080 JavaThread "Notification Thread" daemon [_thread_blocked, id=7524, stack(0x000000e6be200000,0x000000e6be300000)]
  0x000002523433def0 JavaThread "Active Thread: Equinox Container: 5cdbb839-0348-48ec-a05d-b03159137520" [_thread_blocked, id=4068, stack(0x000000e6be700000,0x000000e6be800000)]
  0x0000025234aa5fd0 JavaThread "Framework Event Dispatcher: Equinox Container: 5cdbb839-0348-48ec-a05d-b03159137520" daemon [_thread_blocked, id=2424, stack(0x000000e6be800000,0x000000e6be900000)]
  0x000002523491c5d0 JavaThread "Start Level: Equinox Container: 5cdbb839-0348-48ec-a05d-b03159137520" daemon [_thread_in_native, id=3764, stack(0x000000e6be900000,0x000000e6bea00000)]
  0x0000025234a3e910 JavaThread "SCR Component Actor" daemon [_thread_blocked, id=7432, stack(0x000000e6bea00000,0x000000e6beb00000)]
  0x0000025234da0780 JavaThread "Bundle File Closer" daemon [_thread_blocked, id=7424, stack(0x000000e6beb00000,0x000000e6bec00000)]
  0x0000025234c27c50 JavaThread "Worker-JM" [_thread_blocked, id=4084, stack(0x000000e6bed00000,0x000000e6bee00000)]
  0x00000252343863b0 JavaThread "Worker-0: Checking project encoding" [_thread_blocked, id=3596, stack(0x000000e6bec00000,0x000000e6bed00000)]
  0x0000025234385ee0 JavaThread "Worker-1: Refreshing workspace" [_thread_blocked, id=696, stack(0x000000e6bee00000,0x000000e6bef00000)]
  0x0000025234384ba0 JavaThread "Worker-2" [_thread_blocked, id=7556, stack(0x000000e6bf000000,0x000000e6bf100000)]
  0x0000025234385a10 JavaThread "SCR Component Registry" daemon [_thread_blocked, id=4448, stack(0x000000e6bd200000,0x000000e6bd300000)]

Other Threads:
  0x000002523278c7f0 VMThread "VM Thread" [stack: 0x000000e6bd600000,0x000000e6bd700000] [id=976]
  0x000002523446e550 WatcherThread [stack: 0x000000e6be300000,0x000000e6be400000] [id=2992]
  0x000002521e99a8d0 GCTaskThread "GC Thread#0" [stack: 0x000000e6bd500000,0x000000e6bd600000] [id=7300]
  0x0000025234cb9ad0 GCTaskThread "GC Thread#1" [stack: 0x000000e6be400000,0x000000e6be500000] [id=128]
  0x0000025234954560 GCTaskThread "GC Thread#2" [stack: 0x000000e6be500000,0x000000e6be600000] [id=4416]
  0x0000025234b04030 GCTaskThread "GC Thread#3" [stack: 0x000000e6be600000,0x000000e6be700000] [id=8124]

Threads with active compile tasks:
C2 CompilerThread0    67320 2717   !   4       java.util.jar.Attributes::read (498 bytes)

VM state: not at safepoint (normal execution)

VM Mutex/Monitor currently owned by a thread: None

Heap address: 0x00000000c0000000, size: 1024 MB, Compressed Oops mode: 32-bit

CDS archive(s) not mapped
Compressed class space mapped at: 0x0000000100000000-0x0000000140000000, reserved size: 1073741824
Narrow klass base: 0x0000000000000000, Narrow klass shift: 3, Narrow klass range: 0x140000000

GC Precious Log:
 CPUs: 4 total, 4 available
 Memory: 1848M
 Large Page Support: Disabled
 NUMA Support: Disabled
 Compressed Oops: Enabled (32-bit)
 Alignments: Space 512K, Generation 512K, Heap 2M
 Heap Min Capacity: 100M
 Heap Initial Capacity: 100M
 Heap Max Capacity: 1G
 Pre-touch: Disabled
 Parallel Workers: 4

Heap:
 PSYoungGen      total 29696K, used 19205K [0x00000000eab00000, 0x00000000ecc00000, 0x0000000100000000)
  eden space 25600K, 75% used [0x00000000eab00000,0x00000000ebdc17c0,0x00000000ec400000)
  from space 4096K, 0% used [0x00000000ec800000,0x00000000ec800000,0x00000000ecc00000)
  to   space 4096K, 0% used [0x00000000ec400000,0x00000000ec400000,0x00000000ec800000)
 ParOldGen       total 68608K, used 10341K [0x00000000c0000000, 0x00000000c4300000, 0x00000000eab00000)
  object space 68608K, 15% used [0x00000000c0000000,0x00000000c0a19478,0x00000000c4300000)
 Metaspace       used 23261K, committed 23680K, reserved 1073152K
  class space    used 2378K, committed 2560K, reserved 1048576K

Card table byte_map: [0x000002521e340000,0x000002521e550000] _byte_map_base: 0x000002521dd40000

Marking Bits: (ParMarkBitMap*) 0x00007ffd3d682cd0
 Begin Bits: [0x0000025230620000, 0x0000025231620000)
 End Bits:   [0x0000025231620000, 0x0000025232620000)

Polling page: 0x000002521c920000

Metaspace:

Usage:
  Non-class:     20.39 MB used.
      Class:      2.32 MB used.
       Both:     22.72 MB used.

Virtual space:
  Non-class space:       24.00 MB reserved,      20.62 MB ( 86%) committed,  3 nodes.
      Class space:        1.00 GB reserved,       2.50 MB ( <1%) committed,  1 nodes.
             Both:        1.02 GB reserved,      23.12 MB (  2%) committed. 

Chunk freelists:
   Non-Class:  3.39 MB
       Class:  1.50 MB
        Both:  4.89 MB

MaxMetaspaceSize: unlimited
CompressedClassSpaceSize: 1.00 GB
Initial GC threshold: 21.00 MB
Current GC threshold: 35.00 MB
CDS: off
MetaspaceReclaimPolicy: balanced
 - commit_granule_bytes: 65536.
 - commit_granule_words: 8192.
 - virtual_space_node_default_size: 1048576.
 - enlarge_chunks_in_place: 1.
 - new_chunks_are_fully_committed: 0.
 - uncommit_free_chunks: 1.
 - use_allocation_guard: 0.
 - handle_deallocations: 1.


Internal statistics:

num_allocs_failed_limit: 3.
num_arena_births: 188.
num_arena_deaths: 14.
num_vsnodes_births: 4.
num_vsnodes_deaths: 0.
num_space_committed: 370.
num_space_uncommitted: 0.
num_chunks_returned_to_freelist: 17.
num_chunks_taken_from_freelist: 778.
num_chunk_merges: 7.
num_chunk_splits: 507.
num_chunks_enlarged: 343.
num_purges: 2.
num_inconsistent_stats: 0.

CodeHeap 'non-profiled nmethods': size=120000Kb used=1008Kb max_used=1008Kb free=118991Kb
 bounds [0x00000252290f0000, 0x0000025229360000, 0x0000025230620000]
CodeHeap 'profiled nmethods': size=120000Kb used=5672Kb max_used=5672Kb free=114327Kb
 bounds [0x0000025221bc0000, 0x0000025222150000, 0x00000252290f0000]
CodeHeap 'non-nmethods': size=5760Kb used=1187Kb max_used=1204Kb free=4572Kb
 bounds [0x0000025221620000, 0x0000025221890000, 0x0000025221bc0000]
 total_blobs=3273 nmethods=2780 adapters=408
 compilation: enabled
              stopped_count=0, restarted_count=0
 full_count=0

Compilation events (20 events):
Event: 58.266 Thread 0x00000252327da380 nmethod 2710 0x0000025222117210 code [0x00000252221174a0, 0x0000025222118188]
Event: 58.277 Thread 0x00000252327d9900 2711       4       java.io.ByteArrayOutputStream::<init> (43 bytes)
Event: 58.297 Thread 0x00000252327d9900 nmethod 2711 0x00000252291e7210 code [0x00000252291e73a0, 0x00000252291e7518]
Event: 58.297 Thread 0x00000252327d9900 2712       4       java.util.jar.Manifest::getAttributes (14 bytes)
Event: 58.356 Thread 0x00000252327d9900 nmethod 2712 0x00000252291e7610 code [0x00000252291e77c0, 0x00000252291e7df8]
Event: 58.357 Thread 0x00000252327d9900 2713       4       java.util.jar.Attributes::size (10 bytes)
Event: 58.359 Thread 0x00000252327d9900 nmethod 2713 0x00000252291e8290 code [0x00000252291e8400, 0x00000252291e84b8]
Event: 58.417 Thread 0x00000252327d9900 2714       4       java.io.ByteArrayOutputStream::<init> (7 bytes)
Event: 58.421 Thread 0x00000252327d9900 nmethod 2714 0x00000252291e8590 code [0x00000252291e8720, 0x00000252291e8838]
Event: 58.754 Thread 0x00000252327da380 2715       3       sun.security.util.DerValue::toByteArray (91 bytes)
Event: 58.756 Thread 0x00000252327da380 nmethod 2715 0x0000025222118690 code [0x00000252221188a0, 0x0000025222119068]
Event: 58.773 Thread 0x00000252327d9900 2716       4       java.util.jar.Attributes::<init> (17 bytes)
Event: 58.792 Thread 0x00000252327d9900 nmethod 2716 0x00000252291e8910 code [0x00000252291e8aa0, 0x00000252291e8c18]
Event: 58.792 Thread 0x00000252327d9900 2717   !   4       java.util.jar.Attributes::read (498 bytes)
Event: 58.906 Thread 0x00000252327da380 2719       1       sun.security.util.KnownOIDs::stdName (5 bytes)
Event: 58.907 Thread 0x00000252327da380 nmethod 2719 0x00000252291e8d90 code [0x00000252291e8f20, 0x00000252291e8ff8]
Event: 59.164 Thread 0x00000252327da380 2720       3       jdk.internal.misc.Unsafe::convEndian (16 bytes)
Event: 59.165 Thread 0x00000252327da380 nmethod 2720 0x0000025222119390 code [0x0000025222119540, 0x00000252221196a8]
Event: 59.165 Thread 0x00000252327da380 2721       3       java.math.MutableBigInteger::divWord (108 bytes)
Event: 59.167 Thread 0x00000252327da380 nmethod 2721 0x0000025222119790 code [0x0000025222119940, 0x0000025222119cb8]

GC Heap History (10 events):
Event: 11.911 GC heap before
{Heap before GC invocations=1 (full 0):
 PSYoungGen      total 29696K, used 25600K [0x00000000eab00000, 0x00000000ecc00000, 0x0000000100000000)
  eden space 25600K, 100% used [0x00000000eab00000,0x00000000ec400000,0x00000000ec400000)
  from space 4096K, 0% used [0x00000000ec800000,0x00000000ec800000,0x00000000ecc00000)
  to   space 4096K, 0% used [0x00000000ec400000,0x00000000ec400000,0x00000000ec800000)
 ParOldGen       total 68608K, used 0K [0x00000000c0000000, 0x00000000c4300000, 0x00000000eab00000)
  object space 68608K, 0% used [0x00000000c0000000,0x00000000c0000000,0x00000000c4300000)
 Metaspace       used 10826K, committed 11008K, reserved 1064960K
  class space    used 1085K, committed 1152K, reserved 1048576K
}
Event: 11.977 GC heap after
{Heap after GC invocations=1 (full 0):
 PSYoungGen      total 29696K, used 3304K [0x00000000eab00000, 0x00000000ecc00000, 0x0000000100000000)
  eden space 25600K, 0% used [0x00000000eab00000,0x00000000eab00000,0x00000000ec400000)
  from space 4096K, 80% used [0x00000000ec400000,0x00000000ec73a190,0x00000000ec800000)
  to   space 4096K, 0% used [0x00000000ec800000,0x00000000ec800000,0x00000000ecc00000)
 ParOldGen       total 68608K, used 0K [0x00000000c0000000, 0x00000000c4300000, 0x00000000eab00000)
  object space 68608K, 0% used [0x00000000c0000000,0x00000000c0000000,0x00000000c4300000)
 Metaspace       used 10826K, committed 11008K, reserved 1064960K
  class space    used 1085K, committed 1152K, reserved 1048576K
}
Event: 21.084 GC heap before
{Heap before GC invocations=2 (full 0):
 PSYoungGen      total 29696K, used 28904K [0x00000000eab00000, 0x00000000ecc00000, 0x0000000100000000)
  eden space 25600K, 100% used [0x00000000eab00000,0x00000000ec400000,0x00000000ec400000)
  from space 4096K, 80% used [0x00000000ec400000,0x00000000ec73a190,0x00000000ec800000)
  to   space 4096K, 0% used [0x00000000ec800000,0x00000000ec800000,0x00000000ecc00000)
 ParOldGen       total 68608K, used 0K [0x00000000c0000000, 0x00000000c4300000, 0x00000000eab00000)
  object space 68608K, 0% used [0x00000000c0000000,0x00000000c0000000,0x00000000c4300000)
 Metaspace       used 14840K, committed 15168K, reserved 1064960K
  class space    used 1510K, committed 1664K, reserved 1048576K
}
Event: 21.107 GC heap after
{Heap after GC invocations=2 (full 0):
 PSYoungGen      total 29696K, used 4078K [0x00000000eab00000, 0x00000000ecc00000, 0x0000000100000000)
  eden space 25600K, 0% used [0x00000000eab00000,0x00000000eab00000,0x00000000ec400000)
  from space 4096K, 99% used [0x00000000ec800000,0x00000000ecbfb9e0,0x00000000ecc00000)
  to   space 4096K, 0% used [0x00000000ec400000,0x00000000ec400000,0x00000000ec800000)
 ParOldGen       total 68608K, used 1376K [0x00000000c0000000, 0x00000000c4300000, 0x00000000eab00000)
  object space 68608K, 2% used [0x00000000c0000000,0x00000000c0158020,0x00000000c4300000)
 Metaspace       used 14840K, committed 15168K, reserved 1064960K
  class space    used 1510K, committed 1664K, reserved 1048576K
}
Event: 33.243 GC heap before
{Heap before GC invocations=3 (full 0):
 PSYoungGen      total 29696K, used 29678K [0x00000000eab00000, 0x00000000ecc00000, 0x0000000100000000)
  eden space 25600K, 100% used [0x00000000eab00000,0x00000000ec400000,0x00000000ec400000)
  from space 4096K, 99% used [0x00000000ec800000,0x00000000ecbfb9e0,0x00000000ecc00000)
  to   space 4096K, 0% used [0x00000000ec400000,0x00000000ec400000,0x00000000ec800000)
 ParOldGen       total 68608K, used 1376K [0x00000000c0000000, 0x00000000c4300000, 0x00000000eab00000)
  object space 68608K, 2% used [0x00000000c0000000,0x00000000c0158020,0x00000000c4300000)
 Metaspace       used 17903K, committed 18240K, reserved 1064960K
  class space    used 1800K, committed 1920K, reserved 1048576K
}
Event: 33.294 GC heap after
{Heap after GC invocations=3 (full 0):
 PSYoungGen      total 29696K, used 4087K [0x00000000eab00000, 0x00000000ecc00000, 0x0000000100000000)
  eden space 25600K, 0% used [0x00000000eab00000,0x00000000eab00000,0x00000000ec400000)
  from space 4096K, 99% used [0x00000000ec400000,0x00000000ec7fdc40,0x00000000ec800000)
  to   space 4096K, 0% used [0x00000000ec800000,0x00000000ec800000,0x00000000ecc00000)
 ParOldGen       total 68608K, used 5460K [0x00000000c0000000, 0x00000000c4300000, 0x00000000eab00000)
  object space 68608K, 7% used [0x00000000c0000000,0x00000000c05550c8,0x00000000c4300000)
 Metaspace       used 17903K, committed 18240K, reserved 1064960K
  class space    used 1800K, committed 1920K, reserved 1048576K
}
Event: 40.398 GC heap before
{Heap before GC invocations=4 (full 0):
 PSYoungGen      total 29696K, used 20230K [0x00000000eab00000, 0x00000000ecc00000, 0x0000000100000000)
  eden space 25600K, 63% used [0x00000000eab00000,0x00000000ebac3d00,0x00000000ec400000)
  from space 4096K, 99% used [0x00000000ec400000,0x00000000ec7fdc40,0x00000000ec800000)
  to   space 4096K, 0% used [0x00000000ec800000,0x00000000ec800000,0x00000000ecc00000)
 ParOldGen       total 68608K, used 5460K [0x00000000c0000000, 0x00000000c4300000, 0x00000000eab00000)
  object space 68608K, 7% used [0x00000000c0000000,0x00000000c05550c8,0x00000000c4300000)
 Metaspace       used 21014K, committed 21504K, reserved 1073152K
  class space    used 2112K, committed 2304K, reserved 1048576K
}
Event: 40.415 GC heap after
{Heap after GC invocations=4 (full 0):
 PSYoungGen      total 29696K, used 4073K [0x00000000eab00000, 0x00000000ecc00000, 0x0000000100000000)
  eden space 25600K, 0% used [0x00000000eab00000,0x00000000eab00000,0x00000000ec400000)
  from space 4096K, 99% used [0x00000000ec800000,0x00000000ecbfa5e8,0x00000000ecc00000)
  to   space 4096K, 0% used [0x00000000ec400000,0x00000000ec400000,0x00000000ec800000)
 ParOldGen       total 68608K, used 6466K [0x00000000c0000000, 0x00000000c4300000, 0x00000000eab00000)
  object space 68608K, 9% used [0x00000000c0000000,0x00000000c06508a8,0x00000000c4300000)
 Metaspace       used 21014K, committed 21504K, reserved 1073152K
  class space    used 2112K, committed 2304K, reserved 1048576K
}
Event: 40.415 GC heap before
{Heap before GC invocations=5 (full 1):
 PSYoungGen      total 29696K, used 4073K [0x00000000eab00000, 0x00000000ecc00000, 0x0000000100000000)
  eden space 25600K, 0% used [0x00000000eab00000,0x00000000eab00000,0x00000000ec400000)
  from space 4096K, 99% used [0x00000000ec800000,0x00000000ecbfa5e8,0x00000000ecc00000)
  to   space 4096K, 0% used [0x00000000ec400000,0x00000000ec400000,0x00000000ec800000)
 ParOldGen       total 68608K, used 6466K [0x00000000c0000000, 0x00000000c4300000, 0x00000000eab00000)
  object space 68608K, 9% used [0x00000000c0000000,0x00000000c06508a8,0x00000000c4300000)
 Metaspace       used 21014K, committed 21504K, reserved 1073152K
  class space    used 2112K, committed 2304K, reserved 1048576K
}
Event: 40.645 GC heap after
{Heap after GC invocations=5 (full 1):
 PSYoungGen      total 29696K, used 0K [0x00000000eab00000, 0x00000000ecc00000, 0x0000000100000000)
  eden space 25600K, 0% used [0x00000000eab00000,0x00000000eab00000,0x00000000ec400000)
  from space 4096K, 0% used [0x00000000ec800000,0x00000000ec800000,0x00000000ecc00000)
  to   space 4096K, 0% used [0x00000000ec400000,0x00000000ec400000,0x00000000ec800000)
 ParOldGen       total 68608K, used 10341K [0x00000000c0000000, 0x00000000c4300000, 0x00000000eab00000)
  object space 68608K, 15% used [0x00000000c0000000,0x00000000c0a19478,0x00000000c4300000)
 Metaspace       used 21001K, committed 21504K, reserved 1073152K
  class space    used 2108K, committed 2304K, reserved 1048576K
}

Deoptimization events (20 events):
Event: 39.503 Thread 0x000002523491c5d0 DEOPT PACKING pc=0x000002522916bd84 sp=0x000000e6be9f78f0
Event: 39.503 Thread 0x000002523491c5d0 DEOPT UNPACKING pc=0x000002522167209d sp=0x000000e6be9f7788 mode 2
Event: 41.865 Thread 0x000002523491c5d0 DEOPT PACKING pc=0x0000025221fdd743 sp=0x000000e6be9f35c0
Event: 41.865 Thread 0x000002523491c5d0 DEOPT UNPACKING pc=0x0000025221672824 sp=0x000000e6be9f2ae0 mode 0
Event: 42.712 Thread 0x000002523491c5d0 Uncommon trap: trap_request=0xffffff45 fr.pc=0x000002522910be78 relative=0x00000000000000f8
Event: 42.712 Thread 0x000002523491c5d0 Uncommon trap: reason=unstable_if action=reinterpret pc=0x000002522910be78 method=java.lang.StringCoding.hasNegatives([BII)Z @ 12 c2
Event: 42.712 Thread 0x000002523491c5d0 DEOPT PACKING pc=0x000002522910be78 sp=0x000000e6be9f34e0
Event: 42.712 Thread 0x000002523491c5d0 DEOPT UNPACKING pc=0x000002522167209d sp=0x000000e6be9f3470 mode 2
Event: 43.063 Thread 0x000002523491c5d0 DEOPT PACKING pc=0x0000025222107fd6 sp=0x000000e6be9f35a0
Event: 43.063 Thread 0x000002523491c5d0 DEOPT UNPACKING pc=0x0000025221672824 sp=0x000000e6be9f2a28 mode 0
Event: 43.233 Thread 0x000002523491c5d0 DEOPT PACKING pc=0x0000025222107fd6 sp=0x000000e6be9f34e0
Event: 43.233 Thread 0x000002523491c5d0 DEOPT UNPACKING pc=0x0000025221672824 sp=0x000000e6be9f2968 mode 0
Event: 48.137 Thread 0x000002523491c5d0 Uncommon trap: trap_request=0xffffff45 fr.pc=0x000002522913be20 relative=0x00000000000023c0
Event: 48.156 Thread 0x000002523491c5d0 Uncommon trap: reason=unstable_if action=reinterpret pc=0x000002522913be20 method=java.util.jar.Manifest$FastInputStream.peek()B @ 8 c2
Event: 48.156 Thread 0x000002523491c5d0 DEOPT PACKING pc=0x000002522913be20 sp=0x000000e6be9f3610
Event: 48.156 Thread 0x000002523491c5d0 DEOPT UNPACKING pc=0x000002522167209d sp=0x000000e6be9f35b8 mode 2
Event: 50.798 Thread 0x000002523491c5d0 Uncommon trap: trap_request=0xffffff45 fr.pc=0x00000252291a8e84 relative=0x0000000000000084
Event: 50.798 Thread 0x000002523491c5d0 Uncommon trap: reason=unstable_if action=reinterpret pc=0x00000252291a8e84 method=java.util.jar.Manifest$FastInputStream.peek()B @ 8 c2
Event: 50.800 Thread 0x000002523491c5d0 DEOPT PACKING pc=0x00000252291a8e84 sp=0x000000e6be9f3620
Event: 50.801 Thread 0x000002523491c5d0 DEOPT UNPACKING pc=0x000002522167209d sp=0x000000e6be9f35b8 mode 2

Classes unloaded (7 events):
Event: 40.436 Thread 0x000002523278c7f0 Unloading class 0x0000000100214800 'java/lang/invoke/LambdaForm$MH+0x0000000100214800'
Event: 40.436 Thread 0x000002523278c7f0 Unloading class 0x0000000100214400 'java/lang/invoke/LambdaForm$MH+0x0000000100214400'
Event: 40.436 Thread 0x000002523278c7f0 Unloading class 0x0000000100214000 'java/lang/invoke/LambdaForm$MH+0x0000000100214000'
Event: 40.436 Thread 0x000002523278c7f0 Unloading class 0x0000000100213800 'java/lang/invoke/LambdaForm$MH+0x0000000100213800'
Event: 40.436 Thread 0x000002523278c7f0 Unloading class 0x0000000100213400 'java/lang/invoke/LambdaForm$BMH+0x0000000100213400'
Event: 40.436 Thread 0x000002523278c7f0 Unloading class 0x0000000100213000 'java/lang/invoke/LambdaForm$DMH+0x0000000100213000'
Event: 40.436 Thread 0x000002523278c7f0 Unloading class 0x0000000100210400 'java/lang/invoke/LambdaForm$DMH+0x0000000100210400'

Classes redefined (0 events):
No events

Internal exceptions (20 events):
Event: 11.694 Thread 0x000002521e984e20 Exception <a 'java/lang/NoSuchMethodError'{0x00000000ec3be508}: 'void java.lang.invoke.DirectMethodHandle$Holder.invokeSpecial(java.lang.Object, java.lang.Object, java.lang.Object)'> (0x00000000ec3be508) 
thrown [s\src\hotspot\share\interpreter\linkResolver.cpp, line 759]
Event: 16.583 Thread 0x000002521e984e20 Exception <a 'java/lang/NoSuchMethodError'{0x00000000eb7b1718}: 'java.lang.Object java.lang.invoke.DirectMethodHandle$Holder.newInvokeSpecial(java.lang.Object, int, java.lang.Object)'> (0x00000000eb7b1718) 
thrown [s\src\hotspot\share\interpreter\linkResolver.cpp, line 759]
Event: 18.966 Thread 0x000002521e984e20 Exception <a 'java/lang/UnsatisfiedLinkError'{0x00000000ebd3f0f0}: 'void org.eclipse.equinox.launcher.JNIBridge._update_splash()'> (0x00000000ebd3f0f0) 
thrown [s\src\hotspot\share\prims\nativeLookup.cpp, line 543]
Event: 19.740 Thread 0x000002523491c5d0 Exception <a 'java/lang/NoSuchMethodError'{0x00000000ec003e40}: 'java.lang.Object java.lang.invoke.DirectMethodHandle$Holder.invokeStaticInit(java.lang.Object)'> (0x00000000ec003e40) 
thrown [s\src\hotspot\share\interpreter\linkResolver.cpp, line 759]
Event: 31.005 Thread 0x000002523491c5d0 Exception <a 'java/io/FileNotFoundException'{0x00000000ebd81120}> (0x00000000ebd81120) 
thrown [s\src\hotspot\share\prims\jni.cpp, line 516]
Event: 31.138 Thread 0x000002523491c5d0 Exception <a 'java/lang/NullPointerException'{0x00000000ebdca5e0}> (0x00000000ebdca5e0) 
thrown [s\src\hotspot\share\interpreter\linkResolver.cpp, line 1350]
Event: 31.138 Thread 0x000002523491c5d0 Exception <a 'java/lang/NullPointerException'{0x00000000ebdcae08}> (0x00000000ebdcae08) 
thrown [s\src\hotspot\share\interpreter\linkResolver.cpp, line 1350]
Event: 34.661 Thread 0x000002523491c5d0 Exception <a 'java/lang/NoSuchMethodError'{0x00000000eae16d10}: 'void java.lang.invoke.DirectMethodHandle$Holder.invokeInterface(java.lang.Object, java.lang.Object, java.lang.Object)'> (0x00000000eae16d10) 
thrown [s\src\hotspot\share\interpreter\linkResolver.cpp, line 759]
Event: 36.948 Thread 0x000002523491c5d0 Exception <a 'java/lang/NoSuchMethodError'{0x00000000eb150828}: 'java.lang.Object java.lang.invoke.Invokers$Holder.invokeExact_MT(java.lang.Object, java.lang.Object, java.lang.Object, java.lang.Object, java.lang.Object, java.lang.Object)'> (0x00000000eb150828) 
thrown [s\src\hotspot\share\interpreter\linkResolver.cpp, line 759]
Event: 38.312 Thread 0x000002523491c5d0 Exception <a 'java/lang/NoSuchMethodError'{0x00000000eb232590}: 'java.lang.Object java.lang.invoke.DirectMethodHandle$Holder.invokeStatic(java.lang.Object, java.lang.Object, int)'> (0x00000000eb232590) 
thrown [s\src\hotspot\share\interpreter\linkResolver.cpp, line 759]
Event: 38.322 Thread 0x000002523491c5d0 Exception <a 'java/lang/NoSuchMethodError'{0x00000000eb237140}: 'void java.lang.invoke.DirectMethodHandle$Holder.invokeStatic(java.lang.Object, java.lang.Object, int, java.lang.Object)'> (0x00000000eb237140) 
thrown [s\src\hotspot\share\interpreter\linkResolver.cpp, line 759]
Event: 38.328 Thread 0x000002523491c5d0 Exception <a 'java/lang/NoSuchMethodError'{0x00000000eb23e870}: 'void java.lang.invoke.DelegatingMethodHandle$Holder.delegate(java.lang.Object, java.lang.Object, int, java.lang.Object)'> (0x00000000eb23e870) 
thrown [s\src\hotspot\share\interpreter\linkResolver.cpp, line 759]
Event: 38.332 Thread 0x000002523491c5d0 Exception <a 'java/lang/NoSuchMethodError'{0x00000000eb242c58}: 'int java.lang.invoke.DirectMethodHandle$Holder.invokeSpecial(java.lang.Object, java.lang.Object, java.lang.Object)'> (0x00000000eb242c58) 
thrown [s\src\hotspot\share\interpreter\linkResolver.cpp, line 759]
Event: 38.343 Thread 0x000002523491c5d0 Exception <a 'java/lang/NoSuchMethodError'{0x00000000eb253498}: 'int java.lang.invoke.DirectMethodHandle$Holder.invokeStatic(java.lang.Object, java.lang.Object, int)'> (0x00000000eb253498) 
thrown [s\src\hotspot\share\interpreter\linkResolver.cpp, line 759]
Event: 38.346 Thread 0x000002523491c5d0 Exception <a 'java/lang/NoSuchMethodError'{0x00000000eb2574c0}: 'int java.lang.invoke.DirectMethodHandle$Holder.invokeSpecial(java.lang.Object, java.lang.Object, java.lang.Object, int)'> (0x00000000eb2574c0) 
thrown [s\src\hotspot\share\interpreter\linkResolver.cpp, line 759]
Event: 38.398 Thread 0x000002523491c5d0 Exception <a 'java/lang/NoSuchMethodError'{0x00000000eb271f40}: 'java.lang.Object java.lang.invoke.DirectMethodHandle$Holder.invokeStatic(java.lang.Object, java.lang.Object, java.lang.Object, java.lang.Object, int)'> (0x00000000eb271f40) 
thrown [s\src\hotspot\share\interpreter\linkResolver.cpp, line 759]
Event: 38.413 Thread 0x000002523491c5d0 Exception <a 'java/lang/NoSuchMethodError'{0x00000000eb27df38}: 'java.lang.Object java.lang.invoke.DelegatingMethodHandle$Holder.reinvoke_L(java.lang.Object, java.lang.Object, java.lang.Object, java.lang.Object, int, int)'> (0x00000000eb27df38) 
thrown [s\src\hotspot\share\interpreter\linkResolver.cpp, line 759]
Event: 38.434 Thread 0x000002523491c5d0 Exception <a 'java/lang/NoSuchMethodError'{0x00000000eb295d28}: 'java.lang.Object java.lang.invoke.Invokers$Holder.invokeExact_MT(java.lang.Object, java.lang.Object, java.lang.Object, java.lang.Object)'> (0x00000000eb295d28) 
thrown [s\src\hotspot\share\interpreter\linkResolver.cpp, line 759]
Event: 40.396 Thread 0x000002523491c5d0 Exception <a 'java/lang/NoSuchMethodError'{0x00000000eba99630}: 'int java.lang.invoke.DirectMethodHandle$Holder.invokeStaticInit(java.lang.Object, java.lang.Object, java.lang.Object)'> (0x00000000eba99630) 
thrown [s\src\hotspot\share\interpreter\linkResolver.cpp, line 759]
Event: 40.904 Thread 0x000002523491c5d0 Exception <a 'java/lang/IncompatibleClassChangeError'{0x00000000eabbbba0}: Found class java.lang.Object, but interface was expected> (0x00000000eabbbba0) 
thrown [s\src\hotspot\share\interpreter\linkResolver.cpp, line 826]

VM Operations (20 events):
Event: 38.911 Executing VM operation: HandshakeAllThreads
Event: 38.911 Executing VM operation: HandshakeAllThreads done
Event: 38.911 Executing VM operation: Cleanup
Event: 38.911 Executing VM operation: Cleanup done
Event: 39.920 Executing VM operation: Cleanup
Event: 39.920 Executing VM operation: Cleanup done
Event: 40.397 Executing VM operation: CollectForMetadataAllocation
Event: 40.670 Executing VM operation: CollectForMetadataAllocation done
Event: 41.062 Executing VM operation: HandshakeAllThreads
Event: 41.062 Executing VM operation: HandshakeAllThreads done
Event: 42.062 Executing VM operation: Cleanup
Event: 42.062 Executing VM operation: Cleanup done
Event: 47.076 Executing VM operation: Cleanup
Event: 47.076 Executing VM operation: Cleanup done
Event: 57.175 Executing VM operation: Cleanup
Event: 57.176 Executing VM operation: Cleanup done
Event: 58.183 Executing VM operation: Cleanup
Event: 58.183 Executing VM operation: Cleanup done
Event: 59.191 Executing VM operation: Cleanup
Event: 59.207 Executing VM operation: Cleanup done

Events (20 events):
Event: 41.089 loading class java/util/concurrent/ThreadLocalRandom
Event: 41.095 loading class java/util/concurrent/ThreadLocalRandom done
Event: 41.097 loading class jdk/internal/util/random/RandomSupport
Event: 41.098 loading class jdk/internal/util/random/RandomSupport done
Event: 41.100 loading class java/lang/invoke/VarHandleLongs$FieldInstanceReadWrite
Event: 41.101 loading class java/lang/invoke/VarHandleLongs$FieldInstanceReadOnly
Event: 41.103 loading class java/lang/invoke/VarHandleLongs$FieldInstanceReadOnly done
Event: 41.103 loading class java/lang/invoke/VarHandleLongs$FieldInstanceReadWrite done
Event: 41.106 loading class java/util/concurrent/atomic/Striped64$1
Event: 41.110 loading class java/util/concurrent/atomic/Striped64$1 done
Event: 41.169 Thread 0x0000025234384ba0 Thread added: 0x0000025234384ba0
Event: 41.489 loading class java/security/Policy$UnsupportedEmptyCollection
Event: 41.489 loading class java/security/Policy$UnsupportedEmptyCollection done
Event: 41.489 loading class java/security/Policy$PolicyInfo
Event: 41.490 loading class java/security/Policy$PolicyInfo done
Event: 46.173 Thread 0x0000025234386880 Thread exited: 0x0000025234386880
Event: 55.412 loading class java/io/FileReader
Event: 55.414 loading class java/io/FileReader done
Event: 55.423 loading class java/io/FileWriter
Event: 55.431 loading class java/io/FileWriter done


Dynamic libraries:
0x00007ff7a47a0000 - 0x00007ff7a47ae000 	c:\Users\POSITIVO\.vscode\extensions\redhat.java-1.10.0-win32-x64\jre\17.0.4-win32-x86_64\bin\java.exe
0x00007ffd93690000 - 0x00007ffd93888000 	C:\Windows\SYSTEM32\ntdll.dll
0x00007ffd71450000 - 0x00007ffd71467000 	C:\Program Files\Avast Software\Avast\aswhook.dll
0x00007ffd92d90000 - 0x00007ffd92e4d000 	C:\Windows\System32\KERNEL32.DLL
0x00007ffd91130000 - 0x00007ffd913fe000 	C:\Windows\System32\KERNELBASE.dll
0x00007ffd90db0000 - 0x00007ffd90eb0000 	C:\Windows\System32\ucrtbase.dll
0x00007ffd7d0c0000 - 0x00007ffd7d0d8000 	c:\Users\POSITIVO\.vscode\extensions\redhat.java-1.10.0-win32-x64\jre\17.0.4-win32-x86_64\bin\jli.dll
0x00007ffd91c90000 - 0x00007ffd91e30000 	C:\Windows\System32\USER32.dll
0x00007ffd90eb0000 - 0x00007ffd90ed2000 	C:\Windows\System32\win32u.dll
0x00007ffd92a10000 - 0x00007ffd92a3a000 	C:\Windows\System32\GDI32.dll
0x00007ffd91020000 - 0x00007ffd9112b000 	C:\Windows\System32\gdi32full.dll
0x00007ffd914a0000 - 0x00007ffd9153d000 	C:\Windows\System32\msvcp_win.dll
0x00007ffd7a370000 - 0x00007ffd7a389000 	c:\Users\POSITIVO\.vscode\extensions\redhat.java-1.10.0-win32-x64\jre\17.0.4-win32-x86_64\bin\VCRUNTIME140.dll
0x00007ffd7b500000 - 0x00007ffd7b79a000 	C:\Windows\WinSxS\amd64_microsoft.windows.common-controls_6595b64144ccf1df_6.0.19041.1110_none_60b5254171f9507e\COMCTL32.dll
0x00007ffd92e50000 - 0x00007ffd92eee000 	C:\Windows\System32\msvcrt.dll
0x00007ffd93090000 - 0x00007ffd930c0000 	C:\Windows\System32\IMM32.DLL
0x00007ffd8ca60000 - 0x00007ffd8ca6c000 	c:\Users\POSITIVO\.vscode\extensions\redhat.java-1.10.0-win32-x64\jre\17.0.4-win32-x86_64\bin\vcruntime140_1.dll
0x00007ffd47820000 - 0x00007ffd478b1000 	c:\Users\POSITIVO\.vscode\extensions\redhat.java-1.10.0-win32-x64\jre\17.0.4-win32-x86_64\bin\msvcp140.dll
0x00007ffd3cb00000 - 0x00007ffd3d746000 	c:\Users\POSITIVO\.vscode\extensions\redhat.java-1.10.0-win32-x64\jre\17.0.4-win32-x86_64\bin\server\jvm.dll
0x00007ffd93540000 - 0x00007ffd935ee000 	C:\Windows\System32\ADVAPI32.dll
0x00007ffd92070000 - 0x00007ffd9210c000 	C:\Windows\System32\sechost.dll
0x00007ffd92f00000 - 0x00007ffd93025000 	C:\Windows\System32\RPCRT4.dll
0x00007ffd92ef0000 - 0x00007ffd92ef8000 	C:\Windows\System32\PSAPI.DLL
0x00007ffd83b40000 - 0x00007ffd83b49000 	C:\Windows\SYSTEM32\WSOCK32.dll
0x00007ffd92b10000 - 0x00007ffd92b7b000 	C:\Windows\System32\WS2_32.dll
0x00007ffd82fc0000 - 0x00007ffd82fe7000 	C:\Windows\SYSTEM32\WINMM.dll
0x00007ffd85f90000 - 0x00007ffd85f9a000 	C:\Windows\SYSTEM32\VERSION.dll
0x00007ffd8ec80000 - 0x00007ffd8ec92000 	C:\Windows\SYSTEM32\kernel.appcore.dll
0x00007ffd8b9f0000 - 0x00007ffd8b9fa000 	c:\Users\POSITIVO\.vscode\extensions\redhat.java-1.10.0-win32-x64\jre\17.0.4-win32-x86_64\bin\jimage.dll
0x00007ffd858f0000 - 0x00007ffd85ad4000 	C:\Windows\SYSTEM32\DBGHELP.DLL
0x00007ffd858c0000 - 0x00007ffd858ec000 	C:\Windows\SYSTEM32\dbgcore.DLL
0x00007ffd90f90000 - 0x00007ffd91012000 	C:\Windows\System32\bcryptPrimitives.dll
0x00007ffd8a160000 - 0x00007ffd8a16e000 	c:\Users\POSITIVO\.vscode\extensions\redhat.java-1.10.0-win32-x64\jre\17.0.4-win32-x86_64\bin\instrument.dll
0x00007ffd71d20000 - 0x00007ffd71d45000 	c:\Users\POSITIVO\.vscode\extensions\redhat.java-1.10.0-win32-x64\jre\17.0.4-win32-x86_64\bin\java.dll
0x00007ffd6eea0000 - 0x00007ffd6eeb8000 	c:\Users\POSITIVO\.vscode\extensions\redhat.java-1.10.0-win32-x64\jre\17.0.4-win32-x86_64\bin\zip.dll
0x00007ffd922c0000 - 0x00007ffd92a03000 	C:\Windows\System32\SHELL32.dll
0x00007ffd8eea0000 - 0x00007ffd8f635000 	C:\Windows\SYSTEM32\windows.storage.dll
0x00007ffd930c0000 - 0x00007ffd93414000 	C:\Windows\System32\combase.dll
0x00007ffd90740000 - 0x00007ffd90770000 	C:\Windows\SYSTEM32\Wldp.dll
0x00007ffd92a60000 - 0x00007ffd92b0d000 	C:\Windows\System32\SHCORE.dll
0x00007ffd93030000 - 0x00007ffd93085000 	C:\Windows\System32\shlwapi.dll
0x00007ffd90cf0000 - 0x00007ffd90d0f000 	C:\Windows\SYSTEM32\profapi.dll
0x00007ffd714f0000 - 0x00007ffd71509000 	C:\Users\POSITIVO\.vscode\extensions\redhat.java-1.10.0-win32-x64\jre\17.0.4-win32-x86_64\bin\net.dll
0x00007ffd8b320000 - 0x00007ffd8b42a000 	C:\Windows\SYSTEM32\WINHTTP.dll
0x00007ffd904a0000 - 0x00007ffd9050a000 	C:\Windows\system32\mswsock.dll
0x00007ffd6f010000 - 0x00007ffd6f025000 	C:\Users\POSITIVO\.vscode\extensions\redhat.java-1.10.0-win32-x64\jre\17.0.4-win32-x86_64\bin\nio.dll
0x00007ffd831a0000 - 0x00007ffd831b0000 	c:\Users\POSITIVO\.vscode\extensions\redhat.java-1.10.0-win32-x64\jre\17.0.4-win32-x86_64\bin\verify.dll
0x00007ffd7a200000 - 0x00007ffd7a23e000 	C:\Users\POSITIVO\AppData\Roaming\Code\User\globalStorage\redhat.java\1.10.0\config_win\org.eclipse.equinox.launcher\org.eclipse.equinox.launcher.win32.win32.x86_64_1.2.500.v20220509-0833\eclipse_11700.dll
0x00007ffd92c60000 - 0x00007ffd92d8a000 	C:\Windows\System32\ole32.dll

dbghelp: loaded successfully - version: 4.0.5 - missing functions: none
symbol engine: initialized successfully - sym options: 0x614 - pdb path: .;c:\Users\POSITIVO\.vscode\extensions\redhat.java-1.10.0-win32-x64\jre\17.0.4-win32-x86_64\bin;C:\Windows\SYSTEM32;C:\Program Files\Avast Software\Avast;C:\Windows\WinSxS\amd64_microsoft.windows.common-controls_6595b64144ccf1df_6.0.19041.1110_none_60b5254171f9507e;c:\Users\POSITIVO\.vscode\extensions\redhat.java-1.10.0-win32-x64\jre\17.0.4-win32-x86_64\bin\server;C:\Users\POSITIVO\AppData\Roaming\Code\User\globalStorage\redhat.java\1.10.0\config_win\org.eclipse.equinox.launcher\org.eclipse.equinox.launcher.win32.win32.x86_64_1.2.500.v20220509-0833

VM Arguments:
jvm_args: --add-modules=ALL-SYSTEM --add-opens=java.base/java.util=ALL-UNNAMED --add-opens=java.base/java.lang=ALL-UNNAMED --add-opens=java.base/sun.nio.fs=ALL-UNNAMED -Declipse.application=org.eclipse.jdt.ls.core.id1 -Dosgi.bundles.defaultStartLevel=4 -Declipse.product=org.eclipse.jdt.ls.core.product -Djava.import.generatesMetadataFilesAtProjectRoot=false -Dfile.encoding=utf8 -DwatchParentProcess=false -XX:+UseParallelGC -XX:GCTimeRatio=4 -XX:AdaptiveSizePolicyWeight=90 -Dsun.zip.disableMemoryMapping=true -Xmx1G -Xms100m -Xlog:jni+resolve=off -javaagent:c:\Users\POSITIVO\.vscode\extensions\redhat.java-1.10.0-win32-x64\lombok\lombok-1.18.24.jar -XX:+HeapDumpOnOutOfMemoryError -XX:HeapDumpPath=c:\Users\POSITIVO\AppData\Roaming\Code\User\workspaceStorage\b1861a6fb4b6c45931292ef072937afa\redhat.java 
java_command: c:\Users\POSITIVO\.vscode\extensions\redhat.java-1.10.0-win32-x64\server\plugins\org.eclipse.equinox.launcher_1.6.400.v20210924-0641.jar -configuration c:\Users\POSITIVO\AppData\Roaming\Code\User\globalStorage\redhat.java\1.10.0\config_win -data c:\Users\POSITIVO\AppData\Roaming\Code\User\workspaceStorage\b1861a6fb4b6c45931292ef072937afa\redhat.java\jdt_ws
java_class_path (initial): c:\Users\POSITIVO\.vscode\extensions\redhat.java-1.10.0-win32-x64\server\plugins\org.eclipse.equinox.launcher_1.6.400.v20210924-0641.jar
Launcher Type: SUN_STANDARD

[Global flags]
    uintx AdaptiveSizePolicyWeight                 = 90                                        {product} {command line}
     intx CICompilerCount                          = 3                                         {product} {ergonomic}
    uintx GCTimeRatio                              = 4                                         {product} {command line}
     bool HeapDumpOnOutOfMemoryError               = true                                   {manageable} {command line}
    ccstr HeapDumpPath                             = c:\Users\POSITIVO\AppData\Roaming\Code\User\workspaceStorage\b1861a6fb4b6c45931292ef072937afa\redhat.java         {manageable} {command line}
   size_t InitialHeapSize                          = 104857600                                 {product} {command line}
   size_t MaxHeapSize                              = 1073741824                                {product} {command line}
   size_t MaxNewSize                               = 357564416                                 {product} {ergonomic}
   size_t MinHeapDeltaBytes                        = 524288                                    {product} {ergonomic}
   size_t MinHeapSize                              = 104857600                                 {product} {command line}
   size_t NewSize                                  = 34603008                                  {product} {ergonomic}
    uintx NonNMethodCodeHeapSize                   = 5832780                                {pd product} {ergonomic}
    uintx NonProfiledCodeHeapSize                  = 122912730                              {pd product} {ergonomic}
   size_t OldSize                                  = 70254592                                  {product} {ergonomic}
    uintx ProfiledCodeHeapSize                     = 122912730                              {pd product} {ergonomic}
    uintx ReservedCodeCacheSize                    = 251658240                              {pd product} {ergonomic}
     bool SegmentedCodeCache                       = true                                      {product} {ergonomic}
   size_t SoftMaxHeapSize                          = 1073741824                             {manageable} {ergonomic}
     bool UseCompressedClassPointers               = true                           {product lp64_product} {ergonomic}
     bool UseCompressedOops                        = true                           {product lp64_product} {ergonomic}
     bool UseLargePagesIndividualAllocation        = false                                  {pd product} {ergonomic}
     bool UseParallelGC                            = true                                      {product} {command line}

Logging:
Log output configuration:
 #0: stdout all=warning,jni+resolve=off uptime,level,tags
 #1: stderr all=off uptime,level,tags

Environment Variables:
PATH=C:\Program Files\Common Files\Oracle\Java\javapath;C:\Program Files (x86)\Common Files\Oracle\Java\javapath;C:\Windows\system32;C:\Windows;C:\Windows\System32\Wbem;C:\Windows\System32\WindowsPowerShell\v1.0\;C:\Windows\System32\OpenSSH\;C:\Program Files\Git\cmd;C:\Users\POSITIVO\AppData\Local\Programs\Python\Python310\Scripts\;C:\Users\POSITIVO\AppData\Local\Programs\Python\Python310\;C:\Users\POSITIVO\AppData\Local\Microsoft\WindowsApps;C:\Users\POSITIVO\AppData\Local\JetBrains\Toolbox\scripts;C:\Users\POSITIVO\AppData\Local\Programs\Microsoft VS Code\bin
USERNAME=POSITIVO
OS=Windows_NT
PROCESSOR_IDENTIFIER=Intel64 Family 6 Model 76 Stepping 4, GenuineIntel
TMP=C:\Users\POSITIVO\AppData\Local\Temp
TEMP=C:\Users\POSITIVO\AppData\Local\Temp



---------------  S Y S T E M  ---------------

OS:
 Windows 10 , 64 bit Build 19041 (10.0.19041.1889)
OS uptime: 0 days 0:33 hours

CPU: total 4 (initial active 4) (4 cores per cpu, 1 threads per core) family 6 model 76 stepping 4 microcode 0x411, cx8, cmov, fxsr, mmx, 3dnowpref, sse, sse2, sse3, ssse3, sse4.1, sse4.2, popcnt, tsc, tscinvbit, aes, erms, clmul, clflush

Memory: 4k page, system-wide physical 1848M (346M free)
TotalPageFile size 3169M (AvailPageFile size 22M)
current process WorkingSet (physical memory assigned to process): 56M, peak: 89M
current process commit charge ("private bytes"): 210M, peak: 210M

vm_info: OpenJDK 64-Bit Server VM (17.0.4+8) for windows-amd64 JRE (17.0.4+8), built on Jul 19 2022 16:05:16 by "temurin" with MS VC++ 16.7 (VS2019)

END.
