#
# There is insufficient memory for the Java Runtime Environment to continue.
# Native memory allocation (mmap) failed to map 65536 bytes for Failed to commit metaspace.
# Possible reasons:
#   The system is out of physical RAM or swap space
#   The process is running with CompressedOops enabled, and the Java Heap may be blocking the growth of the native heap
# Possible solutions:
#   Reduce memory load on the system
#   Increase physical memory or swap space
#   Check if swap backing store is full
#   Decrease Java heap size (-Xmx/-Xms)
#   Decrease number of Java threads
#   Decrease Java thread stack sizes (-Xss)
#   Set larger code cache with -XX:ReservedCodeCacheSize=
#   JVM is running with Unscaled Compressed Oops mode in which the Java heap is
#     placed in the first 4GB address space. The Java Heap base address is the
#     maximum limit for the native heap growth. Please use -XX:HeapBaseMinAddress
#     to set the Java Heap base and to place the Java Heap above 4GB virtual address.
# This output file may be truncated or incomplete.
#
#  Out of Memory Error (virtualSpaceNode.cpp:110), pid=6444, tid=1436
#
# JRE version: OpenJDK Runtime Environment Temurin-17.0.4+8 (17.0.4+8) (build 17.0.4+8)
# Java VM: OpenJDK 64-Bit Server VM Temurin-17.0.4+8 (17.0.4+8, mixed mode, tiered, compressed oops, compressed class ptrs, parallel gc, windows-amd64)
# No core dump will be written. Minidumps are not enabled by default on client versions of Windows
#

---------------  S U M M A R Y ------------

Command Line: --add-modules=ALL-SYSTEM --add-opens=java.base/java.util=ALL-UNNAMED --add-opens=java.base/java.lang=ALL-UNNAMED --add-opens=java.base/sun.nio.fs=ALL-UNNAMED -Declipse.application=org.eclipse.jdt.ls.core.id1 -Dosgi.bundles.defaultStartLevel=4 -Declipse.product=org.eclipse.jdt.ls.core.product -Djava.import.generatesMetadataFilesAtProjectRoot=false -Dfile.encoding=utf8 -DwatchParentProcess=false -XX:+UseParallelGC -XX:GCTimeRatio=4 -XX:AdaptiveSizePolicyWeight=90 -Dsun.zip.disableMemoryMapping=true -Xmx1G -Xms100m -Xlog:jni+resolve=off -javaagent:c:\Users\POSITIVO\.vscode\extensions\redhat.java-1.10.0-win32-x64\lombok\lombok-1.18.24.jar c:\Users\POSITIVO\.vscode\extensions\redhat.java-1.10.0-win32-x64\server\plugins\org.eclipse.equinox.launcher_1.6.400.v20210924-0641.jar -configuration c:\Users\POSITIVO\AppData\Roaming\Code\User\globalStorage\redhat.java\1.10.0\config_ss_win -data c:\Users\POSITIVO\AppData\Roaming\Code\User\workspaceStorage\8ec930336ebd1d15844ebf1d7341b1a9\redhat.java\ss_ws

Host: Intel(R) Atom(TM) x5-Z8350  CPU @ 1.44GHz, 4 cores, 1G,  Windows 10 , 64 bit Build 19041 (10.0.19041.1889)
Time: Thu Oct  6 14:17:13 2022 Hora oficial do Brasil elapsed time: 10.853894 seconds (0d 0h 0m 10s)

---------------  T H R E A D  ---------------

Current thread (0x0000023157219c60):  JavaThread "C1 CompilerThread0" daemon [_thread_in_vm, id=1436, stack(0x000000ad04800000,0x000000ad04900000)]


Current CompileTask:
C1:  10854  900   !   3       java.util.jar.JarFile::getManifestFromReference (197 bytes)

Stack: [0x000000ad04800000,0x000000ad04900000]
Native frames: (J=compiled Java code, j=interpreted, Vv=VM code, C=native code)
V  [jvm.dll+0x67733a]
V  [jvm.dll+0x8323c4]
V  [jvm.dll+0x833b6e]
V  [jvm.dll+0x8341d3]
V  [jvm.dll+0x2455e5]
V  [jvm.dll+0x82e36b]
V  [jvm.dll+0x61be16]
V  [jvm.dll+0x61be7a]
V  [jvm.dll+0x61e69a]
V  [jvm.dll+0x61c7b6]
V  [jvm.dll+0x62d9fa]
V  [jvm.dll+0x62682a]
V  [jvm.dll+0x1cc7c0]
V  [jvm.dll+0x1cc9af]
V  [jvm.dll+0x146841]
V  [jvm.dll+0x146685]
V  [jvm.dll+0x13df0e]
V  [jvm.dll+0x1404c5]
V  [jvm.dll+0x13e6ac]
V  [jvm.dll+0x14715d]
V  [jvm.dll+0x146685]
V  [jvm.dll+0x13df0e]
V  [jvm.dll+0x1404c5]
V  [jvm.dll+0x13e7a4]
V  [jvm.dll+0x13873f]
V  [jvm.dll+0x148256]
V  [jvm.dll+0x133e50]
V  [jvm.dll+0x1341b0]
V  [jvm.dll+0x134476]
V  [jvm.dll+0x13390a]
V  [jvm.dll+0x1355d1]
V  [jvm.dll+0x227308]
V  [jvm.dll+0x225455]
V  [jvm.dll+0x7e7eeb]
V  [jvm.dll+0x7e245a]
V  [jvm.dll+0x6761c5]
C  [ucrtbase.dll+0x21bb2]
C  [KERNEL32.DLL+0x17034]
C  [ntdll.dll+0x526a1]


---------------  P R O C E S S  ---------------

Threads class SMR info:
_java_thread_list=0x0000023158d480e0, length=12, elements={
0x00000231433c7160, 0x00000231571e3090, 0x00000231571e5740, 0x00000231572146e0,
0x00000231572150a0, 0x0000023157215b60, 0x0000023157217530, 0x00000231572191e0,
0x0000023157219c60, 0x0000023158c30980, 0x0000023158cad080, 0x0000023158ea1480
}

Java Threads: ( => current thread )
  0x00000231433c7160 JavaThread "main" [_thread_in_vm, id=3932, stack(0x000000ad03e00000,0x000000ad03f00000)]
  0x00000231571e3090 JavaThread "Reference Handler" daemon [_thread_blocked, id=5188, stack(0x000000ad04100000,0x000000ad04200000)]
  0x00000231571e5740 JavaThread "Finalizer" daemon [_thread_blocked, id=1868, stack(0x000000ad04200000,0x000000ad04300000)]
  0x00000231572146e0 JavaThread "Signal Dispatcher" daemon [_thread_blocked, id=4568, stack(0x000000ad04300000,0x000000ad04400000)]
  0x00000231572150a0 JavaThread "Attach Listener" daemon [_thread_blocked, id=3028, stack(0x000000ad04400000,0x000000ad04500000)]
  0x0000023157215b60 JavaThread "Service Thread" daemon [_thread_blocked, id=5960, stack(0x000000ad04500000,0x000000ad04600000)]
  0x0000023157217530 JavaThread "Monitor Deflation Thread" daemon [_thread_blocked, id=3672, stack(0x000000ad04600000,0x000000ad04700000)]
  0x00000231572191e0 JavaThread "C2 CompilerThread0" daemon [_thread_blocked, id=8176, stack(0x000000ad04700000,0x000000ad04800000)]
=>0x0000023157219c60 JavaThread "C1 CompilerThread0" daemon [_thread_in_vm, id=1436, stack(0x000000ad04800000,0x000000ad04900000)]
  0x0000023158c30980 JavaThread "Sweeper thread" daemon [_thread_blocked, id=7960, stack(0x000000ad04900000,0x000000ad04a00000)]
  0x0000023158cad080 JavaThread "Common-Cleaner" daemon [_thread_blocked, id=5884, stack(0x000000ad04a00000,0x000000ad04b00000)]
  0x0000023158ea1480 JavaThread "Notification Thread" daemon [_thread_blocked, id=1812, stack(0x000000ad04b00000,0x000000ad04c00000)]

Other Threads:
  0x0000023157110a40 VMThread "VM Thread" [stack: 0x000000ad04000000,0x000000ad04100000] [id=7148]
  0x0000023158e7bb30 WatcherThread [stack: 0x000000ad04c00000,0x000000ad04d00000] [id=2380]
  0x00000231433d6a70 GCTaskThread "GC Thread#0" [stack: 0x000000ad03f00000,0x000000ad04000000] [id=3948]

Threads with active compile tasks:
C1 CompilerThread0    11112  900   !   3       java.util.jar.JarFile::getManifestFromReference (197 bytes)

VM state: not at safepoint (normal execution)

VM Mutex/Monitor currently owned by a thread:  ([mutex/lock_event])
[0x00000231433bf8c0] Metaspace_lock - owner thread: 0x0000023157219c60
[0x00000231433c1650] MethodData_lock - owner thread: 0x0000023157219c60

Heap address: 0x00000000c0000000, size: 1024 MB, Compressed Oops mode: 32-bit

CDS archive(s) not mapped
Compressed class space mapped at: 0x0000000100000000-0x0000000140000000, reserved size: 1073741824
Narrow klass base: 0x0000000000000000, Narrow klass shift: 3, Narrow klass range: 0x140000000

GC Precious Log:
 CPUs: 4 total, 4 available
 Memory: 1848M
 Large Page Support: Disabled
 NUMA Support: Disabled
 Compressed Oops: Enabled (32-bit)
 Alignments: Space 512K, Generation 512K, Heap 2M
 Heap Min Capacity: 100M
 Heap Initial Capacity: 100M
 Heap Max Capacity: 1G
 Pre-touch: Disabled
 Parallel Workers: 4

Heap:
 PSYoungGen      total 29696K, used 23444K [0x00000000eab00000, 0x00000000ecc00000, 0x0000000100000000)
  eden space 25600K, 91% used [0x00000000eab00000,0x00000000ec1e52a0,0x00000000ec400000)
  from space 4096K, 0% used [0x00000000ec800000,0x00000000ec800000,0x00000000ecc00000)
  to   space 4096K, 0% used [0x00000000ec400000,0x00000000ec400000,0x00000000ec800000)
 ParOldGen       total 68608K, used 0K [0x00000000c0000000, 0x00000000c4300000, 0x00000000eab00000)
  object space 68608K, 0% used [0x00000000c0000000,0x00000000c0000000,0x00000000c4300000)
 Metaspace       used 10246K, committed 10368K, reserved 1064960K
  class space    used 1021K, committed 1088K, reserved 1048576K

Card table byte_map: [0x0000023142d80000,0x0000023142f90000] _byte_map_base: 0x0000023142780000

Marking Bits: (ParMarkBitMap*) 0x00007ffd446f2cd0
 Begin Bits: [0x0000023155060000, 0x0000023156060000)
 End Bits:   [0x0000023156060000, 0x0000023157060000)

Polling page: 0x0000023141240000

Metaspace:

Usage:
  Non-class:      9.01 MB used.
      Class:   1021.27 KB used.
       Both:     10.01 MB used.

Virtual space:
  Non-class space:       16.00 MB reserved,       9.06 MB ( 57%) committed,  2 nodes.
      Class space:        1.00 GB reserved,       1.06 MB ( <1%) committed,  1 nodes.
             Both:        1.02 GB reserved,      10.12 MB ( <1%) committed. 

Chunk freelists:
   Non-Class:  2.22 MB
       Class:  2.95 MB
        Both:  5.17 MB

MaxMetaspaceSize: unlimited
CompressedClassSpaceSize: 1.00 GB
Initial GC threshold: 21.00 MB
Current GC threshold: 21.00 MB
CDS: off
MetaspaceReclaimPolicy: balanced
 - commit_granule_bytes: 65536.
 - commit_granule_words: 8192.
 - virtual_space_node_default_size: 1048576.
 - enlarge_chunks_in_place: 1.
 - new_chunks_are_fully_committed: 0.
 - uncommit_free_chunks: 1.
 - use_allocation_guard: 0.
 - handle_deallocations: 1.


Internal statistics:

num_allocs_failed_limit: 0.
num_arena_births: 16.
num_arena_deaths: 0.
num_vsnodes_births: 3.
num_vsnodes_deaths: 0.
num_space_committed: 162.
num_space_uncommitted: 0.
num_chunks_returned_to_freelist: 0.
num_chunks_taken_from_freelist: 81.
num_chunk_merges: 0.
num_chunk_splits: 54.
num_chunks_enlarged: 50.
num_purges: 0.
num_inconsistent_stats: 0.

CodeHeap 'non-profiled nmethods': size=120000Kb used=342Kb max_used=342Kb free=119657Kb
 bounds [0x000002314db30000, 0x000002314dda0000, 0x0000023155060000]
CodeHeap 'profiled nmethods': size=120000Kb used=1525Kb max_used=1525Kb free=118474Kb
 bounds [0x0000023146600000, 0x0000023146870000, 0x000002314db30000]
CodeHeap 'non-nmethods': size=5760Kb used=1132Kb max_used=1151Kb free=4627Kb
 bounds [0x0000023146060000, 0x00000231462d0000, 0x0000023146600000]
 total_blobs=1319 nmethods=898 adapters=337
 compilation: enabled
              stopped_count=0, restarted_count=0
 full_count=0

Compilation events (20 events):
Event: 10.721 Thread 0x0000023157219c60 nmethod 890 0x000002314db84f90 code [0x000002314db85120, 0x000002314db851f8]
Event: 10.721 Thread 0x0000023157219c60  891       3       java.util.ArrayList::clear (43 bytes)
Event: 10.722 Thread 0x0000023157219c60 nmethod 891 0x0000023146779910 code [0x0000023146779ac0, 0x0000023146779df8]
Event: 10.722 Thread 0x0000023157219c60  892       3       java.util.concurrent.ConcurrentHashMap::sumCount (60 bytes)
Event: 10.723 Thread 0x0000023157219c60 nmethod 892 0x0000023146779f10 code [0x000002314677a0c0, 0x000002314677a318]
Event: 10.744 Thread 0x0000023157219c60  893       3       sun.security.provider.DigestBase::implCompressMultiBlockCheck (67 bytes)
Event: 10.746 Thread 0x0000023157219c60 nmethod 893 0x000002314677a410 code [0x000002314677a600, 0x000002314677ab68]
Event: 10.746 Thread 0x0000023157219c60  894       1       sun.security.util.ManifestEntryVerifier::getEntry (5 bytes)
Event: 10.746 Thread 0x0000023157219c60 nmethod 894 0x000002314db85290 code [0x000002314db85420, 0x000002314db854f8]
Event: 10.751 Thread 0x0000023157219c60  895       1       java.security.CodeSigner::getSignerCertPath (5 bytes)
Event: 10.752 Thread 0x0000023157219c60 nmethod 895 0x000002314db85590 code [0x000002314db85720, 0x000002314db857f8]
Event: 10.755 Thread 0x0000023157219c60  896   !   3       java.lang.ClassLoader::loadClass (121 bytes)
Event: 10.757 Thread 0x0000023157219c60 nmethod 896 0x000002314677ad90 code [0x000002314677b040, 0x000002314677bce8]
Event: 10.777 Thread 0x00000231572191e0  897       4       java.util.concurrent.ConcurrentHashMap::spread (10 bytes)
Event: 10.779 Thread 0x00000231572191e0 nmethod 897 0x000002314db85890 code [0x000002314db85a00, 0x000002314db85a78]
Event: 10.791 Thread 0x0000023157219c60  898       3       sun.security.util.ManifestEntryVerifier::update (48 bytes)
Event: 10.793 Thread 0x0000023157219c60 nmethod 898 0x000002314677c390 code [0x000002314677c5a0, 0x000002314677cc58]
Event: 10.842 Thread 0x0000023157219c60  899       3       jdk.internal.access.SharedSecrets::javaUtilJarAccess (19 bytes)
Event: 10.845 Thread 0x0000023157219c60 nmethod 899 0x000002314677cf10 code [0x000002314677d100, 0x000002314677d4a8]
Event: 10.845 Thread 0x0000023157219c60  900   !   3       java.util.jar.JarFile::getManifestFromReference (197 bytes)

GC Heap History (0 events):
No events

Deoptimization events (20 events):
Event: 9.185 Thread 0x00000231433c7160 DEOPT PACKING pc=0x000002314db53ba8 sp=0x000000ad03efe2b0
Event: 9.185 Thread 0x00000231433c7160 DEOPT UNPACKING pc=0x00000231460b209d sp=0x000000ad03efe260 mode 2
Event: 9.235 Thread 0x00000231433c7160 Uncommon trap: trap_request=0xffffffc6 fr.pc=0x000002314db53ba8 relative=0x0000000000000288
Event: 9.235 Thread 0x00000231433c7160 Uncommon trap: reason=bimorphic_or_optimized_type_check action=maybe_recompile pc=0x000002314db53ba8 method=java.util.Collections$UnmodifiableCollection$1.next()Ljava/lang/Object; @ 4 c2
Event: 9.235 Thread 0x00000231433c7160 DEOPT PACKING pc=0x000002314db53ba8 sp=0x000000ad03efe2b0
Event: 9.235 Thread 0x00000231433c7160 DEOPT UNPACKING pc=0x00000231460b209d sp=0x000000ad03efe260 mode 2
Event: 10.123 Thread 0x00000231433c7160 DEOPT PACKING pc=0x000002314664c952 sp=0x000000ad03efcb40
Event: 10.123 Thread 0x00000231433c7160 DEOPT UNPACKING pc=0x00000231460b2824 sp=0x000000ad03efbfa0 mode 0
Event: 10.461 Thread 0x00000231433c7160 Uncommon trap: trap_request=0xffffff45 fr.pc=0x000002314db6a0b8 relative=0x0000000000000998
Event: 10.461 Thread 0x00000231433c7160 Uncommon trap: reason=unstable_if action=reinterpret pc=0x000002314db6a0b8 method=java.util.HashMap.hash(Ljava/lang/Object;)I @ 1 c2
Event: 10.461 Thread 0x00000231433c7160 DEOPT PACKING pc=0x000002314db6a0b8 sp=0x000000ad03efe110
Event: 10.461 Thread 0x00000231433c7160 DEOPT UNPACKING pc=0x00000231460b209d sp=0x000000ad03efe080 mode 2
Event: 10.463 Thread 0x00000231433c7160 Uncommon trap: trap_request=0xffffff45 fr.pc=0x000002314db7c2e4 relative=0x0000000000000244
Event: 10.464 Thread 0x00000231433c7160 Uncommon trap: reason=unstable_if action=reinterpret pc=0x000002314db7c2e4 method=java.util.HashMap.hash(Ljava/lang/Object;)I @ 1 c2
Event: 10.464 Thread 0x00000231433c7160 DEOPT PACKING pc=0x000002314db7c2e4 sp=0x000000ad03efe040
Event: 10.466 Thread 0x00000231433c7160 DEOPT UNPACKING pc=0x00000231460b209d sp=0x000000ad03efded8 mode 2
Event: 10.467 Thread 0x00000231433c7160 Uncommon trap: trap_request=0xffffff45 fr.pc=0x000002314db6c848 relative=0x0000000000000288
Event: 10.467 Thread 0x00000231433c7160 Uncommon trap: reason=unstable_if action=reinterpret pc=0x000002314db6c848 method=java.util.HashMap.hash(Ljava/lang/Object;)I @ 1 c2
Event: 10.467 Thread 0x00000231433c7160 DEOPT PACKING pc=0x000002314db6c848 sp=0x000000ad03efe0d0
Event: 10.467 Thread 0x00000231433c7160 DEOPT UNPACKING pc=0x00000231460b209d sp=0x000000ad03efdfe8 mode 2

Classes unloaded (0 events):
No events

Classes redefined (0 events):
No events

Internal exceptions (15 events):
Event: 1.085 Thread 0x00000231433c7160 Exception <a 'java/lang/NoSuchMethodError'{0x00000000eacb2230}: 'void java.lang.invoke.DirectMethodHandle$Holder.invokeStatic(java.lang.Object, java.lang.Object, java.lang.Object)'> (0x00000000eacb2230) 
thrown [s\src\hotspot\share\interpreter\linkResolver.cpp, line 759]
Event: 2.087 Thread 0x00000231433c7160 Exception <a 'java/lang/reflect/InvocationTargetException'{0x00000000eaf78e10}> (0x00000000eaf78e10) 
thrown [s\src\hotspot\share\runtime\reflection.cpp, line 1121]
Event: 5.091 Thread 0x00000231433c7160 Exception <a 'java/lang/ClassNotFoundException'{0x00000000eb70a370}: sun/net/www/protocol/c/Handler> (0x00000000eb70a370) 
thrown [s\src\hotspot\share\classfile\systemDictionary.cpp, line 256]
Event: 5.178 Thread 0x00000231433c7160 Exception <a 'java/io/FileNotFoundException'{0x00000000eb71d600}> (0x00000000eb71d600) 
thrown [s\src\hotspot\share\prims\jni.cpp, line 516]
Event: 5.183 Thread 0x00000231433c7160 Exception <a 'java/io/FileNotFoundException'{0x00000000eb71e360}> (0x00000000eb71e360) 
thrown [s\src\hotspot\share\prims\jni.cpp, line 516]
Event: 5.188 Thread 0x00000231433c7160 Exception <a 'java/io/FileNotFoundException'{0x00000000eb71f0a0}> (0x00000000eb71f0a0) 
thrown [s\src\hotspot\share\prims\jni.cpp, line 516]
Event: 5.193 Thread 0x00000231433c7160 Exception <a 'java/io/FileNotFoundException'{0x00000000eb71fdd0}> (0x00000000eb71fdd0) 
thrown [s\src\hotspot\share\prims\jni.cpp, line 516]
Event: 5.244 Thread 0x00000231433c7160 Exception <a 'java/io/FileNotFoundException'{0x00000000eb75fe00}> (0x00000000eb75fe00) 
thrown [s\src\hotspot\share\prims\jni.cpp, line 516]
Event: 8.987 Thread 0x00000231433c7160 Exception <a 'java/lang/ClassNotFoundException'{0x00000000ebf55350}: sun/net/www/protocol/c/Handler> (0x00000000ebf55350) 
thrown [s\src\hotspot\share\classfile\systemDictionary.cpp, line 256]
Event: 8.991 Thread 0x00000231433c7160 Exception <a 'java/lang/ClassNotFoundException'{0x00000000ebf56728}: sun/net/www/protocol/c/Handler> (0x00000000ebf56728) 
thrown [s\src\hotspot\share\classfile\systemDictionary.cpp, line 256]
Event: 9.000 Thread 0x00000231433c7160 Exception <a 'java/lang/ClassNotFoundException'{0x00000000ebf57998}: sun/net/www/protocol/c/Handler> (0x00000000ebf57998) 
thrown [s\src\hotspot\share\classfile\systemDictionary.cpp, line 256]
Event: 9.172 Thread 0x00000231433c7160 Exception <a 'java/io/FileNotFoundException'{0x00000000ebf76898}> (0x00000000ebf76898) 
thrown [s\src\hotspot\share\prims\jni.cpp, line 516]
Event: 10.461 Thread 0x00000231433c7160 Implicit null exception at 0x000002314db6975b to 0x000002314db6a0a0
Event: 10.463 Thread 0x00000231433c7160 Implicit null exception at 0x000002314db7c0ec to 0x000002314db7c2cc
Event: 10.467 Thread 0x00000231433c7160 Implicit null exception at 0x000002314db6c60c to 0x000002314db6c82c

VM Operations (20 events):
Event: 3.741 Executing VM operation: Cleanup
Event: 3.742 Executing VM operation: Cleanup done
Event: 4.427 Executing VM operation: HandshakeAllThreads
Event: 4.427 Executing VM operation: HandshakeAllThreads done
Event: 4.917 Executing VM operation: HandshakeAllThreads
Event: 4.917 Executing VM operation: HandshakeAllThreads done
Event: 4.917 Executing VM operation: Cleanup
Event: 4.919 Executing VM operation: Cleanup done
Event: 5.924 Executing VM operation: Cleanup
Event: 5.942 Executing VM operation: Cleanup done
Event: 6.948 Executing VM operation: Cleanup
Event: 6.948 Executing VM operation: Cleanup done
Event: 7.956 Executing VM operation: Cleanup
Event: 7.973 Executing VM operation: Cleanup done
Event: 8.576 Executing VM operation: HandshakeAllThreads
Event: 8.576 Executing VM operation: HandshakeAllThreads done
Event: 9.581 Executing VM operation: Cleanup
Event: 9.641 Executing VM operation: Cleanup done
Event: 10.644 Executing VM operation: Cleanup
Event: 10.669 Executing VM operation: Cleanup done

Events (20 events):
Event: 10.128 loading class java/util/concurrent/locks/ReadWriteLock done
Event: 10.128 loading class java/util/concurrent/locks/ReentrantReadWriteLock done
Event: 10.128 loading class java/util/concurrent/locks/ReentrantReadWriteLock$NonfairSync
Event: 10.128 loading class java/util/concurrent/locks/ReentrantReadWriteLock$Sync
Event: 10.135 loading class java/util/concurrent/locks/ReentrantReadWriteLock$Sync done
Event: 10.144 loading class java/util/concurrent/locks/ReentrantReadWriteLock$NonfairSync done
Event: 10.149 loading class java/util/concurrent/locks/ReentrantReadWriteLock$Sync$ThreadLocalHoldCounter
Event: 10.154 loading class java/util/concurrent/locks/ReentrantReadWriteLock$Sync$ThreadLocalHoldCounter done
Event: 10.156 loading class java/util/concurrent/locks/ReentrantReadWriteLock$ReadLock
Event: 10.157 loading class java/util/concurrent/locks/ReentrantReadWriteLock$ReadLock done
Event: 10.157 loading class java/util/concurrent/locks/ReentrantReadWriteLock$WriteLock
Event: 10.158 loading class java/util/concurrent/locks/ReentrantReadWriteLock$WriteLock done
Event: 10.474 loading class java/net/URLClassLoader$3
Event: 10.475 loading class java/net/URLClassLoader$3 done
Event: 10.475 loading class java/net/URLClassLoader$3$1
Event: 10.495 loading class java/net/URLClassLoader$3$1 done
Event: 10.503 loading class jdk/internal/loader/URLClassPath$FileLoader
Event: 10.509 loading class jdk/internal/loader/URLClassPath$FileLoader done
Event: 10.719 loading class java/lang/NoSuchFieldError
Event: 10.720 loading class java/lang/NoSuchFieldError done


Dynamic libraries:
0x00007ff6afa40000 - 0x00007ff6afa4e000 	c:\Users\POSITIVO\.vscode\extensions\redhat.java-1.10.0-win32-x64\jre\17.0.4-win32-x86_64\bin\java.exe
0x00007ffd93690000 - 0x00007ffd93888000 	C:\Windows\SYSTEM32\ntdll.dll
0x00007ffd71450000 - 0x00007ffd71467000 	C:\Program Files\Avast Software\Avast\aswhook.dll
0x00007ffd92d90000 - 0x00007ffd92e4d000 	C:\Windows\System32\KERNEL32.DLL
0x00007ffd91130000 - 0x00007ffd913fe000 	C:\Windows\System32\KERNELBASE.dll
0x00007ffd90db0000 - 0x00007ffd90eb0000 	C:\Windows\System32\ucrtbase.dll
0x00007ffd8bcb0000 - 0x00007ffd8bcc8000 	c:\Users\POSITIVO\.vscode\extensions\redhat.java-1.10.0-win32-x64\jre\17.0.4-win32-x86_64\bin\jli.dll
0x00007ffd91c90000 - 0x00007ffd91e30000 	C:\Windows\System32\USER32.dll
0x00007ffd8bbf0000 - 0x00007ffd8bc09000 	c:\Users\POSITIVO\.vscode\extensions\redhat.java-1.10.0-win32-x64\jre\17.0.4-win32-x86_64\bin\VCRUNTIME140.dll
0x00007ffd90eb0000 - 0x00007ffd90ed2000 	C:\Windows\System32\win32u.dll
0x00007ffd92a10000 - 0x00007ffd92a3a000 	C:\Windows\System32\GDI32.dll
0x00007ffd7b500000 - 0x00007ffd7b79a000 	C:\Windows\WinSxS\amd64_microsoft.windows.common-controls_6595b64144ccf1df_6.0.19041.1110_none_60b5254171f9507e\COMCTL32.dll
0x00007ffd92e50000 - 0x00007ffd92eee000 	C:\Windows\System32\msvcrt.dll
0x00007ffd91020000 - 0x00007ffd9112b000 	C:\Windows\System32\gdi32full.dll
0x00007ffd914a0000 - 0x00007ffd9153d000 	C:\Windows\System32\msvcp_win.dll
0x00007ffd93090000 - 0x00007ffd930c0000 	C:\Windows\System32\IMM32.DLL
0x00007ffd8c030000 - 0x00007ffd8c03c000 	c:\Users\POSITIVO\.vscode\extensions\redhat.java-1.10.0-win32-x64\jre\17.0.4-win32-x86_64\bin\vcruntime140_1.dll
0x00007ffd7c160000 - 0x00007ffd7c1f1000 	c:\Users\POSITIVO\.vscode\extensions\redhat.java-1.10.0-win32-x64\jre\17.0.4-win32-x86_64\bin\msvcp140.dll
0x00007ffd43b70000 - 0x00007ffd447b6000 	c:\Users\POSITIVO\.vscode\extensions\redhat.java-1.10.0-win32-x64\jre\17.0.4-win32-x86_64\bin\server\jvm.dll
0x00007ffd93540000 - 0x00007ffd935ee000 	C:\Windows\System32\ADVAPI32.dll
0x00007ffd92070000 - 0x00007ffd9210c000 	C:\Windows\System32\sechost.dll
0x00007ffd92f00000 - 0x00007ffd93025000 	C:\Windows\System32\RPCRT4.dll
0x00007ffd92ef0000 - 0x00007ffd92ef8000 	C:\Windows\System32\PSAPI.DLL
0x00007ffd83b40000 - 0x00007ffd83b49000 	C:\Windows\SYSTEM32\WSOCK32.dll
0x00007ffd92b10000 - 0x00007ffd92b7b000 	C:\Windows\System32\WS2_32.dll
0x00007ffd82fc0000 - 0x00007ffd82fe7000 	C:\Windows\SYSTEM32\WINMM.dll
0x00007ffd85f90000 - 0x00007ffd85f9a000 	C:\Windows\SYSTEM32\VERSION.dll
0x00007ffd8ec80000 - 0x00007ffd8ec92000 	C:\Windows\SYSTEM32\kernel.appcore.dll
0x00007ffd8bc70000 - 0x00007ffd8bc7a000 	c:\Users\POSITIVO\.vscode\extensions\redhat.java-1.10.0-win32-x64\jre\17.0.4-win32-x86_64\bin\jimage.dll
0x00007ffd858f0000 - 0x00007ffd85ad4000 	C:\Windows\SYSTEM32\DBGHELP.DLL
0x00007ffd858c0000 - 0x00007ffd858ec000 	C:\Windows\SYSTEM32\dbgcore.DLL
0x00007ffd90f90000 - 0x00007ffd91012000 	C:\Windows\System32\bcryptPrimitives.dll
0x00007ffd8a700000 - 0x00007ffd8a70e000 	c:\Users\POSITIVO\.vscode\extensions\redhat.java-1.10.0-win32-x64\jre\17.0.4-win32-x86_64\bin\instrument.dll
0x00007ffd8a6d0000 - 0x00007ffd8a6f5000 	c:\Users\POSITIVO\.vscode\extensions\redhat.java-1.10.0-win32-x64\jre\17.0.4-win32-x86_64\bin\java.dll
0x00007ffd8a600000 - 0x00007ffd8a618000 	c:\Users\POSITIVO\.vscode\extensions\redhat.java-1.10.0-win32-x64\jre\17.0.4-win32-x86_64\bin\zip.dll
0x00007ffd922c0000 - 0x00007ffd92a03000 	C:\Windows\System32\SHELL32.dll
0x00007ffd8eea0000 - 0x00007ffd8f635000 	C:\Windows\SYSTEM32\windows.storage.dll
0x00007ffd930c0000 - 0x00007ffd93414000 	C:\Windows\System32\combase.dll
0x00007ffd90740000 - 0x00007ffd90770000 	C:\Windows\SYSTEM32\Wldp.dll
0x00007ffd92a60000 - 0x00007ffd92b0d000 	C:\Windows\System32\SHCORE.dll
0x00007ffd93030000 - 0x00007ffd93085000 	C:\Windows\System32\shlwapi.dll
0x00007ffd90cf0000 - 0x00007ffd90d0f000 	C:\Windows\SYSTEM32\profapi.dll
0x00007ffd8a0f0000 - 0x00007ffd8a109000 	C:\Users\POSITIVO\.vscode\extensions\redhat.java-1.10.0-win32-x64\jre\17.0.4-win32-x86_64\bin\net.dll
0x00007ffd8b320000 - 0x00007ffd8b42a000 	C:\Windows\SYSTEM32\WINHTTP.dll
0x00007ffd904a0000 - 0x00007ffd9050a000 	C:\Windows\system32\mswsock.dll
0x00007ffd8a070000 - 0x00007ffd8a085000 	C:\Users\POSITIVO\.vscode\extensions\redhat.java-1.10.0-win32-x64\jre\17.0.4-win32-x86_64\bin\nio.dll
0x00007ffd8a6c0000 - 0x00007ffd8a6d0000 	c:\Users\POSITIVO\.vscode\extensions\redhat.java-1.10.0-win32-x64\jre\17.0.4-win32-x86_64\bin\verify.dll

dbghelp: loaded successfully - version: 4.0.5 - missing functions: none
symbol engine: initialized successfully - sym options: 0x614 - pdb path: .;c:\Users\POSITIVO\.vscode\extensions\redhat.java-1.10.0-win32-x64\jre\17.0.4-win32-x86_64\bin;C:\Windows\SYSTEM32;C:\Program Files\Avast Software\Avast;C:\Windows\WinSxS\amd64_microsoft.windows.common-controls_6595b64144ccf1df_6.0.19041.1110_none_60b5254171f9507e;c:\Users\POSITIVO\.vscode\extensions\redhat.java-1.10.0-win32-x64\jre\17.0.4-win32-x86_64\bin\server

VM Arguments:
jvm_args: --add-modules=ALL-SYSTEM --add-opens=java.base/java.util=ALL-UNNAMED --add-opens=java.base/java.lang=ALL-UNNAMED --add-opens=java.base/sun.nio.fs=ALL-UNNAMED -Declipse.application=org.eclipse.jdt.ls.core.id1 -Dosgi.bundles.defaultStartLevel=4 -Declipse.product=org.eclipse.jdt.ls.core.product -Djava.import.generatesMetadataFilesAtProjectRoot=false -Dfile.encoding=utf8 -DwatchParentProcess=false -XX:+UseParallelGC -XX:GCTimeRatio=4 -XX:AdaptiveSizePolicyWeight=90 -Dsun.zip.disableMemoryMapping=true -Xmx1G -Xms100m -Xlog:jni+resolve=off -javaagent:c:\Users\POSITIVO\.vscode\extensions\redhat.java-1.10.0-win32-x64\lombok\lombok-1.18.24.jar 
java_command: c:\Users\POSITIVO\.vscode\extensions\redhat.java-1.10.0-win32-x64\server\plugins\org.eclipse.equinox.launcher_1.6.400.v20210924-0641.jar -configuration c:\Users\POSITIVO\AppData\Roaming\Code\User\globalStorage\redhat.java\1.10.0\config_ss_win -data c:\Users\POSITIVO\AppData\Roaming\Code\User\workspaceStorage\8ec930336ebd1d15844ebf1d7341b1a9\redhat.java\ss_ws
java_class_path (initial): c:\Users\POSITIVO\.vscode\extensions\redhat.java-1.10.0-win32-x64\server\plugins\org.eclipse.equinox.launcher_1.6.400.v20210924-0641.jar
Launcher Type: SUN_STANDARD

[Global flags]
    uintx AdaptiveSizePolicyWeight                 = 90                                        {product} {command line}
     intx CICompilerCount                          = 3                                         {product} {ergonomic}
    uintx GCTimeRatio                              = 4                                         {product} {command line}
   size_t InitialHeapSize                          = 104857600                                 {product} {command line}
   size_t MaxHeapSize                              = 1073741824                                {product} {command line}
   size_t MaxNewSize                               = 357564416                                 {product} {ergonomic}
   size_t MinHeapDeltaBytes                        = 524288                                    {product} {ergonomic}
   size_t MinHeapSize                              = 104857600                                 {product} {command line}
   size_t NewSize                                  = 34603008                                  {product} {ergonomic}
    uintx NonNMethodCodeHeapSize                   = 5832780                                {pd product} {ergonomic}
    uintx NonProfiledCodeHeapSize                  = 122912730                              {pd product} {ergonomic}
   size_t OldSize                                  = 70254592                                  {product} {ergonomic}
    uintx ProfiledCodeHeapSize                     = 122912730                              {pd product} {ergonomic}
    uintx ReservedCodeCacheSize                    = 251658240                              {pd product} {ergonomic}
     bool SegmentedCodeCache                       = true                                      {product} {ergonomic}
   size_t SoftMaxHeapSize                          = 1073741824                             {manageable} {ergonomic}
     bool UseCompressedClassPointers               = true                           {product lp64_product} {ergonomic}
     bool UseCompressedOops                        = true                           {product lp64_product} {ergonomic}
     bool UseLargePagesIndividualAllocation        = false                                  {pd product} {ergonomic}
     bool UseParallelGC                            = true                                      {product} {command line}

Logging:
Log output configuration:
 #0: stdout all=warning,jni+resolve=off uptime,level,tags
 #1: stderr all=off uptime,level,tags

Environment Variables:
PATH=C:\Program Files\Common Files\Oracle\Java\javapath;C:\Program Files (x86)\Common Files\Oracle\Java\javapath;C:\Windows\system32;C:\Windows;C:\Windows\System32\Wbem;C:\Windows\System32\WindowsPowerShell\v1.0\;C:\Windows\System32\OpenSSH\;C:\Program Files\Git\cmd;C:\Users\POSITIVO\AppData\Local\Programs\Python\Python310\Scripts\;C:\Users\POSITIVO\AppData\Local\Programs\Python\Python310\;C:\Users\POSITIVO\AppData\Local\Microsoft\WindowsApps;C:\Users\POSITIVO\AppData\Local\JetBrains\Toolbox\scripts;C:\Users\POSITIVO\AppData\Local\Programs\Microsoft VS Code\bin
USERNAME=POSITIVO
OS=Windows_NT
PROCESSOR_IDENTIFIER=Intel64 Family 6 Model 76 Stepping 4, GenuineIntel
TMP=C:\Users\POSITIVO\AppData\Local\Temp
TEMP=C:\Users\POSITIVO\AppData\Local\Temp



---------------  S Y S T E M  ---------------

OS:
 Windows 10 , 64 bit Build 19041 (10.0.19041.1889)
OS uptime: 0 days 0:44 hours

CPU: total 4 (initial active 4) (4 cores per cpu, 1 threads per core) family 6 model 76 stepping 4 microcode 0x411, cx8, cmov, fxsr, mmx, 3dnowpref, sse, sse2, sse3, ssse3, sse4.1, sse4.2, popcnt, tsc, tscinvbit, aes, erms, clmul, clflush

Memory: 4k page, system-wide physical 1848M (360M free)
TotalPageFile size 3167M (AvailPageFile size 0M)
current process WorkingSet (physical memory assigned to process): 43M, peak: 51M
current process commit charge ("private bytes"): 181M, peak: 183M

vm_info: OpenJDK 64-Bit Server VM (17.0.4+8) for windows-amd64 JRE (17.0.4+8), built on Jul 19 2022 16:05:16 by "temurin" with MS VC++ 16.7 (VS2019)

END.
