#
# There is insufficient memory for the Java Runtime Environment to continue.
# Native memory allocation (malloc) failed to allocate 33488 bytes for Chunk::new
# Possible reasons:
#   The system is out of physical RAM or swap space
#   The process is running with CompressedOops enabled, and the Java Heap may be blocking the growth of the native heap
# Possible solutions:
#   Reduce memory load on the system
#   Increase physical memory or swap space
#   Check if swap backing store is full
#   Decrease Java heap size (-Xmx/-Xms)
#   Decrease number of Java threads
#   Decrease Java thread stack sizes (-Xss)
#   Set larger code cache with -XX:ReservedCodeCacheSize=
#   JVM is running with Unscaled Compressed Oops mode in which the Java heap is
#     placed in the first 4GB address space. The Java Heap base address is the
#     maximum limit for the native heap growth. Please use -XX:HeapBaseMinAddress
#     to set the Java Heap base and to place the Java Heap above 4GB virtual address.
# This output file may be truncated or incomplete.
#
#  Out of Memory Error (arena.cpp:189), pid=6792, tid=8344
#
# JRE version: OpenJDK Runtime Environment Temurin-17.0.4+8 (17.0.4+8) (build 17.0.4+8)
# Java VM: OpenJDK 64-Bit Server VM Temurin-17.0.4+8 (17.0.4+8, mixed mode, tiered, compressed oops, compressed class ptrs, parallel gc, windows-amd64)
# No core dump will be written. Minidumps are not enabled by default on client versions of Windows
#

---------------  S U M M A R Y ------------

Command Line: --add-modules=ALL-SYSTEM --add-opens=java.base/java.util=ALL-UNNAMED --add-opens=java.base/java.lang=ALL-UNNAMED --add-opens=java.base/sun.nio.fs=ALL-UNNAMED -Declipse.application=org.eclipse.jdt.ls.core.id1 -Dosgi.bundles.defaultStartLevel=4 -Declipse.product=org.eclipse.jdt.ls.core.product -Djava.import.generatesMetadataFilesAtProjectRoot=false -Dfile.encoding=utf8 -DwatchParentProcess=false -XX:+UseParallelGC -XX:GCTimeRatio=4 -XX:AdaptiveSizePolicyWeight=90 -Dsun.zip.disableMemoryMapping=true -Xmx1G -Xms100m -Xlog:jni+resolve=off -javaagent:c:\Users\POSITIVO\.vscode\extensions\redhat.java-1.10.0-win32-x64\lombok\lombok-1.18.24.jar -XX:+HeapDumpOnOutOfMemoryError -XX:HeapDumpPath=c:\Users\POSITIVO\AppData\Roaming\Code\User\workspaceStorage\8ec930336ebd1d15844ebf1d7341b1a9\redhat.java c:\Users\POSITIVO\.vscode\extensions\redhat.java-1.10.0-win32-x64\server\plugins\org.eclipse.equinox.launcher_1.6.400.v20210924-0641.jar -configuration c:\Users\POSITIVO\AppData\Roaming\Code\User\globalStorage\redhat.java\1.10.0\config_win -data c:\Users\POSITIVO\AppData\Roaming\Code\User\workspaceStorage\8ec930336ebd1d15844ebf1d7341b1a9\redhat.java\jdt_ws

Host: Intel(R) Atom(TM) x5-Z8350  CPU @ 1.44GHz, 4 cores, 1G,  Windows 10 , 64 bit Build 19041 (10.0.19041.1889)
Time: Thu Oct  6 14:24:02 2022 Hora oficial do Brasil elapsed time: 86.045715 seconds (0d 0h 1m 26s)

---------------  T H R E A D  ---------------

Current thread (0x00000275ffd87720):  JavaThread "C2 CompilerThread0" daemon [_thread_in_native, id=8344, stack(0x0000009242500000,0x0000009242600000)]


Current CompileTask:
C2:  86046 4250   !   4       org.eclipse.osgi.internal.loader.classpath.ClasspathManager::defineClass (636 bytes)

Stack: [0x0000009242500000,0x0000009242600000]
Native frames: (J=compiled Java code, j=interpreted, Vv=VM code, C=native code)
V  [jvm.dll+0x67733a]
V  [jvm.dll+0x8323c4]
V  [jvm.dll+0x833b6e]
V  [jvm.dll+0x8341d3]
V  [jvm.dll+0x2455e5]
V  [jvm.dll+0xabd7b]
V  [jvm.dll+0xac30c]
V  [jvm.dll+0x2ac6d5]
V  [jvm.dll+0x57dd57]
V  [jvm.dll+0x220702]
V  [jvm.dll+0x219eb9]
V  [jvm.dll+0x2177eb]
V  [jvm.dll+0x1a3f8d]
V  [jvm.dll+0x227308]
V  [jvm.dll+0x225455]
V  [jvm.dll+0x7e7eeb]
V  [jvm.dll+0x7e245a]
V  [jvm.dll+0x6761c5]
C  [ucrtbase.dll+0x21bb2]
C  [KERNEL32.DLL+0x17034]
C  [ntdll.dll+0x526a1]


---------------  P R O C E S S  ---------------

Threads class SMR info:
_java_thread_list=0x0000027598c82320, length=25, elements={
0x00000275ffaf7a70, 0x00000275ffd52900, 0x00000275ffd54590, 0x00000275ffd82c40,
0x00000275ffd837f0, 0x00000275ffd841a0, 0x00000275ffd86a80, 0x00000275ffd87720,
0x0000027596928970, 0x00000275ffdc9ca0, 0x00000275ffbb5d70, 0x0000027596b3a460,
0x0000027596dd1ab0, 0x0000027598000b00, 0x000002759714d2b0, 0x0000027597035040,
0x0000027598058f00, 0x0000027596abb6c0, 0x0000027597062790, 0x0000027597060f80,
0x0000027597061920, 0x0000027597063600, 0x0000027597060110, 0x00000275970622c0,
0x0000027597063ad0
}

Java Threads: ( => current thread )
  0x00000275ffaf7a70 JavaThread "main" [_thread_blocked, id=8400, stack(0x0000009241c00000,0x0000009241d00000)]
  0x00000275ffd52900 JavaThread "Reference Handler" daemon [_thread_blocked, id=7264, stack(0x0000009241f00000,0x0000009242000000)]
  0x00000275ffd54590 JavaThread "Finalizer" daemon [_thread_blocked, id=7044, stack(0x0000009242000000,0x0000009242100000)]
  0x00000275ffd82c40 JavaThread "Signal Dispatcher" daemon [_thread_blocked, id=8440, stack(0x0000009242100000,0x0000009242200000)]
  0x00000275ffd837f0 JavaThread "Attach Listener" daemon [_thread_blocked, id=8444, stack(0x0000009242200000,0x0000009242300000)]
  0x00000275ffd841a0 JavaThread "Service Thread" daemon [_thread_blocked, id=8456, stack(0x0000009242300000,0x0000009242400000)]
  0x00000275ffd86a80 JavaThread "Monitor Deflation Thread" daemon [_thread_blocked, id=8416, stack(0x0000009242400000,0x0000009242500000)]
=>0x00000275ffd87720 JavaThread "C2 CompilerThread0" daemon [_thread_in_native, id=8344, stack(0x0000009242500000,0x0000009242600000)]
  0x0000027596928970 JavaThread "C1 CompilerThread0" daemon [_thread_blocked, id=4820, stack(0x0000009242600000,0x0000009242700000)]
  0x00000275ffdc9ca0 JavaThread "Sweeper thread" daemon [_thread_blocked, id=7336, stack(0x0000009242700000,0x0000009242800000)]
  0x00000275ffbb5d70 JavaThread "Common-Cleaner" daemon [_thread_blocked, id=8364, stack(0x0000009242800000,0x0000009242900000)]
  0x0000027596b3a460 JavaThread "Notification Thread" daemon [_thread_blocked, id=9156, stack(0x0000009242900000,0x0000009242a00000)]
  0x0000027596dd1ab0 JavaThread "Active Thread: Equinox Container: a08c195b-57b3-4aaf-890e-390e37e57386" [_thread_blocked, id=7564, stack(0x0000009242e00000,0x0000009242f00000)]
  0x0000027598000b00 JavaThread "Framework Event Dispatcher: Equinox Container: a08c195b-57b3-4aaf-890e-390e37e57386" daemon [_thread_blocked, id=5180, stack(0x0000009242f00000,0x0000009243000000)]
  0x000002759714d2b0 JavaThread "Start Level: Equinox Container: a08c195b-57b3-4aaf-890e-390e37e57386" daemon [_thread_in_vm, id=4932, stack(0x0000009243000000,0x0000009243100000)]
  0x0000027597035040 JavaThread "SCR Component Actor" daemon [_thread_blocked, id=1996, stack(0x0000009243100000,0x0000009243200000)]
  0x0000027598058f00 JavaThread "Bundle File Closer" daemon [_thread_blocked, id=7828, stack(0x0000009243300000,0x0000009243400000)]
  0x0000027596abb6c0 JavaThread "Worker-JM" [_thread_blocked, id=6616, stack(0x0000009243400000,0x0000009243500000)]
  0x0000027597062790 JavaThread "Worker-0: Repository registry initialization" [_thread_in_native, id=1736, stack(0x0000009243200000,0x0000009243300000)]
  0x0000027597060f80 JavaThread "Worker-1" [_thread_blocked, id=5424, stack(0x0000009243600000,0x0000009243700000)]
  0x0000027597061920 JavaThread "Worker-2: Updating Maven Dependencies" [_thread_blocked, id=7212, stack(0x0000009243700000,0x0000009243800000)]
  0x0000027597063600 JavaThread "Worker-3" [_thread_blocked, id=7268, stack(0x0000009243800000,0x0000009243900000)]
  0x0000027597060110 JavaThread "Worker-4" [_thread_blocked, id=8652, stack(0x0000009243900000,0x0000009243a00000)]
  0x00000275970622c0 JavaThread "Worker-5" [_thread_blocked, id=9120, stack(0x0000009243a00000,0x0000009243b00000)]
  0x0000027597063ad0 JavaThread "Java indexing" daemon [_thread_blocked, id=4092, stack(0x0000009243500000,0x0000009243600000)]

Other Threads:
  0x00000275ffd3dbf0 VMThread "VM Thread" [stack: 0x0000009241e00000,0x0000009241f00000] [id=8404]
  0x0000027596bb8aa0 WatcherThread [stack: 0x0000009242a00000,0x0000009242b00000] [id=9068]
  0x00000275ffb069e0 GCTaskThread "GC Thread#0" [stack: 0x0000009241d00000,0x0000009241e00000] [id=8380]
  0x00000275973ceb40 GCTaskThread "GC Thread#1" [stack: 0x0000009242b00000,0x0000009242c00000] [id=5960]
  0x0000027596def3f0 GCTaskThread "GC Thread#2" [stack: 0x0000009242c00000,0x0000009242d00000] [id=7916]
  0x00000275973d1230 GCTaskThread "GC Thread#3" [stack: 0x0000009242d00000,0x0000009242e00000] [id=1280]

Threads with active compile tasks:
C2 CompilerThread0    86297 4250   !   4       org.eclipse.osgi.internal.loader.classpath.ClasspathManager::defineClass (636 bytes)

VM state: not at safepoint (normal execution)

VM Mutex/Monitor currently owned by a thread: None

Heap address: 0x00000000c0000000, size: 1024 MB, Compressed Oops mode: 32-bit

CDS archive(s) not mapped
Compressed class space mapped at: 0x0000000100000000-0x0000000140000000, reserved size: 1073741824
Narrow klass base: 0x0000000000000000, Narrow klass shift: 3, Narrow klass range: 0x140000000

GC Precious Log:
 CPUs: 4 total, 4 available
 Memory: 1848M
 Large Page Support: Disabled
 NUMA Support: Disabled
 Compressed Oops: Enabled (32-bit)
 Alignments: Space 512K, Generation 512K, Heap 2M
 Heap Min Capacity: 100M
 Heap Initial Capacity: 100M
 Heap Max Capacity: 1G
 Pre-touch: Disabled
 Parallel Workers: 4

Heap:
 PSYoungGen      total 24064K, used 14833K [0x00000000eab00000, 0x00000000ec700000, 0x0000000100000000)
  eden space 22016K, 58% used [0x00000000eab00000,0x00000000eb7ac4d0,0x00000000ec080000)
  from space 2048K, 90% used [0x00000000ec500000,0x00000000ec6d0000,0x00000000ec700000)
  to   space 2560K, 0% used [0x00000000ec200000,0x00000000ec200000,0x00000000ec480000)
 ParOldGen       total 68608K, used 16320K [0x00000000c0000000, 0x00000000c4300000, 0x00000000eab00000)
  object space 68608K, 23% used [0x00000000c0000000,0x00000000c0ff0360,0x00000000c4300000)
 Metaspace       used 40792K, committed 41472K, reserved 1089536K
  class space    used 4282K, committed 4608K, reserved 1048576K

Card table byte_map: [0x00000275ff4b0000,0x00000275ff6c0000] _byte_map_base: 0x00000275feeb0000

Marking Bits: (ParMarkBitMap*) 0x00007ffd43552cd0
 Begin Bits: [0x0000027592fd0000, 0x0000027593fd0000)
 End Bits:   [0x0000027593fd0000, 0x0000027594fd0000)

Polling page: 0x00000275fed80000

Metaspace:

Usage:
  Non-class:     35.65 MB used.
      Class:      4.18 MB used.
       Both:     39.84 MB used.

Virtual space:
  Non-class space:       40.00 MB reserved,      36.00 MB ( 90%) committed,  5 nodes.
      Class space:        1.00 GB reserved,       4.50 MB ( <1%) committed,  1 nodes.
             Both:        1.04 GB reserved,      40.50 MB (  4%) committed. 

Chunk freelists:
   Non-Class:  3.12 MB
       Class:  3.47 MB
        Both:  6.60 MB

MaxMetaspaceSize: unlimited
CompressedClassSpaceSize: 1.00 GB
Initial GC threshold: 21.00 MB
Current GC threshold: 58.38 MB
CDS: off
MetaspaceReclaimPolicy: balanced
 - commit_granule_bytes: 65536.
 - commit_granule_words: 8192.
 - virtual_space_node_default_size: 1048576.
 - enlarge_chunks_in_place: 1.
 - new_chunks_are_fully_committed: 0.
 - uncommit_free_chunks: 1.
 - use_allocation_guard: 0.
 - handle_deallocations: 1.


Internal statistics:

num_allocs_failed_limit: 6.
num_arena_births: 284.
num_arena_deaths: 14.
num_vsnodes_births: 6.
num_vsnodes_deaths: 0.
num_space_committed: 648.
num_space_uncommitted: 0.
num_chunks_returned_to_freelist: 20.
num_chunks_taken_from_freelist: 1732.
num_chunk_merges: 10.
num_chunk_splits: 1062.
num_chunks_enlarged: 610.
num_purges: 2.
num_inconsistent_stats: 0.

CodeHeap 'non-profiled nmethods': size=120000Kb used=2086Kb max_used=2086Kb free=117913Kb
 bounds [0x000002758baa0000, 0x000002758bd10000, 0x0000027592fd0000]
CodeHeap 'profiled nmethods': size=120000Kb used=8785Kb max_used=8785Kb free=111215Kb
 bounds [0x0000027584570000, 0x0000027584e10000, 0x000002758baa0000]
CodeHeap 'non-nmethods': size=5760Kb used=1262Kb max_used=1307Kb free=4497Kb
 bounds [0x0000027583fd0000, 0x0000027584240000, 0x0000027584570000]
 total_blobs=4788 nmethods=4204 adapters=499
 compilation: enabled
              stopped_count=0, restarted_count=0
 full_count=0

Compilation events (20 events):
Event: 83.866 Thread 0x0000027596928970 4245       1       org.eclipse.core.internal.jobs.InternalJob::getJobGroup (5 bytes)
Event: 83.867 Thread 0x0000027596928970 nmethod 4245 0x000002758bc9ab10 code [0x000002758bc9aca0, 0x000002758bc9ad78]
Event: 83.872 Thread 0x0000027596928970 4246       1       org.eclipse.core.internal.dtree.AbstractDataTreeNode::getName (5 bytes)
Event: 83.873 Thread 0x0000027596928970 nmethod 4246 0x000002758bc9ae10 code [0x000002758bc9afa0, 0x000002758bc9b078]
Event: 83.875 Thread 0x0000027596928970 4247       3       org.eclipse.core.internal.dtree.DataTreeNode::<init> (12 bytes)
Event: 83.877 Thread 0x0000027596928970 nmethod 4247 0x0000027584dfcb10 code [0x0000027584dfccc0, 0x0000027584dfcf98]
Event: 83.877 Thread 0x0000027596928970 4248       1       org.eclipse.core.internal.resources.ResourceInfo::getNodeId (5 bytes)
Event: 83.878 Thread 0x0000027596928970 nmethod 4248 0x000002758bc9b110 code [0x000002758bc9b2a0, 0x000002758bc9b378]
Event: 83.913 Thread 0x0000027596928970 4249       3       com.google.common.collect.UnmodifiableIterator::<init> (5 bytes)
Event: 83.914 Thread 0x0000027596928970 nmethod 4249 0x0000027584dfd110 code [0x0000027584dfd2a0, 0x0000027584dfd3f8]
Event: 83.980 Thread 0x0000027596928970 4251       3       jdk.internal.org.objectweb.asm.MethodWriter::putFrame (549 bytes)
Event: 83.988 Thread 0x0000027596928970 nmethod 4251 0x0000027584dfd490 code [0x0000027584dfd900, 0x0000027584dff438]
Event: 84.029 Thread 0x0000027596928970 4252       3       jdk.internal.org.objectweb.asm.SymbolTable::addConstant (330 bytes)
Event: 84.040 Thread 0x0000027596928970 nmethod 4252 0x0000027584e00090 code [0x0000027584e00600, 0x0000027584e03658]
Event: 84.675 Thread 0x0000027596928970 4253       3       org.eclipse.core.internal.jobs.OrderedLock::isConflicting (9 bytes)
Event: 84.676 Thread 0x0000027596928970 nmethod 4253 0x0000027584e04090 code [0x0000027584e04220, 0x0000027584e04398]
Event: 84.676 Thread 0x0000027596928970 4254       1       org.eclipse.core.internal.jobs.InternalJob::next (5 bytes)
Event: 84.677 Thread 0x0000027596928970 nmethod 4254 0x000002758bc9b410 code [0x000002758bc9b5a0, 0x000002758bc9b678]
Event: 85.447 Thread 0x00000275ffd87720 nmethod 4224 0x000002758bc9b710 code [0x000002758bc9be00, 0x000002758bca37b0]
Event: 85.453 Thread 0x00000275ffd87720 4250   !   4       org.eclipse.osgi.internal.loader.classpath.ClasspathManager::defineClass (636 bytes)

GC Heap History (20 events):
Event: 29.613 GC heap before
{Heap before GC invocations=5 (full 1):
 PSYoungGen      total 29696K, used 4077K [0x00000000eab00000, 0x00000000ecc00000, 0x0000000100000000)
  eden space 25600K, 0% used [0x00000000eab00000,0x00000000eab00000,0x00000000ec400000)
  from space 4096K, 99% used [0x00000000ec800000,0x00000000ecbfb568,0x00000000ecc00000)
  to   space 4096K, 0% used [0x00000000ec400000,0x00000000ec400000,0x00000000ec800000)
 ParOldGen       total 68608K, used 6532K [0x00000000c0000000, 0x00000000c4300000, 0x00000000eab00000)
  object space 68608K, 9% used [0x00000000c0000000,0x00000000c06613b8,0x00000000c4300000)
 Metaspace       used 21115K, committed 21504K, reserved 1073152K
  class space    used 2125K, committed 2304K, reserved 1048576K
}
Event: 29.767 GC heap after
{Heap after GC invocations=5 (full 1):
 PSYoungGen      total 29696K, used 0K [0x00000000eab00000, 0x00000000ecc00000, 0x0000000100000000)
  eden space 25600K, 0% used [0x00000000eab00000,0x00000000eab00000,0x00000000ec400000)
  from space 4096K, 0% used [0x00000000ec800000,0x00000000ec800000,0x00000000ecc00000)
  to   space 4096K, 0% used [0x00000000ec400000,0x00000000ec400000,0x00000000ec800000)
 ParOldGen       total 68608K, used 10377K [0x00000000c0000000, 0x00000000c4300000, 0x00000000eab00000)
  object space 68608K, 15% used [0x00000000c0000000,0x00000000c0a226c8,0x00000000c4300000)
 Metaspace       used 21102K, committed 21504K, reserved 1073152K
  class space    used 2121K, committed 2304K, reserved 1048576K
}
Event: 42.456 GC heap before
{Heap before GC invocations=6 (full 1):
 PSYoungGen      total 29696K, used 25600K [0x00000000eab00000, 0x00000000ecc00000, 0x0000000100000000)
  eden space 25600K, 100% used [0x00000000eab00000,0x00000000ec400000,0x00000000ec400000)
  from space 4096K, 0% used [0x00000000ec800000,0x00000000ec800000,0x00000000ecc00000)
  to   space 4096K, 0% used [0x00000000ec400000,0x00000000ec400000,0x00000000ec800000)
 ParOldGen       total 68608K, used 10377K [0x00000000c0000000, 0x00000000c4300000, 0x00000000eab00000)
  object space 68608K, 15% used [0x00000000c0000000,0x00000000c0a226c8,0x00000000c4300000)
 Metaspace       used 24549K, committed 24960K, reserved 1073152K
  class space    used 2520K, committed 2688K, reserved 1048576K
}
Event: 42.471 GC heap after
{Heap after GC invocations=6 (full 1):
 PSYoungGen      total 26624K, used 1396K [0x00000000eab00000, 0x00000000ec980000, 0x0000000100000000)
  eden space 25088K, 0% used [0x00000000eab00000,0x00000000eab00000,0x00000000ec380000)
  from space 1536K, 90% used [0x00000000ec400000,0x00000000ec55d198,0x00000000ec580000)
  to   space 3072K, 0% used [0x00000000ec680000,0x00000000ec680000,0x00000000ec980000)
 ParOldGen       total 68608K, used 10385K [0x00000000c0000000, 0x00000000c4300000, 0x00000000eab00000)
  object space 68608K, 15% used [0x00000000c0000000,0x00000000c0a246c8,0x00000000c4300000)
 Metaspace       used 24549K, committed 24960K, reserved 1073152K
  class space    used 2520K, committed 2688K, reserved 1048576K
}
Event: 46.559 GC heap before
{Heap before GC invocations=7 (full 1):
 PSYoungGen      total 26624K, used 26484K [0x00000000eab00000, 0x00000000ec980000, 0x0000000100000000)
  eden space 25088K, 100% used [0x00000000eab00000,0x00000000ec380000,0x00000000ec380000)
  from space 1536K, 90% used [0x00000000ec400000,0x00000000ec55d198,0x00000000ec580000)
  to   space 3072K, 0% used [0x00000000ec680000,0x00000000ec680000,0x00000000ec980000)
 ParOldGen       total 68608K, used 10385K [0x00000000c0000000, 0x00000000c4300000, 0x00000000eab00000)
  object space 68608K, 15% used [0x00000000c0000000,0x00000000c0a246c8,0x00000000c4300000)
 Metaspace       used 27814K, committed 28416K, reserved 1081344K
  class space    used 2799K, committed 3072K, reserved 1048576K
}
Event: 46.570 GC heap after
{Heap after GC invocations=7 (full 1):
 PSYoungGen      total 26624K, used 1813K [0x00000000eab00000, 0x00000000ec880000, 0x0000000100000000)
  eden space 24576K, 0% used [0x00000000eab00000,0x00000000eab00000,0x00000000ec300000)
  from space 2048K, 88% used [0x00000000ec680000,0x00000000ec845420,0x00000000ec880000)
  to   space 2048K, 0% used [0x00000000ec480000,0x00000000ec480000,0x00000000ec680000)
 ParOldGen       total 68608K, used 10385K [0x00000000c0000000, 0x00000000c4300000, 0x00000000eab00000)
  object space 68608K, 15% used [0x00000000c0000000,0x00000000c0a246c8,0x00000000c4300000)
 Metaspace       used 27814K, committed 28416K, reserved 1081344K
  class space    used 2799K, committed 3072K, reserved 1048576K
}
Event: 53.449 GC heap before
{Heap before GC invocations=8 (full 1):
 PSYoungGen      total 26624K, used 26389K [0x00000000eab00000, 0x00000000ec880000, 0x0000000100000000)
  eden space 24576K, 100% used [0x00000000eab00000,0x00000000ec300000,0x00000000ec300000)
  from space 2048K, 88% used [0x00000000ec680000,0x00000000ec845420,0x00000000ec880000)
  to   space 2048K, 0% used [0x00000000ec480000,0x00000000ec480000,0x00000000ec680000)
 ParOldGen       total 68608K, used 10385K [0x00000000c0000000, 0x00000000c4300000, 0x00000000eab00000)
  object space 68608K, 15% used [0x00000000c0000000,0x00000000c0a246c8,0x00000000c4300000)
 Metaspace       used 31334K, committed 31872K, reserved 1081344K
  class space    used 3150K, committed 3392K, reserved 1048576K
}
Event: 53.465 GC heap after
{Heap after GC invocations=8 (full 1):
 PSYoungGen      total 26112K, used 2043K [0x00000000eab00000, 0x00000000ec780000, 0x0000000100000000)
  eden space 24064K, 0% used [0x00000000eab00000,0x00000000eab00000,0x00000000ec280000)
  from space 2048K, 99% used [0x00000000ec480000,0x00000000ec67ee78,0x00000000ec680000)
  to   space 1024K, 0% used [0x00000000ec680000,0x00000000ec680000,0x00000000ec780000)
 ParOldGen       total 68608K, used 10643K [0x00000000c0000000, 0x00000000c4300000, 0x00000000eab00000)
  object space 68608K, 15% used [0x00000000c0000000,0x00000000c0a64c88,0x00000000c4300000)
 Metaspace       used 31334K, committed 31872K, reserved 1081344K
  class space    used 3150K, committed 3392K, reserved 1048576K
}
Event: 60.852 GC heap before
{Heap before GC invocations=9 (full 1):
 PSYoungGen      total 26112K, used 26107K [0x00000000eab00000, 0x00000000ec780000, 0x0000000100000000)
  eden space 24064K, 100% used [0x00000000eab00000,0x00000000ec280000,0x00000000ec280000)
  from space 2048K, 99% used [0x00000000ec480000,0x00000000ec67ee78,0x00000000ec680000)
  to   space 1024K, 0% used [0x00000000ec680000,0x00000000ec680000,0x00000000ec780000)
 ParOldGen       total 68608K, used 10643K [0x00000000c0000000, 0x00000000c4300000, 0x00000000eab00000)
  object space 68608K, 15% used [0x00000000c0000000,0x00000000c0a64c88,0x00000000c4300000)
 Metaspace       used 33138K, committed 33728K, reserved 1081344K
  class space    used 3364K, committed 3584K, reserved 1048576K
}
Event: 61.062 GC heap after
{Heap after GC invocations=9 (full 1):
 PSYoungGen      total 24576K, used 1014K [0x00000000eab00000, 0x00000000ec900000, 0x0000000100000000)
  eden space 23552K, 0% used [0x00000000eab00000,0x00000000eab00000,0x00000000ec200000)
  from space 1024K, 99% used [0x00000000ec680000,0x00000000ec77d928,0x00000000ec780000)
  to   space 3584K, 0% used [0x00000000ec200000,0x00000000ec200000,0x00000000ec580000)
 ParOldGen       total 68608K, used 12570K [0x00000000c0000000, 0x00000000c4300000, 0x00000000eab00000)
  object space 68608K, 18% used [0x00000000c0000000,0x00000000c0c46a08,0x00000000c4300000)
 Metaspace       used 33138K, committed 33728K, reserved 1081344K
  class space    used 3364K, committed 3584K, reserved 1048576K
}
Event: 65.906 GC heap before
{Heap before GC invocations=10 (full 1):
 PSYoungGen      total 24576K, used 16240K [0x00000000eab00000, 0x00000000ec900000, 0x0000000100000000)
  eden space 23552K, 64% used [0x00000000eab00000,0x00000000eb9de878,0x00000000ec200000)
  from space 1024K, 99% used [0x00000000ec680000,0x00000000ec77d928,0x00000000ec780000)
  to   space 3584K, 0% used [0x00000000ec200000,0x00000000ec200000,0x00000000ec580000)
 ParOldGen       total 68608K, used 12570K [0x00000000c0000000, 0x00000000c4300000, 0x00000000eab00000)
  object space 68608K, 18% used [0x00000000c0000000,0x00000000c0c46a08,0x00000000c4300000)
 Metaspace       used 35267K, committed 35840K, reserved 1089536K
  class space    used 3606K, committed 3840K, reserved 1048576K
}
Event: 65.917 GC heap after
{Heap after GC invocations=10 (full 1):
 PSYoungGen      total 25088K, used 1495K [0x00000000eab00000, 0x00000000ec700000, 0x0000000100000000)
  eden space 23552K, 0% used [0x00000000eab00000,0x00000000eab00000,0x00000000ec200000)
  from space 1536K, 97% used [0x00000000ec200000,0x00000000ec375d98,0x00000000ec380000)
  to   space 2048K, 0% used [0x00000000ec500000,0x00000000ec500000,0x00000000ec700000)
 ParOldGen       total 68608K, used 12866K [0x00000000c0000000, 0x00000000c4300000, 0x00000000eab00000)
  object space 68608K, 18% used [0x00000000c0000000,0x00000000c0c90a08,0x00000000c4300000)
 Metaspace       used 35267K, committed 35840K, reserved 1089536K
  class space    used 3606K, committed 3840K, reserved 1048576K
}
Event: 65.917 GC heap before
{Heap before GC invocations=11 (full 2):
 PSYoungGen      total 25088K, used 1495K [0x00000000eab00000, 0x00000000ec700000, 0x0000000100000000)
  eden space 23552K, 0% used [0x00000000eab00000,0x00000000eab00000,0x00000000ec200000)
  from space 1536K, 97% used [0x00000000ec200000,0x00000000ec375d98,0x00000000ec380000)
  to   space 2048K, 0% used [0x00000000ec500000,0x00000000ec500000,0x00000000ec700000)
 ParOldGen       total 68608K, used 12866K [0x00000000c0000000, 0x00000000c4300000, 0x00000000eab00000)
  object space 68608K, 18% used [0x00000000c0000000,0x00000000c0c90a08,0x00000000c4300000)
 Metaspace       used 35267K, committed 35840K, reserved 1089536K
  class space    used 3606K, committed 3840K, reserved 1048576K
}
Event: 66.090 GC heap after
{Heap after GC invocations=11 (full 2):
 PSYoungGen      total 25088K, used 0K [0x00000000eab00000, 0x00000000ec700000, 0x0000000100000000)
  eden space 23552K, 0% used [0x00000000eab00000,0x00000000eab00000,0x00000000ec200000)
  from space 1536K, 0% used [0x00000000ec200000,0x00000000ec200000,0x00000000ec380000)
  to   space 2048K, 0% used [0x00000000ec500000,0x00000000ec500000,0x00000000ec700000)
 ParOldGen       total 68608K, used 12757K [0x00000000c0000000, 0x00000000c4300000, 0x00000000eab00000)
  object space 68608K, 18% used [0x00000000c0000000,0x00000000c0c75538,0x00000000c4300000)
 Metaspace       used 35267K, committed 35840K, reserved 1089536K
  class space    used 3606K, committed 3840K, reserved 1048576K
}
Event: 71.805 GC heap before
{Heap before GC invocations=12 (full 2):
 PSYoungGen      total 25088K, used 23542K [0x00000000eab00000, 0x00000000ec700000, 0x0000000100000000)
  eden space 23552K, 99% used [0x00000000eab00000,0x00000000ec1fd870,0x00000000ec200000)
  from space 1536K, 0% used [0x00000000ec200000,0x00000000ec200000,0x00000000ec380000)
  to   space 2048K, 0% used [0x00000000ec500000,0x00000000ec500000,0x00000000ec700000)
 ParOldGen       total 68608K, used 12757K [0x00000000c0000000, 0x00000000c4300000, 0x00000000eab00000)
  object space 68608K, 18% used [0x00000000c0000000,0x00000000c0c75538,0x00000000c4300000)
 Metaspace       used 38314K, committed 38848K, reserved 1089536K
  class space    used 3971K, committed 4160K, reserved 1048576K
}
Event: 71.811 GC heap after
{Heap after GC invocations=12 (full 2):
 PSYoungGen      total 25088K, used 1600K [0x00000000eab00000, 0x00000000ec700000, 0x0000000100000000)
  eden space 23040K, 0% used [0x00000000eab00000,0x00000000eab00000,0x00000000ec180000)
  from space 2048K, 78% used [0x00000000ec500000,0x00000000ec690010,0x00000000ec700000)
  to   space 2048K, 0% used [0x00000000ec300000,0x00000000ec300000,0x00000000ec500000)
 ParOldGen       total 68608K, used 12765K [0x00000000c0000000, 0x00000000c4300000, 0x00000000eab00000)
  object space 68608K, 18% used [0x00000000c0000000,0x00000000c0c77538,0x00000000c4300000)
 Metaspace       used 38314K, committed 38848K, reserved 1089536K
  class space    used 3971K, committed 4160K, reserved 1048576K
}
Event: 75.143 GC heap before
{Heap before GC invocations=13 (full 2):
 PSYoungGen      total 25088K, used 24640K [0x00000000eab00000, 0x00000000ec700000, 0x0000000100000000)
  eden space 23040K, 100% used [0x00000000eab00000,0x00000000ec180000,0x00000000ec180000)
  from space 2048K, 78% used [0x00000000ec500000,0x00000000ec690010,0x00000000ec700000)
  to   space 2048K, 0% used [0x00000000ec300000,0x00000000ec300000,0x00000000ec500000)
 ParOldGen       total 68608K, used 12765K [0x00000000c0000000, 0x00000000c4300000, 0x00000000eab00000)
  object space 68608K, 18% used [0x00000000c0000000,0x00000000c0c77538,0x00000000c4300000)
 Metaspace       used 39055K, committed 39616K, reserved 1089536K
  class space    used 4070K, committed 4288K, reserved 1048576K
}
Event: 75.171 GC heap after
{Heap after GC invocations=13 (full 2):
 PSYoungGen      total 24576K, used 2016K [0x00000000eab00000, 0x00000000ec900000, 0x0000000100000000)
  eden space 22528K, 0% used [0x00000000eab00000,0x00000000eab00000,0x00000000ec100000)
  from space 2048K, 98% used [0x00000000ec300000,0x00000000ec4f8010,0x00000000ec500000)
  to   space 4096K, 0% used [0x00000000ec500000,0x00000000ec500000,0x00000000ec900000)
 ParOldGen       total 68608K, used 14321K [0x00000000c0000000, 0x00000000c4300000, 0x00000000eab00000)
  object space 68608K, 20% used [0x00000000c0000000,0x00000000c0dfc780,0x00000000c4300000)
 Metaspace       used 39055K, committed 39616K, reserved 1089536K
  class space    used 4070K, committed 4288K, reserved 1048576K
}
Event: 79.583 GC heap before
{Heap before GC invocations=14 (full 2):
 PSYoungGen      total 24576K, used 24544K [0x00000000eab00000, 0x00000000ec900000, 0x0000000100000000)
  eden space 22528K, 100% used [0x00000000eab00000,0x00000000ec100000,0x00000000ec100000)
  from space 2048K, 98% used [0x00000000ec300000,0x00000000ec4f8010,0x00000000ec500000)
  to   space 4096K, 0% used [0x00000000ec500000,0x00000000ec500000,0x00000000ec900000)
 ParOldGen       total 68608K, used 14321K [0x00000000c0000000, 0x00000000c4300000, 0x00000000eab00000)
  object space 68608K, 20% used [0x00000000c0000000,0x00000000c0dfc780,0x00000000c4300000)
 Metaspace       used 40036K, committed 40768K, reserved 1089536K
  class space    used 4182K, committed 4480K, reserved 1048576K
}
Event: 79.926 GC heap after
{Heap after GC invocations=14 (full 2):
 PSYoungGen      total 24064K, used 1856K [0x00000000eab00000, 0x00000000ec700000, 0x0000000100000000)
  eden space 22016K, 0% used [0x00000000eab00000,0x00000000eab00000,0x00000000ec080000)
  from space 2048K, 90% used [0x00000000ec500000,0x00000000ec6d0000,0x00000000ec700000)
  to   space 2560K, 0% used [0x00000000ec200000,0x00000000ec200000,0x00000000ec480000)
 ParOldGen       total 68608K, used 16320K [0x00000000c0000000, 0x00000000c4300000, 0x00000000eab00000)
  object space 68608K, 23% used [0x00000000c0000000,0x00000000c0ff0360,0x00000000c4300000)
 Metaspace       used 40036K, committed 40768K, reserved 1089536K
  class space    used 4182K, committed 4480K, reserved 1048576K
}

Deoptimization events (20 events):
Event: 78.508 Thread 0x0000027597060f80 Uncommon trap: trap_request=0xffffffbe fr.pc=0x000002758bc83820 relative=0x00000000000026e0
Event: 78.508 Thread 0x0000027597060f80 Uncommon trap: reason=profile_predicate action=maybe_recompile pc=0x000002758bc83820 method=org.eclipse.jdt.internal.core.util.HashtableOfArrayToObject.get([Ljava/lang/Object;)Ljava/lang/Object; @ 64 c2
Event: 78.508 Thread 0x0000027597060f80 DEOPT PACKING pc=0x000002758bc83820 sp=0x00000092436fd620
Event: 78.508 Thread 0x0000027597060f80 DEOPT UNPACKING pc=0x000002758402209d sp=0x00000092436fd560 mode 2
Event: 78.515 Thread 0x0000027597060f80 Uncommon trap: trap_request=0xffffffbe fr.pc=0x000002758bc83820 relative=0x00000000000026e0
Event: 78.515 Thread 0x0000027597060f80 Uncommon trap: reason=profile_predicate action=maybe_recompile pc=0x000002758bc83820 method=org.eclipse.jdt.internal.core.util.HashtableOfArrayToObject.get([Ljava/lang/Object;)Ljava/lang/Object; @ 64 c2
Event: 78.516 Thread 0x0000027597060f80 DEOPT PACKING pc=0x000002758bc83820 sp=0x00000092436fd620
Event: 78.516 Thread 0x0000027597060f80 DEOPT UNPACKING pc=0x000002758402209d sp=0x00000092436fd560 mode 2
Event: 78.533 Thread 0x0000027597060f80 Uncommon trap: trap_request=0xffffffbe fr.pc=0x000002758bc83820 relative=0x00000000000026e0
Event: 78.533 Thread 0x0000027597060f80 Uncommon trap: reason=profile_predicate action=maybe_recompile pc=0x000002758bc83820 method=org.eclipse.jdt.internal.core.util.HashtableOfArrayToObject.get([Ljava/lang/Object;)Ljava/lang/Object; @ 64 c2
Event: 78.534 Thread 0x0000027597060f80 DEOPT PACKING pc=0x000002758bc83820 sp=0x00000092436fd620
Event: 78.534 Thread 0x0000027597060f80 DEOPT UNPACKING pc=0x000002758402209d sp=0x00000092436fd560 mode 2
Event: 79.963 Thread 0x000002759714d2b0 Uncommon trap: trap_request=0xffffff45 fr.pc=0x000002758bbcc554 relative=0x00000000000009f4
Event: 79.963 Thread 0x000002759714d2b0 Uncommon trap: reason=unstable_if action=reinterpret pc=0x000002758bbcc554 method=jdk.internal.org.objectweb.asm.SymbolTable.put(Ljdk/internal/org/objectweb/asm/SymbolTable$Entry;)Ljdk/internal/org/objectweb/asm/SymbolTable$Entry; @ 13 c2
Event: 79.963 Thread 0x000002759714d2b0 DEOPT PACKING pc=0x000002758bbcc554 sp=0x00000092430fbdb0
Event: 79.963 Thread 0x000002759714d2b0 DEOPT UNPACKING pc=0x000002758402209d sp=0x00000092430fbcf8 mode 2
Event: 81.476 Thread 0x000002759714d2b0 Uncommon trap: trap_request=0xffffff76 fr.pc=0x000002758bc404a8 relative=0x0000000000000668
Event: 81.476 Thread 0x000002759714d2b0 Uncommon trap: reason=predicate action=maybe_recompile pc=0x000002758bc404a8 method=java.util.TreeMap.getEntryUsingComparator(Ljava/lang/Object;)Ljava/util/TreeMap$Entry; @ 19 c2
Event: 81.476 Thread 0x000002759714d2b0 DEOPT PACKING pc=0x000002758bc404a8 sp=0x00000092430fcad0
Event: 81.476 Thread 0x000002759714d2b0 DEOPT UNPACKING pc=0x000002758402209d sp=0x00000092430fca00 mode 2

Classes unloaded (7 events):
Event: 29.631 Thread 0x00000275ffd3dbf0 Unloading class 0x0000000100214800 'java/lang/invoke/LambdaForm$MH+0x0000000100214800'
Event: 29.631 Thread 0x00000275ffd3dbf0 Unloading class 0x0000000100214400 'java/lang/invoke/LambdaForm$MH+0x0000000100214400'
Event: 29.631 Thread 0x00000275ffd3dbf0 Unloading class 0x0000000100214000 'java/lang/invoke/LambdaForm$MH+0x0000000100214000'
Event: 29.631 Thread 0x00000275ffd3dbf0 Unloading class 0x0000000100213c00 'java/lang/invoke/LambdaForm$MH+0x0000000100213c00'
Event: 29.631 Thread 0x00000275ffd3dbf0 Unloading class 0x0000000100213400 'java/lang/invoke/LambdaForm$BMH+0x0000000100213400'
Event: 29.631 Thread 0x00000275ffd3dbf0 Unloading class 0x0000000100213000 'java/lang/invoke/LambdaForm$DMH+0x0000000100213000'
Event: 29.631 Thread 0x00000275ffd3dbf0 Unloading class 0x0000000100210400 'java/lang/invoke/LambdaForm$DMH+0x0000000100210400'

Classes redefined (0 events):
No events

Internal exceptions (20 events):
Event: 52.531 Thread 0x0000027597062790 Exception <a 'java/lang/NoClassDefFoundError'{0x00000000ec0351f8}: javax/enterprise/inject/Typed> (0x00000000ec0351f8) 
thrown [s\src\hotspot\share\classfile\systemDictionary.cpp, line 245]
Event: 56.093 Thread 0x000002759714d2b0 Exception <a 'java/lang/ClassNotFoundException'{0x00000000eb8eb928}: com/sun/org/apache/xerces/internal/impl/msg/spi/DOMMessagesProvider> (0x00000000eb8eb928) 
thrown [s\src\hotspot\share\classfile\systemDictionary.cpp, line 256]
Event: 56.231 Thread 0x000002759714d2b0 Exception <a 'java/lang/ClassNotFoundException'{0x00000000ebba4c28}: com/sun/org/apache/xerces/internal/impl/msg/spi/XMLSerializerMessagesProvider> (0x00000000ebba4c28) 
thrown [s\src\hotspot\share\classfile\systemDictionary.cpp, line 256]
Event: 56.519 Thread 0x000002759714d2b0 Exception <a 'java/lang/ClassNotFoundException'{0x00000000ebbbcf20}: com/sun/org/apache/xerces/internal/impl/msg/spi/XMLMessagesProvider> (0x00000000ebbbcf20) 
thrown [s\src\hotspot\share\classfile\systemDictionary.cpp, line 256]
Event: 57.969 Thread 0x000002759714d2b0 Exception <a 'sun/nio/fs/WindowsException'{0x00000000ec127270}> (0x00000000ec127270) 
thrown [s\src\hotspot\share\prims\jni.cpp, line 516]
Event: 63.884 Thread 0x000002759714d2b0 Exception <a 'java/lang/NoSuchMethodError'{0x00000000eb0f4d70}: 'java.lang.Object java.lang.invoke.DirectMethodHandle$Holder.invokeStaticInit(java.lang.Object, int, int, int, int)'> (0x00000000eb0f4d70) 
thrown [s\src\hotspot\share\interpreter\linkResolver.cpp, line 759]
Event: 65.716 Thread 0x0000027597060f80 Exception <a 'java/lang/NoSuchMethodError'{0x00000000eb963020}: 'java.lang.Object java.lang.invoke.Invokers$Holder.invoke_MT(java.lang.Object, java.lang.Object, java.lang.Object)'> (0x00000000eb963020) 
thrown [s\src\hotspot\share\interpreter\linkResolver.cpp, line 759]
Event: 67.081 Thread 0x000002759714d2b0 Exception <a 'java/lang/NoSuchMethodError'{0x00000000eab1e928}: 'java.lang.Object java.lang.invoke.DirectMethodHandle$Holder.invokeStaticInit(java.lang.Object, java.lang.Object, int, int, int, int)'> (0x00000000eab1e928) 
thrown [s\src\hotspot\share\interpreter\linkResolver.cpp, line 759]
Event: 69.474 Thread 0x000002759714d2b0 Exception <a 'java/lang/ClassNotFoundException'{0x00000000eb796178}: com/sun/org/apache/xml/internal/serializer/spi/XMLEntitiesProvider> (0x00000000eb796178) 
thrown [s\src\hotspot\share\classfile\systemDictionary.cpp, line 256]
Event: 72.712 Thread 0x0000027597060f80 Exception <a 'java/io/FileNotFoundException'{0x00000000eb8ce250}> (0x00000000eb8ce250) 
thrown [s\src\hotspot\share\prims\jni.cpp, line 516]
Event: 72.869 Thread 0x0000027597060f80 Exception <a 'java/io/FileNotFoundException'{0x00000000eb8cfb50}> (0x00000000eb8cfb50) 
thrown [s\src\hotspot\share\prims\jni.cpp, line 516]
Event: 72.907 Thread 0x0000027597060f80 Exception <a 'java/lang/NoSuchMethodError'{0x00000000eb932ed8}: 'void java.lang.invoke.DirectMethodHandle$Holder.invokeStaticInit(java.lang.Object, java.lang.Object, java.lang.Object)'> (0x00000000eb932ed8) 
thrown [s\src\hotspot\share\interpreter\linkResolver.cpp, line 759]
Event: 74.143 Thread 0x000002759714d2b0 Exception <a 'java/io/FileNotFoundException'{0x00000000ebc0dae8}> (0x00000000ebc0dae8) 
thrown [s\src\hotspot\share\prims\jni.cpp, line 516]
Event: 80.721 Thread 0x000002759714d2b0 Exception <a 'java/lang/UnsatisfiedLinkError'{0x00000000eb210a28}: Não foi possível encontrar o procedimento especificado.
> (0x00000000eb210a28) 
thrown [s\src\hotspot\share\prims\jni.cpp, line 535]
Event: 81.455 Thread 0x000002759714d2b0 Exception <a 'java/io/FileNotFoundException'{0x00000000eb271fa8}> (0x00000000eb271fa8) 
thrown [s\src\hotspot\share\prims\jni.cpp, line 516]
Event: 82.381 Thread 0x0000027597060f80 Exception <a 'java/io/FileNotFoundException'{0x00000000eb44b550}> (0x00000000eb44b550) 
thrown [s\src\hotspot\share\prims\jni.cpp, line 516]
Event: 83.131 Thread 0x0000027597060f80 Exception <a 'java/io/FileNotFoundException'{0x00000000eb536518}> (0x00000000eb536518) 
thrown [s\src\hotspot\share\prims\jni.cpp, line 516]
Event: 83.132 Thread 0x0000027597060f80 Exception <a 'java/io/FileNotFoundException'{0x00000000eb537828}> (0x00000000eb537828) 
thrown [s\src\hotspot\share\prims\jni.cpp, line 516]
Event: 83.163 Thread 0x000002759714d2b0 Exception <a 'java/io/FileNotFoundException'{0x00000000eb5d3fe0}> (0x00000000eb5d3fe0) 
thrown [s\src\hotspot\share\prims\jni.cpp, line 516]
Event: 85.140 Thread 0x000002759714d2b0 Exception <a 'java/lang/UnsatisfiedLinkError'{0x00000000eb7235b8}: Não foi possível encontrar o procedimento especificado.
> (0x00000000eb7235b8) 
thrown [s\src\hotspot\share\prims\jni.cpp, line 535]

VM Operations (20 events):
Event: 75.143 Executing VM operation: ParallelGCFailedAllocation
Event: 75.193 Executing VM operation: ParallelGCFailedAllocation done
Event: 76.201 Executing VM operation: Cleanup
Event: 76.424 Executing VM operation: Cleanup done
Event: 77.433 Executing VM operation: Cleanup
Event: 77.460 Executing VM operation: Cleanup done
Event: 78.463 Executing VM operation: Cleanup
Event: 78.496 Executing VM operation: Cleanup done
Event: 78.802 Executing VM operation: HandshakeAllThreads
Event: 78.815 Executing VM operation: HandshakeAllThreads done
Event: 78.923 Executing VM operation: HandshakeAllThreads
Event: 78.923 Executing VM operation: HandshakeAllThreads done
Event: 79.304 Executing VM operation: ParallelGCFailedAllocation
Event: 79.948 Executing VM operation: ParallelGCFailedAllocation done
Event: 81.958 Executing VM operation: Cleanup
Event: 82.391 Executing VM operation: Cleanup done
Event: 83.398 Executing VM operation: Cleanup
Event: 83.711 Executing VM operation: Cleanup done
Event: 85.713 Executing VM operation: Cleanup
Event: 85.762 Executing VM operation: Cleanup done

Events (20 events):
Event: 81.580 loading class sun/nio/cs/ThreadLocalCoders$Cache done
Event: 81.580 loading class sun/nio/cs/ThreadLocalCoders$1 done
Event: 82.375 loading class sun/nio/cs/ThreadLocalCoders$2
Event: 82.375 loading class sun/nio/cs/ThreadLocalCoders$2 done
Event: 82.397 loading class javax/crypto/IllegalBlockSizeException
Event: 82.442 loading class javax/crypto/IllegalBlockSizeException done
Event: 82.982 loading class java/security/spec/InvalidParameterSpecException
Event: 82.987 loading class java/util/WeakHashMap$KeyIterator
Event: 82.988 loading class java/util/WeakHashMap$KeyIterator done
Event: 83.043 loading class java/security/spec/InvalidParameterSpecException done
Event: 83.044 loading class java/security/InvalidAlgorithmParameterException
Event: 83.106 loading class java/security/InvalidAlgorithmParameterException done
Event: 83.106 loading class java/security/spec/InvalidKeySpecException
Event: 83.107 loading class java/security/spec/InvalidKeySpecException done
Event: 83.107 loading class javax/crypto/NoSuchPaddingException
Event: 83.108 loading class javax/crypto/NoSuchPaddingException done
Event: 83.132 loading class javax/crypto/spec/PBEKeySpec
Event: 83.159 loading class javax/crypto/spec/PBEKeySpec done
Event: 84.908 loading class jdk/internal/reflect/UnsafeBooleanFieldAccessorImpl
Event: 84.916 loading class jdk/internal/reflect/UnsafeBooleanFieldAccessorImpl done


Dynamic libraries:
0x00007ff786830000 - 0x00007ff78683e000 	c:\Users\POSITIVO\.vscode\extensions\redhat.java-1.10.0-win32-x64\jre\17.0.4-win32-x86_64\bin\java.exe
0x00007ffd93690000 - 0x00007ffd93888000 	C:\Windows\SYSTEM32\ntdll.dll
0x00007ffd71450000 - 0x00007ffd71467000 	C:\Program Files\Avast Software\Avast\aswhook.dll
0x00007ffd92d90000 - 0x00007ffd92e4d000 	C:\Windows\System32\KERNEL32.DLL
0x00007ffd91130000 - 0x00007ffd913fe000 	C:\Windows\System32\KERNELBASE.dll
0x00007ffd90db0000 - 0x00007ffd90eb0000 	C:\Windows\System32\ucrtbase.dll
0x00007ffd89c80000 - 0x00007ffd89c98000 	c:\Users\POSITIVO\.vscode\extensions\redhat.java-1.10.0-win32-x64\jre\17.0.4-win32-x86_64\bin\jli.dll
0x00007ffd91c90000 - 0x00007ffd91e30000 	C:\Windows\System32\USER32.dll
0x00007ffd89ab0000 - 0x00007ffd89ac9000 	c:\Users\POSITIVO\.vscode\extensions\redhat.java-1.10.0-win32-x64\jre\17.0.4-win32-x86_64\bin\VCRUNTIME140.dll
0x00007ffd90eb0000 - 0x00007ffd90ed2000 	C:\Windows\System32\win32u.dll
0x00007ffd7b500000 - 0x00007ffd7b79a000 	C:\Windows\WinSxS\amd64_microsoft.windows.common-controls_6595b64144ccf1df_6.0.19041.1110_none_60b5254171f9507e\COMCTL32.dll
0x00007ffd92e50000 - 0x00007ffd92eee000 	C:\Windows\System32\msvcrt.dll
0x00007ffd92a10000 - 0x00007ffd92a3a000 	C:\Windows\System32\GDI32.dll
0x00007ffd91020000 - 0x00007ffd9112b000 	C:\Windows\System32\gdi32full.dll
0x00007ffd914a0000 - 0x00007ffd9153d000 	C:\Windows\System32\msvcp_win.dll
0x00007ffd93090000 - 0x00007ffd930c0000 	C:\Windows\System32\IMM32.DLL
0x00007ffd8c030000 - 0x00007ffd8c03c000 	c:\Users\POSITIVO\.vscode\extensions\redhat.java-1.10.0-win32-x64\jre\17.0.4-win32-x86_64\bin\vcruntime140_1.dll
0x00007ffd539a0000 - 0x00007ffd53a31000 	c:\Users\POSITIVO\.vscode\extensions\redhat.java-1.10.0-win32-x64\jre\17.0.4-win32-x86_64\bin\msvcp140.dll
0x00007ffd429d0000 - 0x00007ffd43616000 	c:\Users\POSITIVO\.vscode\extensions\redhat.java-1.10.0-win32-x64\jre\17.0.4-win32-x86_64\bin\server\jvm.dll
0x00007ffd93540000 - 0x00007ffd935ee000 	C:\Windows\System32\ADVAPI32.dll
0x00007ffd92070000 - 0x00007ffd9210c000 	C:\Windows\System32\sechost.dll
0x00007ffd92f00000 - 0x00007ffd93025000 	C:\Windows\System32\RPCRT4.dll
0x00007ffd92ef0000 - 0x00007ffd92ef8000 	C:\Windows\System32\PSAPI.DLL
0x00007ffd83b40000 - 0x00007ffd83b49000 	C:\Windows\SYSTEM32\WSOCK32.dll
0x00007ffd92b10000 - 0x00007ffd92b7b000 	C:\Windows\System32\WS2_32.dll
0x00007ffd82fc0000 - 0x00007ffd82fe7000 	C:\Windows\SYSTEM32\WINMM.dll
0x00007ffd85f90000 - 0x00007ffd85f9a000 	C:\Windows\SYSTEM32\VERSION.dll
0x00007ffd8ec80000 - 0x00007ffd8ec92000 	C:\Windows\SYSTEM32\kernel.appcore.dll
0x00007ffd8bc70000 - 0x00007ffd8bc7a000 	c:\Users\POSITIVO\.vscode\extensions\redhat.java-1.10.0-win32-x64\jre\17.0.4-win32-x86_64\bin\jimage.dll
0x00007ffd858f0000 - 0x00007ffd85ad4000 	C:\Windows\SYSTEM32\DBGHELP.DLL
0x00007ffd858c0000 - 0x00007ffd858ec000 	C:\Windows\SYSTEM32\dbgcore.DLL
0x00007ffd90f90000 - 0x00007ffd91012000 	C:\Windows\System32\bcryptPrimitives.dll
0x00007ffd8a6c0000 - 0x00007ffd8a6ce000 	c:\Users\POSITIVO\.vscode\extensions\redhat.java-1.10.0-win32-x64\jre\17.0.4-win32-x86_64\bin\instrument.dll
0x00007ffd7e460000 - 0x00007ffd7e485000 	c:\Users\POSITIVO\.vscode\extensions\redhat.java-1.10.0-win32-x64\jre\17.0.4-win32-x86_64\bin\java.dll
0x00007ffd7f300000 - 0x00007ffd7f318000 	c:\Users\POSITIVO\.vscode\extensions\redhat.java-1.10.0-win32-x64\jre\17.0.4-win32-x86_64\bin\zip.dll
0x00007ffd922c0000 - 0x00007ffd92a03000 	C:\Windows\System32\SHELL32.dll
0x00007ffd8eea0000 - 0x00007ffd8f635000 	C:\Windows\SYSTEM32\windows.storage.dll
0x00007ffd930c0000 - 0x00007ffd93414000 	C:\Windows\System32\combase.dll
0x00007ffd90740000 - 0x00007ffd90770000 	C:\Windows\SYSTEM32\Wldp.dll
0x00007ffd92a60000 - 0x00007ffd92b0d000 	C:\Windows\System32\SHCORE.dll
0x00007ffd93030000 - 0x00007ffd93085000 	C:\Windows\System32\shlwapi.dll
0x00007ffd90cf0000 - 0x00007ffd90d0f000 	C:\Windows\SYSTEM32\profapi.dll
0x00007ffd7d0c0000 - 0x00007ffd7d0d9000 	C:\Users\POSITIVO\.vscode\extensions\redhat.java-1.10.0-win32-x64\jre\17.0.4-win32-x86_64\bin\net.dll
0x00007ffd8b320000 - 0x00007ffd8b42a000 	C:\Windows\SYSTEM32\WINHTTP.dll
0x00007ffd904a0000 - 0x00007ffd9050a000 	C:\Windows\system32\mswsock.dll
0x00007ffd79c50000 - 0x00007ffd79c65000 	C:\Users\POSITIVO\.vscode\extensions\redhat.java-1.10.0-win32-x64\jre\17.0.4-win32-x86_64\bin\nio.dll
0x00007ffd8a160000 - 0x00007ffd8a170000 	c:\Users\POSITIVO\.vscode\extensions\redhat.java-1.10.0-win32-x64\jre\17.0.4-win32-x86_64\bin\verify.dll
0x00007ffd79980000 - 0x00007ffd799be000 	C:\Users\POSITIVO\AppData\Roaming\Code\User\globalStorage\redhat.java\1.10.0\config_win\org.eclipse.equinox.launcher\org.eclipse.equinox.launcher.win32.win32.x86_64_1.2.500.v20220509-0833\eclipse_11700.dll
0x00007ffd92c60000 - 0x00007ffd92d8a000 	C:\Windows\System32\ole32.dll
0x00007ffd90690000 - 0x00007ffd906a8000 	C:\Windows\SYSTEM32\CRYPTSP.dll
0x00007ffd8fe20000 - 0x00007ffd8fe54000 	C:\Windows\system32\rsaenh.dll
0x00007ffd91400000 - 0x00007ffd91427000 	C:\Windows\System32\bcrypt.dll
0x00007ffd90cb0000 - 0x00007ffd90cde000 	C:\Windows\SYSTEM32\USERENV.dll
0x00007ffd906b0000 - 0x00007ffd906bc000 	C:\Windows\SYSTEM32\CRYPTBASE.dll
0x00007ffd90190000 - 0x00007ffd901cb000 	C:\Windows\SYSTEM32\IPHLPAPI.DLL
0x00007ffd92be0000 - 0x00007ffd92be8000 	C:\Windows\System32\NSI.dll
0x00007ffd864b0000 - 0x00007ffd864c7000 	C:\Windows\SYSTEM32\dhcpcsvc6.DLL
0x00007ffd864d0000 - 0x00007ffd864ed000 	C:\Windows\SYSTEM32\dhcpcsvc.DLL
0x00007ffd901d0000 - 0x00007ffd9029a000 	C:\Windows\SYSTEM32\DNSAPI.dll
0x00007ffd7f600000 - 0x00007ffd7f644000 	C:\Users\POSITIVO\AppData\Local\Temp\jna-1530432003\jna5123578712035731771.dll

dbghelp: loaded successfully - version: 4.0.5 - missing functions: none
symbol engine: initialized successfully - sym options: 0x614 - pdb path: .;c:\Users\POSITIVO\.vscode\extensions\redhat.java-1.10.0-win32-x64\jre\17.0.4-win32-x86_64\bin;C:\Windows\SYSTEM32;C:\Program Files\Avast Software\Avast;C:\Windows\WinSxS\amd64_microsoft.windows.common-controls_6595b64144ccf1df_6.0.19041.1110_none_60b5254171f9507e;c:\Users\POSITIVO\.vscode\extensions\redhat.java-1.10.0-win32-x64\jre\17.0.4-win32-x86_64\bin\server;C:\Users\POSITIVO\AppData\Roaming\Code\User\globalStorage\redhat.java\1.10.0\config_win\org.eclipse.equinox.launcher\org.eclipse.equinox.launcher.win32.win32.x86_64_1.2.500.v20220509-0833;C:\Users\POSITIVO\AppData\Local\Temp\jna-1530432003

VM Arguments:
jvm_args: --add-modules=ALL-SYSTEM --add-opens=java.base/java.util=ALL-UNNAMED --add-opens=java.base/java.lang=ALL-UNNAMED --add-opens=java.base/sun.nio.fs=ALL-UNNAMED -Declipse.application=org.eclipse.jdt.ls.core.id1 -Dosgi.bundles.defaultStartLevel=4 -Declipse.product=org.eclipse.jdt.ls.core.product -Djava.import.generatesMetadataFilesAtProjectRoot=false -Dfile.encoding=utf8 -DwatchParentProcess=false -XX:+UseParallelGC -XX:GCTimeRatio=4 -XX:AdaptiveSizePolicyWeight=90 -Dsun.zip.disableMemoryMapping=true -Xmx1G -Xms100m -Xlog:jni+resolve=off -javaagent:c:\Users\POSITIVO\.vscode\extensions\redhat.java-1.10.0-win32-x64\lombok\lombok-1.18.24.jar -XX:+HeapDumpOnOutOfMemoryError -XX:HeapDumpPath=c:\Users\POSITIVO\AppData\Roaming\Code\User\workspaceStorage\8ec930336ebd1d15844ebf1d7341b1a9\redhat.java 
java_command: c:\Users\POSITIVO\.vscode\extensions\redhat.java-1.10.0-win32-x64\server\plugins\org.eclipse.equinox.launcher_1.6.400.v20210924-0641.jar -configuration c:\Users\POSITIVO\AppData\Roaming\Code\User\globalStorage\redhat.java\1.10.0\config_win -data c:\Users\POSITIVO\AppData\Roaming\Code\User\workspaceStorage\8ec930336ebd1d15844ebf1d7341b1a9\redhat.java\jdt_ws
java_class_path (initial): c:\Users\POSITIVO\.vscode\extensions\redhat.java-1.10.0-win32-x64\server\plugins\org.eclipse.equinox.launcher_1.6.400.v20210924-0641.jar
Launcher Type: SUN_STANDARD

[Global flags]
    uintx AdaptiveSizePolicyWeight                 = 90                                        {product} {command line}
     intx CICompilerCount                          = 3                                         {product} {ergonomic}
    uintx GCTimeRatio                              = 4                                         {product} {command line}
     bool HeapDumpOnOutOfMemoryError               = true                                   {manageable} {command line}
    ccstr HeapDumpPath                             = c:\Users\POSITIVO\AppData\Roaming\Code\User\workspaceStorage\8ec930336ebd1d15844ebf1d7341b1a9\redhat.java         {manageable} {command line}
   size_t InitialHeapSize                          = 104857600                                 {product} {command line}
   size_t MaxHeapSize                              = 1073741824                                {product} {command line}
   size_t MaxNewSize                               = 357564416                                 {product} {ergonomic}
   size_t MinHeapDeltaBytes                        = 524288                                    {product} {ergonomic}
   size_t MinHeapSize                              = 104857600                                 {product} {command line}
   size_t NewSize                                  = 34603008                                  {product} {ergonomic}
    uintx NonNMethodCodeHeapSize                   = 5832780                                {pd product} {ergonomic}
    uintx NonProfiledCodeHeapSize                  = 122912730                              {pd product} {ergonomic}
   size_t OldSize                                  = 70254592                                  {product} {ergonomic}
    uintx ProfiledCodeHeapSize                     = 122912730                              {pd product} {ergonomic}
    uintx ReservedCodeCacheSize                    = 251658240                              {pd product} {ergonomic}
     bool SegmentedCodeCache                       = true                                      {product} {ergonomic}
   size_t SoftMaxHeapSize                          = 1073741824                             {manageable} {ergonomic}
     bool UseCompressedClassPointers               = true                           {product lp64_product} {ergonomic}
     bool UseCompressedOops                        = true                           {product lp64_product} {ergonomic}
     bool UseLargePagesIndividualAllocation        = false                                  {pd product} {ergonomic}
     bool UseParallelGC                            = true                                      {product} {command line}

Logging:
Log output configuration:
 #0: stdout all=warning,jni+resolve=off uptime,level,tags
 #1: stderr all=off uptime,level,tags

Environment Variables:
PATH=C:\Program Files\Common Files\Oracle\Java\javapath;C:\Program Files (x86)\Common Files\Oracle\Java\javapath;C:\Windows\system32;C:\Windows;C:\Windows\System32\Wbem;C:\Windows\System32\WindowsPowerShell\v1.0\;C:\Windows\System32\OpenSSH\;C:\Program Files\Git\cmd;C:\Users\POSITIVO\AppData\Local\Programs\Python\Python310\Scripts\;C:\Users\POSITIVO\AppData\Local\Programs\Python\Python310\;C:\Users\POSITIVO\AppData\Local\Microsoft\WindowsApps;C:\Users\POSITIVO\AppData\Local\JetBrains\Toolbox\scripts;C:\Users\POSITIVO\AppData\Local\Programs\Microsoft VS Code\bin
USERNAME=POSITIVO
OS=Windows_NT
PROCESSOR_IDENTIFIER=Intel64 Family 6 Model 76 Stepping 4, GenuineIntel
TMP=C:\Users\POSITIVO\AppData\Local\Temp
TEMP=C:\Users\POSITIVO\AppData\Local\Temp



---------------  S Y S T E M  ---------------

OS:
 Windows 10 , 64 bit Build 19041 (10.0.19041.1889)
OS uptime: 0 days 0:51 hours

CPU: total 4 (initial active 4) (4 cores per cpu, 1 threads per core) family 6 model 76 stepping 4 microcode 0x411, cx8, cmov, fxsr, mmx, 3dnowpref, sse, sse2, sse3, ssse3, sse4.1, sse4.2, popcnt, tsc, tscinvbit, aes, erms, clmul, clflush

Memory: 4k page, system-wide physical 1848M (326M free)
TotalPageFile size 3167M (AvailPageFile size 0M)
current process WorkingSet (physical memory assigned to process): 120M, peak: 124M
current process commit charge ("private bytes"): 248M, peak: 252M

vm_info: OpenJDK 64-Bit Server VM (17.0.4+8) for windows-amd64 JRE (17.0.4+8), built on Jul 19 2022 16:05:16 by "temurin" with MS VC++ 16.7 (VS2019)

END.
