#
# There is insufficient memory for the Java Runtime Environment to continue.
# Native memory allocation (malloc) failed to allocate 32744 bytes for ChunkPool::allocate
# Possible reasons:
#   The system is out of physical RAM or swap space
#   The process is running with CompressedOops enabled, and the Java Heap may be blocking the growth of the native heap
# Possible solutions:
#   Reduce memory load on the system
#   Increase physical memory or swap space
#   Check if swap backing store is full
#   Decrease Java heap size (-Xmx/-Xms)
#   Decrease number of Java threads
#   Decrease Java thread stack sizes (-Xss)
#   Set larger code cache with -XX:ReservedCodeCacheSize=
#   JVM is running with Unscaled Compressed Oops mode in which the Java heap is
#     placed in the first 4GB address space. The Java Heap base address is the
#     maximum limit for the native heap growth. Please use -XX:HeapBaseMinAddress
#     to set the Java Heap base and to place the Java Heap above 4GB virtual address.
# This output file may be truncated or incomplete.
#
#  Out of Memory Error (arena.cpp:78), pid=7956, tid=7436
#
# JRE version: OpenJDK Runtime Environment Temurin-17.0.4+8 (17.0.4+8) (build 17.0.4+8)
# Java VM: OpenJDK 64-Bit Server VM Temurin-17.0.4+8 (17.0.4+8, mixed mode, tiered, compressed oops, compressed class ptrs, parallel gc, windows-amd64)
# No core dump will be written. Minidumps are not enabled by default on client versions of Windows
#

---------------  S U M M A R Y ------------

Command Line: --add-modules=ALL-SYSTEM --add-opens=java.base/java.util=ALL-UNNAMED --add-opens=java.base/java.lang=ALL-UNNAMED --add-opens=java.base/sun.nio.fs=ALL-UNNAMED -Declipse.application=org.eclipse.jdt.ls.core.id1 -Dosgi.bundles.defaultStartLevel=4 -Declipse.product=org.eclipse.jdt.ls.core.product -Djava.import.generatesMetadataFilesAtProjectRoot=false -Dfile.encoding=utf8 -DwatchParentProcess=false -XX:+UseParallelGC -XX:GCTimeRatio=4 -XX:AdaptiveSizePolicyWeight=90 -Dsun.zip.disableMemoryMapping=true -Xmx1G -Xms100m -Xlog:jni+resolve=off -javaagent:c:\Users\POSITIVO\.vscode\extensions\redhat.java-1.10.0-win32-x64\lombok\lombok-1.18.24.jar c:\Users\POSITIVO\.vscode\extensions\redhat.java-1.10.0-win32-x64\server\plugins\org.eclipse.equinox.launcher_1.6.400.v20210924-0641.jar -configuration c:\Users\POSITIVO\AppData\Roaming\Code\User\globalStorage\redhat.java\1.10.0\config_ss_win -data c:\Users\POSITIVO\AppData\Roaming\Code\User\workspaceStorage\8ec930336ebd1d15844ebf1d7341b1a9\redhat.java\ss_ws

Host: Intel(R) Atom(TM) x5-Z8350  CPU @ 1.44GHz, 4 cores, 1G,  Windows 10 , 64 bit Build 19041 (10.0.19041.1889)
Time: Thu Oct  6 14:12:37 2022 Hora oficial do Brasil elapsed time: 47.432236 seconds (0d 0h 0m 47s)

---------------  T H R E A D  ---------------

Current thread (0x000001ac45336b00):  JavaThread "C2 CompilerThread0" daemon [_thread_in_native, id=7436, stack(0x0000005b30f00000,0x0000005b31000000)]


Current CompileTask:
C2:  47432 3012 %     4       java.io.WinNTFileSystem::normalize @ 22 (143 bytes)

Stack: [0x0000005b30f00000,0x0000005b31000000]
Native frames: (J=compiled Java code, j=interpreted, Vv=VM code, C=native code)
V  [jvm.dll+0x67733a]
V  [jvm.dll+0x8323c4]
V  [jvm.dll+0x833b6e]
V  [jvm.dll+0x8341d3]
V  [jvm.dll+0x2455e5]
V  [jvm.dll+0xabfc0]
V  [jvm.dll+0xac30c]
V  [jvm.dll+0x653038]
V  [jvm.dll+0x652e44]
V  [jvm.dll+0x617678]
V  [jvm.dll+0x343750]
V  [jvm.dll+0x547ca1]
V  [jvm.dll+0x5573c3]
V  [jvm.dll+0x544d83]
V  [jvm.dll+0x2ab8e4]
V  [jvm.dll+0x68f6c7]
V  [jvm.dll+0x6877ab]
V  [jvm.dll+0x686de7]
V  [jvm.dll+0x684ce2]
V  [jvm.dll+0x1a71cc]
V  [jvm.dll+0x2ab8e4]
V  [jvm.dll+0x68f6c7]
V  [jvm.dll+0x6877ab]
V  [jvm.dll+0x686de7]
V  [jvm.dll+0x684ce2]
V  [jvm.dll+0x1a71cc]
V  [jvm.dll+0x1a7d96]
V  [jvm.dll+0x2ab8e4]
V  [jvm.dll+0x68f6c7]
V  [jvm.dll+0x6877ab]
V  [jvm.dll+0x686de7]
V  [jvm.dll+0x684ce2]
V  [jvm.dll+0x1a71cc]
V  [jvm.dll+0x2ab8e4]
V  [jvm.dll+0x68f6c7]
V  [jvm.dll+0x6877ab]
V  [jvm.dll+0x686de7]
V  [jvm.dll+0x684ce2]
V  [jvm.dll+0x1a71cc]
V  [jvm.dll+0x1a7d96]
V  [jvm.dll+0x1a578b]
V  [jvm.dll+0x21fe5e]
V  [jvm.dll+0x2175b7]
V  [jvm.dll+0x1a3f8d]
V  [jvm.dll+0x227308]
V  [jvm.dll+0x225455]
V  [jvm.dll+0x7e7eeb]
V  [jvm.dll+0x7e245a]
V  [jvm.dll+0x6761c5]
C  [ucrtbase.dll+0x21bb2]
C  [KERNEL32.DLL+0x17034]
C  [ntdll.dll+0x526a1]


---------------  P R O C E S S  ---------------

Threads class SMR info:
_java_thread_list=0x000001ac49ecd240, length=21, elements={
0x000001ac2f564a80, 0x000001ac45301c80, 0x000001ac45303910, 0x000001ac45333010,
0x000001ac45333ad0, 0x000001ac45334590, 0x000001ac45335e60, 0x000001ac45336b00,
0x000001ac45338590, 0x000001ac4533aea0, 0x000001ac46d32630, 0x000001ac46f81c10,
0x000001ac47774090, 0x000001ac473c7ab0, 0x000001ac474c6540, 0x000001ac4779a790,
0x000001ac474c5ad0, 0x000001ac478d5450, 0x000001ac48cfaa30, 0x000001ac48cf83b0,
0x000001ac48cf7a10
}

Java Threads: ( => current thread )
  0x000001ac2f564a80 JavaThread "main" [_thread_blocked, id=4116, stack(0x0000005b30600000,0x0000005b30700000)]
  0x000001ac45301c80 JavaThread "Reference Handler" daemon [_thread_blocked, id=5548, stack(0x0000005b30900000,0x0000005b30a00000)]
  0x000001ac45303910 JavaThread "Finalizer" daemon [_thread_blocked, id=7328, stack(0x0000005b30a00000,0x0000005b30b00000)]
  0x000001ac45333010 JavaThread "Signal Dispatcher" daemon [_thread_blocked, id=7252, stack(0x0000005b30b00000,0x0000005b30c00000)]
  0x000001ac45333ad0 JavaThread "Attach Listener" daemon [_thread_blocked, id=872, stack(0x0000005b30c00000,0x0000005b30d00000)]
  0x000001ac45334590 JavaThread "Service Thread" daemon [_thread_blocked, id=2380, stack(0x0000005b30d00000,0x0000005b30e00000)]
  0x000001ac45335e60 JavaThread "Monitor Deflation Thread" daemon [_thread_blocked, id=1804, stack(0x0000005b30e00000,0x0000005b30f00000)]
=>0x000001ac45336b00 JavaThread "C2 CompilerThread0" daemon [_thread_in_native, id=7436, stack(0x0000005b30f00000,0x0000005b31000000)]
  0x000001ac45338590 JavaThread "C1 CompilerThread0" daemon [_thread_in_vm, id=4580, stack(0x0000005b31000000,0x0000005b31100000)]
  0x000001ac4533aea0 JavaThread "Sweeper thread" daemon [_thread_blocked, id=2368, stack(0x0000005b31100000,0x0000005b31200000)]
  0x000001ac46d32630 JavaThread "Common-Cleaner" daemon [_thread_blocked, id=1976, stack(0x0000005b31200000,0x0000005b31300000)]
  0x000001ac46f81c10 JavaThread "Notification Thread" daemon [_thread_blocked, id=4596, stack(0x0000005b31300000,0x0000005b31400000)]
  0x000001ac47774090 JavaThread "Active Thread: Equinox Container: 8dcebc94-a2dc-42c1-bf68-6430ad776ae2" [_thread_blocked, id=4872, stack(0x0000005b31800000,0x0000005b31900000)]
  0x000001ac473c7ab0 JavaThread "Framework Event Dispatcher: Equinox Container: 8dcebc94-a2dc-42c1-bf68-6430ad776ae2" daemon [_thread_blocked, id=7348, stack(0x0000005b31900000,0x0000005b31a00000)]
  0x000001ac474c6540 JavaThread "Start Level: Equinox Container: 8dcebc94-a2dc-42c1-bf68-6430ad776ae2" daemon [_thread_blocked, id=7504, stack(0x0000005b31a00000,0x0000005b31b00000)]
  0x000001ac4779a790 JavaThread "SCR Component Actor" daemon [_thread_blocked, id=6416, stack(0x0000005b31b00000,0x0000005b31c00000)]
  0x000001ac474c5ad0 JavaThread "Worker-JM" [_thread_blocked, id=6448, stack(0x0000005b31d00000,0x0000005b31e00000)]
  0x000001ac478d5450 JavaThread "Worker-0" [_thread_blocked, id=3544, stack(0x0000005b31e00000,0x0000005b31f00000)]
  0x000001ac48cfaa30 JavaThread "Worker-1" [_thread_blocked, id=5092, stack(0x0000005b31f00000,0x0000005b32000000)]
  0x000001ac48cf83b0 JavaThread "pool-1-thread-1" [_thread_blocked, id=4552, stack(0x0000005b31c00000,0x0000005b31d00000)]
  0x000001ac48cf7a10 JavaThread "Worker-2: Initialize Workspace" [_thread_in_vm, id=7792, stack(0x0000005b32000000,0x0000005b32100000)]

Other Threads:
  0x000001ac452ed160 VMThread "VM Thread" [stack: 0x0000005b30800000,0x0000005b30900000] [id=1376]
  0x000001ac46f820e0 WatcherThread [stack: 0x0000005b31400000,0x0000005b31500000] [id=7788]
  0x000001ac2f573b90 GCTaskThread "GC Thread#0" [stack: 0x0000005b30700000,0x0000005b30800000] [id=7700]
  0x000001ac474cd8c0 GCTaskThread "GC Thread#1" [stack: 0x0000005b31500000,0x0000005b31600000] [id=7456]
  0x000001ac472a4040 GCTaskThread "GC Thread#2" [stack: 0x0000005b31600000,0x0000005b31700000] [id=7592]
  0x000001ac472a42f0 GCTaskThread "GC Thread#3" [stack: 0x0000005b31700000,0x0000005b31800000] [id=3428]

Threads with active compile tasks:
C2 CompilerThread0    47831 3012 %     4       java.io.WinNTFileSystem::normalize @ 22 (143 bytes)
C1 CompilerThread0    47831 3020       3       java.nio.file.FileSystems::getDefault (14 bytes)

VM state: not at safepoint (normal execution)

VM Mutex/Monitor currently owned by a thread:  ([mutex/lock_event])
[0x000001ac2f55e420] Metaspace_lock - owner thread: 0x000001ac45338590
[0x000001ac2f555850] MethodData_lock - owner thread: 0x000001ac45338590

Heap address: 0x00000000c0000000, size: 1024 MB, Compressed Oops mode: 32-bit

CDS archive(s) not mapped
Compressed class space mapped at: 0x0000000100000000-0x0000000140000000, reserved size: 1073741824
Narrow klass base: 0x0000000000000000, Narrow klass shift: 3, Narrow klass range: 0x140000000

GC Precious Log:
 CPUs: 4 total, 4 available
 Memory: 1848M
 Large Page Support: Disabled
 NUMA Support: Disabled
 Compressed Oops: Enabled (32-bit)
 Alignments: Space 512K, Generation 512K, Heap 2M
 Heap Min Capacity: 100M
 Heap Initial Capacity: 100M
 Heap Max Capacity: 1G
 Pre-touch: Disabled
 Parallel Workers: 4

Heap:
 PSYoungGen      total 26112K, used 14363K [0x00000000eab00000, 0x00000000ec880000, 0x0000000100000000)
  eden space 24064K, 51% used [0x00000000eab00000,0x00000000eb70b0f8,0x00000000ec280000)
  from space 2048K, 99% used [0x00000000ec400000,0x00000000ec5fbe30,0x00000000ec600000)
  to   space 2560K, 0% used [0x00000000ec600000,0x00000000ec600000,0x00000000ec880000)
 ParOldGen       total 68608K, used 7647K [0x00000000c0000000, 0x00000000c4300000, 0x00000000eab00000)
  object space 68608K, 11% used [0x00000000c0000000,0x00000000c0777cb0,0x00000000c4300000)
 Metaspace       used 33782K, committed 34304K, reserved 1081344K
  class space    used 3427K, committed 3648K, reserved 1048576K

Card table byte_map: [0x000001ac42c10000,0x000001ac42e20000] _byte_map_base: 0x000001ac42610000

Marking Bits: (ParMarkBitMap*) 0x00007ffd446f2cd0
 Begin Bits: [0x000001ac42f80000, 0x000001ac43f80000)
 End Bits:   [0x000001ac43f80000, 0x000001ac44f80000)

Polling page: 0x000001ac2f350000

Metaspace:

Usage:
  Non-class:     29.64 MB used.
      Class:      3.35 MB used.
       Both:     32.99 MB used.

Virtual space:
  Non-class space:       32.00 MB reserved,      29.94 MB ( 94%) committed,  4 nodes.
      Class space:        1.00 GB reserved,       3.56 MB ( <1%) committed,  1 nodes.
             Both:        1.03 GB reserved,      33.50 MB (  3%) committed. 

Chunk freelists:
   Non-Class:  2.05 MB
       Class:  448.00 KB
        Both:  2.48 MB

MaxMetaspaceSize: unlimited
CompressedClassSpaceSize: 1.00 GB
Initial GC threshold: 21.00 MB
Current GC threshold: 35.00 MB
CDS: off
MetaspaceReclaimPolicy: balanced
 - commit_granule_bytes: 65536.
 - commit_granule_words: 8192.
 - virtual_space_node_default_size: 1048576.
 - enlarge_chunks_in_place: 1.
 - new_chunks_are_fully_committed: 0.
 - uncommit_free_chunks: 1.
 - use_allocation_guard: 0.
 - handle_deallocations: 1.


Internal statistics:

num_allocs_failed_limit: 3.
num_arena_births: 236.
num_arena_deaths: 14.
num_vsnodes_births: 5.
num_vsnodes_deaths: 0.
num_space_committed: 536.
num_space_uncommitted: 0.
num_chunks_returned_to_freelist: 17.
num_chunks_taken_from_freelist: 1206.
num_chunk_merges: 7.
num_chunk_splits: 815.
num_chunks_enlarged: 581.
num_purges: 2.
num_inconsistent_stats: 0.

CodeHeap 'non-profiled nmethods': size=120000Kb used=1172Kb max_used=1172Kb free=118828Kb
 bounds [0x000001ac3b500000, 0x000001ac3b770000, 0x000001ac42a30000]
CodeHeap 'profiled nmethods': size=120000Kb used=6081Kb max_used=6081Kb free=113918Kb
 bounds [0x000001ac33fd0000, 0x000001ac345d0000, 0x000001ac3b500000]
CodeHeap 'non-nmethods': size=5760Kb used=1243Kb max_used=1274Kb free=4516Kb
 bounds [0x000001ac33a30000, 0x000001ac33ca0000, 0x000001ac33fd0000]
 total_blobs=3549 nmethods=2987 adapters=477
 compilation: enabled
              stopped_count=0, restarted_count=0
 full_count=0

Compilation events (20 events):
Event: 47.160 Thread 0x000001ac45338590 nmethod 3002 0x000001ac345bc910 code [0x000001ac345bcac0, 0x000001ac345bcd28]
Event: 47.171 Thread 0x000001ac45338590 3003       3       org.eclipse.core.runtime.jobs.Job::getState (5 bytes)
Event: 47.171 Thread 0x000001ac45338590 nmethod 3003 0x000001ac345bce90 code [0x000001ac345bd020, 0x000001ac345bd168]
Event: 47.171 Thread 0x000001ac45338590 3004       3       org.eclipse.core.internal.jobs.InternalJob::getState (60 bytes)
Event: 47.172 Thread 0x000001ac45338590 nmethod 3004 0x000001ac345bd210 code [0x000001ac345bd3c0, 0x000001ac345bd5f8]
Event: 47.233 Thread 0x000001ac45338590 3005       3       java.lang.StringCoding::implEncodeAsciiArray (47 bytes)
Event: 47.234 Thread 0x000001ac45338590 nmethod 3005 0x000001ac345bd690 code [0x000001ac345bd840, 0x000001ac345bda98]
Event: 47.234 Thread 0x000001ac45338590 3006       3       java.nio.ByteBuffer::array (35 bytes)
Event: 47.235 Thread 0x000001ac45338590 nmethod 3006 0x000001ac345bdc10 code [0x000001ac345bdde0, 0x000001ac345be098]
Event: 47.237 Thread 0x000001ac45338590 3007       3       java.nio.Buffer::hasRemaining (17 bytes)
Event: 47.238 Thread 0x000001ac45338590 nmethod 3007 0x000001ac345be190 code [0x000001ac345be320, 0x000001ac345be498]
Event: 47.239 Thread 0x000001ac45338590 3008       3       java.nio.Buffer::remaining (20 bytes)
Event: 47.240 Thread 0x000001ac45338590 nmethod 3008 0x000001ac345be510 code [0x000001ac345be6a0, 0x000001ac345be838]
Event: 47.240 Thread 0x000001ac45338590 3009       3       java.nio.ByteBuffer::hasArray (20 bytes)
Event: 47.240 Thread 0x000001ac45338590 nmethod 3009 0x000001ac345be910 code [0x000001ac345beaa0, 0x000001ac345bec58]
Event: 47.242 Thread 0x000001ac45338590 3010       3       java.net.URI::isOpaque (13 bytes)
Event: 47.243 Thread 0x000001ac45338590 nmethod 3010 0x000001ac345bed10 code [0x000001ac345beea0, 0x000001ac345bf018]
Event: 47.243 Thread 0x000001ac45336b00 3011       4       org.eclipse.core.runtime.Path::segmentCount (6 bytes)
Event: 47.245 Thread 0x000001ac45336b00 nmethod 3011 0x000001ac3b623910 code [0x000001ac3b623a80, 0x000001ac3b623b18]
Event: 47.348 Thread 0x000001ac45336b00 3012 %     4       java.io.WinNTFileSystem::normalize @ 22 (143 bytes)

GC Heap History (16 events):
Event: 6.653 GC heap before
{Heap before GC invocations=1 (full 0):
 PSYoungGen      total 29696K, used 25600K [0x00000000eab00000, 0x00000000ecc00000, 0x0000000100000000)
  eden space 25600K, 100% used [0x00000000eab00000,0x00000000ec400000,0x00000000ec400000)
  from space 4096K, 0% used [0x00000000ec800000,0x00000000ec800000,0x00000000ecc00000)
  to   space 4096K, 0% used [0x00000000ec400000,0x00000000ec400000,0x00000000ec800000)
 ParOldGen       total 68608K, used 0K [0x00000000c0000000, 0x00000000c4300000, 0x00000000eab00000)
  object space 68608K, 0% used [0x00000000c0000000,0x00000000c0000000,0x00000000c4300000)
 Metaspace       used 10852K, committed 11008K, reserved 1064960K
  class space    used 1089K, committed 1152K, reserved 1048576K
}
Event: 6.715 GC heap after
{Heap after GC invocations=1 (full 0):
 PSYoungGen      total 29696K, used 3272K [0x00000000eab00000, 0x00000000ecc00000, 0x0000000100000000)
  eden space 25600K, 0% used [0x00000000eab00000,0x00000000eab00000,0x00000000ec400000)
  from space 4096K, 79% used [0x00000000ec400000,0x00000000ec732190,0x00000000ec800000)
  to   space 4096K, 0% used [0x00000000ec800000,0x00000000ec800000,0x00000000ecc00000)
 ParOldGen       total 68608K, used 0K [0x00000000c0000000, 0x00000000c4300000, 0x00000000eab00000)
  object space 68608K, 0% used [0x00000000c0000000,0x00000000c0000000,0x00000000c4300000)
 Metaspace       used 10852K, committed 11008K, reserved 1064960K
  class space    used 1089K, committed 1152K, reserved 1048576K
}
Event: 12.865 GC heap before
{Heap before GC invocations=2 (full 0):
 PSYoungGen      total 29696K, used 28872K [0x00000000eab00000, 0x00000000ecc00000, 0x0000000100000000)
  eden space 25600K, 100% used [0x00000000eab00000,0x00000000ec400000,0x00000000ec400000)
  from space 4096K, 79% used [0x00000000ec400000,0x00000000ec732190,0x00000000ec800000)
  to   space 4096K, 0% used [0x00000000ec800000,0x00000000ec800000,0x00000000ecc00000)
 ParOldGen       total 68608K, used 0K [0x00000000c0000000, 0x00000000c4300000, 0x00000000eab00000)
  object space 68608K, 0% used [0x00000000c0000000,0x00000000c0000000,0x00000000c4300000)
 Metaspace       used 15188K, committed 15424K, reserved 1064960K
  class space    used 1551K, committed 1664K, reserved 1048576K
}
Event: 12.884 GC heap after
{Heap after GC invocations=2 (full 0):
 PSYoungGen      total 29696K, used 4077K [0x00000000eab00000, 0x00000000ecc00000, 0x0000000100000000)
  eden space 25600K, 0% used [0x00000000eab00000,0x00000000eab00000,0x00000000ec400000)
  from space 4096K, 99% used [0x00000000ec800000,0x00000000ecbfb6b0,0x00000000ecc00000)
  to   space 4096K, 0% used [0x00000000ec400000,0x00000000ec400000,0x00000000ec800000)
 ParOldGen       total 68608K, used 696K [0x00000000c0000000, 0x00000000c4300000, 0x00000000eab00000)
  object space 68608K, 1% used [0x00000000c0000000,0x00000000c00ae350,0x00000000c4300000)
 Metaspace       used 15188K, committed 15424K, reserved 1064960K
  class space    used 1551K, committed 1664K, reserved 1048576K
}
Event: 17.570 GC heap before
{Heap before GC invocations=3 (full 0):
 PSYoungGen      total 29696K, used 29677K [0x00000000eab00000, 0x00000000ecc00000, 0x0000000100000000)
  eden space 25600K, 100% used [0x00000000eab00000,0x00000000ec400000,0x00000000ec400000)
  from space 4096K, 99% used [0x00000000ec800000,0x00000000ecbfb6b0,0x00000000ecc00000)
  to   space 4096K, 0% used [0x00000000ec400000,0x00000000ec400000,0x00000000ec800000)
 ParOldGen       total 68608K, used 696K [0x00000000c0000000, 0x00000000c4300000, 0x00000000eab00000)
  object space 68608K, 1% used [0x00000000c0000000,0x00000000c00ae350,0x00000000c4300000)
 Metaspace       used 20373K, committed 20672K, reserved 1073152K
  class space    used 2090K, committed 2240K, reserved 1048576K
}
Event: 17.593 GC heap after
{Heap after GC invocations=3 (full 0):
 PSYoungGen      total 29696K, used 4078K [0x00000000eab00000, 0x00000000ecc00000, 0x0000000100000000)
  eden space 25600K, 0% used [0x00000000eab00000,0x00000000eab00000,0x00000000ec400000)
  from space 4096K, 99% used [0x00000000ec400000,0x00000000ec7fbbf8,0x00000000ec800000)
  to   space 4096K, 0% used [0x00000000ec800000,0x00000000ec800000,0x00000000ecc00000)
 ParOldGen       total 68608K, used 2675K [0x00000000c0000000, 0x00000000c4300000, 0x00000000eab00000)
  object space 68608K, 3% used [0x00000000c0000000,0x00000000c029cf70,0x00000000c4300000)
 Metaspace       used 20373K, committed 20672K, reserved 1073152K
  class space    used 2090K, committed 2240K, reserved 1048576K
}
Event: 17.994 GC heap before
{Heap before GC invocations=4 (full 0):
 PSYoungGen      total 29696K, used 8858K [0x00000000eab00000, 0x00000000ecc00000, 0x0000000100000000)
  eden space 25600K, 18% used [0x00000000eab00000,0x00000000eafaaee8,0x00000000ec400000)
  from space 4096K, 99% used [0x00000000ec400000,0x00000000ec7fbbf8,0x00000000ec800000)
  to   space 4096K, 0% used [0x00000000ec800000,0x00000000ec800000,0x00000000ecc00000)
 ParOldGen       total 68608K, used 2675K [0x00000000c0000000, 0x00000000c4300000, 0x00000000eab00000)
  object space 68608K, 3% used [0x00000000c0000000,0x00000000c029cf70,0x00000000c4300000)
 Metaspace       used 21172K, committed 21504K, reserved 1073152K
  class space    used 2161K, committed 2304K, reserved 1048576K
}
Event: 18.007 GC heap after
{Heap after GC invocations=4 (full 0):
 PSYoungGen      total 29696K, used 4077K [0x00000000eab00000, 0x00000000ecc00000, 0x0000000100000000)
  eden space 25600K, 0% used [0x00000000eab00000,0x00000000eab00000,0x00000000ec400000)
  from space 4096K, 99% used [0x00000000ec800000,0x00000000ecbfb6b0,0x00000000ecc00000)
  to   space 4096K, 0% used [0x00000000ec400000,0x00000000ec400000,0x00000000ec800000)
 ParOldGen       total 68608K, used 3051K [0x00000000c0000000, 0x00000000c4300000, 0x00000000eab00000)
  object space 68608K, 4% used [0x00000000c0000000,0x00000000c02faf80,0x00000000c4300000)
 Metaspace       used 21172K, committed 21504K, reserved 1073152K
  class space    used 2161K, committed 2304K, reserved 1048576K
}
Event: 18.008 GC heap before
{Heap before GC invocations=5 (full 1):
 PSYoungGen      total 29696K, used 4077K [0x00000000eab00000, 0x00000000ecc00000, 0x0000000100000000)
  eden space 25600K, 0% used [0x00000000eab00000,0x00000000eab00000,0x00000000ec400000)
  from space 4096K, 99% used [0x00000000ec800000,0x00000000ecbfb6b0,0x00000000ecc00000)
  to   space 4096K, 0% used [0x00000000ec400000,0x00000000ec400000,0x00000000ec800000)
 ParOldGen       total 68608K, used 3051K [0x00000000c0000000, 0x00000000c4300000, 0x00000000eab00000)
  object space 68608K, 4% used [0x00000000c0000000,0x00000000c02faf80,0x00000000c4300000)
 Metaspace       used 21172K, committed 21504K, reserved 1073152K
  class space    used 2161K, committed 2304K, reserved 1048576K
}
Event: 18.098 GC heap after
{Heap after GC invocations=5 (full 1):
 PSYoungGen      total 29696K, used 0K [0x00000000eab00000, 0x00000000ecc00000, 0x0000000100000000)
  eden space 25600K, 0% used [0x00000000eab00000,0x00000000eab00000,0x00000000ec400000)
  from space 4096K, 0% used [0x00000000ec800000,0x00000000ec800000,0x00000000ecc00000)
  to   space 4096K, 0% used [0x00000000ec400000,0x00000000ec400000,0x00000000ec800000)
 ParOldGen       total 68608K, used 6985K [0x00000000c0000000, 0x00000000c4300000, 0x00000000eab00000)
  object space 68608K, 10% used [0x00000000c0000000,0x00000000c06d2460,0x00000000c4300000)
 Metaspace       used 21158K, committed 21504K, reserved 1073152K
  class space    used 2158K, committed 2304K, reserved 1048576K
}
Event: 20.083 GC heap before
{Heap before GC invocations=6 (full 1):
 PSYoungGen      total 29696K, used 25600K [0x00000000eab00000, 0x00000000ecc00000, 0x0000000100000000)
  eden space 25600K, 100% used [0x00000000eab00000,0x00000000ec400000,0x00000000ec400000)
  from space 4096K, 0% used [0x00000000ec800000,0x00000000ec800000,0x00000000ecc00000)
  to   space 4096K, 0% used [0x00000000ec400000,0x00000000ec400000,0x00000000ec800000)
 ParOldGen       total 68608K, used 6985K [0x00000000c0000000, 0x00000000c4300000, 0x00000000eab00000)
  object space 68608K, 10% used [0x00000000c0000000,0x00000000c06d2460,0x00000000c4300000)
 Metaspace       used 24762K, committed 25088K, reserved 1073152K
  class space    used 2435K, committed 2560K, reserved 1048576K
}
Event: 20.086 GC heap after
{Heap after GC invocations=6 (full 1):
 PSYoungGen      total 25600K, used 211K [0x00000000eab00000, 0x00000000ec880000, 0x0000000100000000)
  eden space 25088K, 0% used [0x00000000eab00000,0x00000000eab00000,0x00000000ec380000)
  from space 512K, 41% used [0x00000000ec400000,0x00000000ec434d08,0x00000000ec480000)
  to   space 2048K, 0% used [0x00000000ec680000,0x00000000ec680000,0x00000000ec880000)
 ParOldGen       total 68608K, used 6985K [0x00000000c0000000, 0x00000000c4300000, 0x00000000eab00000)
  object space 68608K, 10% used [0x00000000c0000000,0x00000000c06d2460,0x00000000c4300000)
 Metaspace       used 24762K, committed 25088K, reserved 1073152K
  class space    used 2435K, committed 2560K, reserved 1048576K
}
Event: 28.907 GC heap before
{Heap before GC invocations=7 (full 1):
 PSYoungGen      total 25600K, used 25299K [0x00000000eab00000, 0x00000000ec880000, 0x0000000100000000)
  eden space 25088K, 100% used [0x00000000eab00000,0x00000000ec380000,0x00000000ec380000)
  from space 512K, 41% used [0x00000000ec400000,0x00000000ec434d08,0x00000000ec480000)
  to   space 2048K, 0% used [0x00000000ec680000,0x00000000ec680000,0x00000000ec880000)
 ParOldGen       total 68608K, used 6985K [0x00000000c0000000, 0x00000000c4300000, 0x00000000eab00000)
  object space 68608K, 10% used [0x00000000c0000000,0x00000000c06d2460,0x00000000c4300000)
 Metaspace       used 27823K, committed 28288K, reserved 1081344K
  class space    used 2703K, committed 2880K, reserved 1048576K
}
Event: 28.911 GC heap after
{Heap after GC invocations=7 (full 1):
 PSYoungGen      total 26112K, used 1352K [0x00000000eab00000, 0x00000000ec800000, 0x0000000100000000)
  eden space 24576K, 0% used [0x00000000eab00000,0x00000000eab00000,0x00000000ec300000)
  from space 1536K, 88% used [0x00000000ec680000,0x00000000ec7d20b0,0x00000000ec800000)
  to   space 2048K, 0% used [0x00000000ec400000,0x00000000ec400000,0x00000000ec600000)
 ParOldGen       total 68608K, used 6993K [0x00000000c0000000, 0x00000000c4300000, 0x00000000eab00000)
  object space 68608K, 10% used [0x00000000c0000000,0x00000000c06d4460,0x00000000c4300000)
 Metaspace       used 27823K, committed 28288K, reserved 1081344K
  class space    used 2703K, committed 2880K, reserved 1048576K
}
Event: 40.334 GC heap before
{Heap before GC invocations=8 (full 1):
 PSYoungGen      total 26112K, used 25928K [0x00000000eab00000, 0x00000000ec800000, 0x0000000100000000)
  eden space 24576K, 100% used [0x00000000eab00000,0x00000000ec300000,0x00000000ec300000)
  from space 1536K, 88% used [0x00000000ec680000,0x00000000ec7d20b0,0x00000000ec800000)
  to   space 2048K, 0% used [0x00000000ec400000,0x00000000ec400000,0x00000000ec600000)
 ParOldGen       total 68608K, used 6993K [0x00000000c0000000, 0x00000000c4300000, 0x00000000eab00000)
  object space 68608K, 10% used [0x00000000c0000000,0x00000000c06d4460,0x00000000c4300000)
 Metaspace       used 31958K, committed 32512K, reserved 1081344K
  class space    used 3234K, committed 3456K, reserved 1048576K
}
Event: 40.352 GC heap after
{Heap after GC invocations=8 (full 1):
 PSYoungGen      total 26112K, used 2031K [0x00000000eab00000, 0x00000000ec880000, 0x0000000100000000)
  eden space 24064K, 0% used [0x00000000eab00000,0x00000000eab00000,0x00000000ec280000)
  from space 2048K, 99% used [0x00000000ec400000,0x00000000ec5fbe30,0x00000000ec600000)
  to   space 2560K, 0% used [0x00000000ec600000,0x00000000ec600000,0x00000000ec880000)
 ParOldGen       total 68608K, used 7647K [0x00000000c0000000, 0x00000000c4300000, 0x00000000eab00000)
  object space 68608K, 11% used [0x00000000c0000000,0x00000000c0777cb0,0x00000000c4300000)
 Metaspace       used 31958K, committed 32512K, reserved 1081344K
  class space    used 3234K, committed 3456K, reserved 1048576K
}

Deoptimization events (20 events):
Event: 41.270 Thread 0x000001ac48cf83b0 DEOPT PACKING pc=0x000001ac344a7f1e sp=0x0000005b31cfcea0
Event: 41.270 Thread 0x000001ac48cf83b0 DEOPT UNPACKING pc=0x000001ac33a82824 sp=0x0000005b31cfc398 mode 0
Event: 41.279 Thread 0x000001ac48cf83b0 DEOPT PACKING pc=0x000001ac344a7f1e sp=0x0000005b31cfcea0
Event: 41.280 Thread 0x000001ac48cf83b0 DEOPT UNPACKING pc=0x000001ac33a82824 sp=0x0000005b31cfc398 mode 0
Event: 42.080 Thread 0x000001ac48cfaa30 Uncommon trap: trap_request=0xffffffbe fr.pc=0x000001ac3b617354 relative=0x0000000000000b54
Event: 42.080 Thread 0x000001ac48cfaa30 Uncommon trap: reason=profile_predicate action=maybe_recompile pc=0x000001ac3b617354 method=java.util.TreeMap.put(Ljava/lang/Object;Ljava/lang/Object;Z)Ljava/lang/Object; @ 27 c2
Event: 42.080 Thread 0x000001ac48cfaa30 DEOPT PACKING pc=0x000001ac3b617354 sp=0x0000005b31ffe690
Event: 42.080 Thread 0x000001ac48cfaa30 DEOPT UNPACKING pc=0x000001ac33a8209d sp=0x0000005b31ffe630 mode 2
Event: 42.080 Thread 0x000001ac48cfaa30 Uncommon trap: trap_request=0xffffffbe fr.pc=0x000001ac3b617354 relative=0x0000000000000b54
Event: 42.080 Thread 0x000001ac48cfaa30 Uncommon trap: reason=profile_predicate action=maybe_recompile pc=0x000001ac3b617354 method=java.util.TreeMap.put(Ljava/lang/Object;Ljava/lang/Object;Z)Ljava/lang/Object; @ 27 c2
Event: 42.080 Thread 0x000001ac48cfaa30 DEOPT PACKING pc=0x000001ac3b617354 sp=0x0000005b31ffe690
Event: 42.080 Thread 0x000001ac48cfaa30 DEOPT UNPACKING pc=0x000001ac33a8209d sp=0x0000005b31ffe630 mode 2
Event: 42.080 Thread 0x000001ac48cfaa30 Uncommon trap: trap_request=0xffffffbe fr.pc=0x000001ac3b617354 relative=0x0000000000000b54
Event: 42.080 Thread 0x000001ac48cfaa30 Uncommon trap: reason=profile_predicate action=maybe_recompile pc=0x000001ac3b617354 method=java.util.TreeMap.put(Ljava/lang/Object;Ljava/lang/Object;Z)Ljava/lang/Object; @ 27 c2
Event: 42.080 Thread 0x000001ac48cfaa30 DEOPT PACKING pc=0x000001ac3b617354 sp=0x0000005b31ffe690
Event: 42.080 Thread 0x000001ac48cfaa30 DEOPT UNPACKING pc=0x000001ac33a8209d sp=0x0000005b31ffe630 mode 2
Event: 42.080 Thread 0x000001ac48cfaa30 Uncommon trap: trap_request=0xffffffbe fr.pc=0x000001ac3b617354 relative=0x0000000000000b54
Event: 42.080 Thread 0x000001ac48cfaa30 Uncommon trap: reason=profile_predicate action=maybe_recompile pc=0x000001ac3b617354 method=java.util.TreeMap.put(Ljava/lang/Object;Ljava/lang/Object;Z)Ljava/lang/Object; @ 27 c2
Event: 42.080 Thread 0x000001ac48cfaa30 DEOPT PACKING pc=0x000001ac3b617354 sp=0x0000005b31ffe690
Event: 42.080 Thread 0x000001ac48cfaa30 DEOPT UNPACKING pc=0x000001ac33a8209d sp=0x0000005b31ffe630 mode 2

Classes unloaded (7 events):
Event: 18.023 Thread 0x000001ac452ed160 Unloading class 0x0000000100210800 'java/lang/invoke/LambdaForm$MH+0x0000000100210800'
Event: 18.023 Thread 0x000001ac452ed160 Unloading class 0x0000000100210400 'java/lang/invoke/LambdaForm$MH+0x0000000100210400'
Event: 18.023 Thread 0x000001ac452ed160 Unloading class 0x0000000100210000 'java/lang/invoke/LambdaForm$MH+0x0000000100210000'
Event: 18.023 Thread 0x000001ac452ed160 Unloading class 0x000000010020f800 'java/lang/invoke/LambdaForm$MH+0x000000010020f800'
Event: 18.023 Thread 0x000001ac452ed160 Unloading class 0x000000010020f400 'java/lang/invoke/LambdaForm$BMH+0x000000010020f400'
Event: 18.023 Thread 0x000001ac452ed160 Unloading class 0x000000010020f000 'java/lang/invoke/LambdaForm$DMH+0x000000010020f000'
Event: 18.023 Thread 0x000001ac452ed160 Unloading class 0x000000010020c400 'java/lang/invoke/LambdaForm$DMH+0x000000010020c400'

Classes redefined (0 events):
No events

Internal exceptions (20 events):
Event: 42.262 Thread 0x000001ac48cf83b0 Exception <a 'sun/nio/fs/WindowsException'{0x00000000eb03a1b0}> (0x00000000eb03a1b0) 
thrown [s\src\hotspot\share\prims\jni.cpp, line 516]
Event: 42.263 Thread 0x000001ac48cf83b0 Exception <a 'sun/nio/fs/WindowsException'{0x00000000eb03a778}> (0x00000000eb03a778) 
thrown [s\src\hotspot\share\prims\jni.cpp, line 516]
Event: 44.290 Thread 0x000001ac48cf83b0 Exception <a 'java/lang/NoSuchMethodError'{0x00000000eb37f678}: 'int java.lang.invoke.DirectMethodHandle$Holder.invokeVirtual(java.lang.Object, java.lang.Object)'> (0x00000000eb37f678) 
thrown [s\src\hotspot\share\interpreter\linkResolver.cpp, line 759]
Event: 44.626 Thread 0x000001ac48cf7a10 Exception <a 'sun/nio/fs/WindowsException'{0x00000000eb41e5e0}> (0x00000000eb41e5e0) 
thrown [s\src\hotspot\share\prims\jni.cpp, line 516]
Event: 44.707 Thread 0x000001ac48cf7a10 Exception <a 'sun/nio/fs/WindowsException'{0x00000000eb437be8}> (0x00000000eb437be8) 
thrown [s\src\hotspot\share\prims\jni.cpp, line 516]
Event: 44.735 Thread 0x000001ac48cf7a10 Exception <a 'sun/nio/fs/WindowsException'{0x00000000eb43dc78}> (0x00000000eb43dc78) 
thrown [s\src\hotspot\share\prims\jni.cpp, line 516]
Event: 44.740 Thread 0x000001ac48cf7a10 Exception <a 'sun/nio/fs/WindowsException'{0x00000000eb441240}> (0x00000000eb441240) 
thrown [s\src\hotspot\share\prims\jni.cpp, line 516]
Event: 44.741 Thread 0x000001ac48cf7a10 Exception <a 'sun/nio/fs/WindowsException'{0x00000000eb442030}> (0x00000000eb442030) 
thrown [s\src\hotspot\share\prims\jni.cpp, line 516]
Event: 44.807 Thread 0x000001ac48cf7a10 Exception <a 'sun/nio/fs/WindowsException'{0x00000000eb46fe38}> (0x00000000eb46fe38) 
thrown [s\src\hotspot\share\prims\jni.cpp, line 516]
Event: 44.894 Thread 0x000001ac48cf7a10 Exception <a 'sun/nio/fs/WindowsException'{0x00000000eb47ff98}> (0x00000000eb47ff98) 
thrown [s\src\hotspot\share\prims\jni.cpp, line 516]
Event: 45.285 Thread 0x000001ac48cf7a10 Exception <a 'sun/nio/fs/WindowsException'{0x00000000eb4dcc68}> (0x00000000eb4dcc68) 
thrown [s\src\hotspot\share\prims\jni.cpp, line 516]
Event: 45.673 Thread 0x000001ac48cf7a10 Exception <a 'sun/nio/fs/WindowsException'{0x00000000eb4f3f00}> (0x00000000eb4f3f00) 
thrown [s\src\hotspot\share\prims\jni.cpp, line 516]
Event: 46.109 Thread 0x000001ac48cf7a10 Exception <a 'sun/nio/fs/WindowsException'{0x00000000eb55ac58}> (0x00000000eb55ac58) 
thrown [s\src\hotspot\share\prims\jni.cpp, line 516]
Event: 46.128 Thread 0x000001ac48cf7a10 Exception <a 'sun/nio/fs/WindowsException'{0x00000000eb561198}> (0x00000000eb561198) 
thrown [s\src\hotspot\share\prims\jni.cpp, line 516]
Event: 46.230 Thread 0x000001ac48cf7a10 Exception <a 'sun/nio/fs/WindowsException'{0x00000000eb566da8}> (0x00000000eb566da8) 
thrown [s\src\hotspot\share\prims\jni.cpp, line 516]
Event: 46.243 Thread 0x000001ac48cf7a10 Exception <a 'sun/nio/fs/WindowsException'{0x00000000eb56ca68}> (0x00000000eb56ca68) 
thrown [s\src\hotspot\share\prims\jni.cpp, line 516]
Event: 46.407 Thread 0x000001ac48cf7a10 Exception <a 'sun/nio/fs/WindowsException'{0x00000000eb579308}> (0x00000000eb579308) 
thrown [s\src\hotspot\share\prims\jni.cpp, line 516]
Event: 46.723 Thread 0x000001ac48cf7a10 Exception <a 'java/io/FileNotFoundException'{0x00000000eb5ca070}> (0x00000000eb5ca070) 
thrown [s\src\hotspot\share\prims\jni.cpp, line 516]
Event: 46.725 Thread 0x000001ac48cf7a10 Exception <a 'java/io/FileNotFoundException'{0x00000000eb5cb640}> (0x00000000eb5cb640) 
thrown [s\src\hotspot\share\prims\jni.cpp, line 516]
Event: 47.155 Thread 0x000001ac48cf7a10 Exception <a 'sun/nio/fs/WindowsException'{0x00000000eb65c9d0}> (0x00000000eb65c9d0) 
thrown [s\src\hotspot\share\prims\jni.cpp, line 516]

VM Operations (20 events):
Event: 37.259 Executing VM operation: Cleanup
Event: 37.276 Executing VM operation: Cleanup done
Event: 38.282 Executing VM operation: Cleanup
Event: 38.346 Executing VM operation: Cleanup done
Event: 39.235 Executing VM operation: HandshakeAllThreads
Event: 39.246 Executing VM operation: HandshakeAllThreads done
Event: 40.270 Executing VM operation: Cleanup
Event: 40.329 Executing VM operation: Cleanup done
Event: 40.334 Executing VM operation: ParallelGCFailedAllocation
Event: 40.353 Executing VM operation: ParallelGCFailedAllocation done
Event: 42.371 Executing VM operation: Cleanup
Event: 42.382 Executing VM operation: Cleanup done
Event: 43.387 Executing VM operation: Cleanup
Event: 43.387 Executing VM operation: Cleanup done
Event: 44.388 Executing VM operation: Cleanup
Event: 44.388 Executing VM operation: Cleanup done
Event: 45.389 Executing VM operation: Cleanup
Event: 45.389 Executing VM operation: Cleanup done
Event: 47.403 Executing VM operation: Cleanup
Event: 47.403 Executing VM operation: Cleanup done

Events (20 events):
Event: 42.583 loading class java/util/concurrent/ForkJoinTask done
Event: 42.583 loading class java/util/concurrent/CompletableFuture$Completion done
Event: 43.050 loading class java/nio/file/AccessDeniedException
Event: 43.051 loading class java/nio/file/AccessDeniedException done
Event: 43.051 loading class java/nio/file/DirectoryNotEmptyException
Event: 43.052 loading class java/nio/file/DirectoryNotEmptyException done
Event: 44.298 loading class java/util/stream/SortedOps$SizedRefSortingSink
Event: 44.299 loading class java/util/stream/SortedOps$SizedRefSortingSink done
Event: 44.361 loading class java/nio/file/attribute/DosFileAttributeView
Event: 44.362 loading class java/nio/file/attribute/DosFileAttributeView done
Event: 44.362 loading class sun/nio/fs/WindowsFileAttributeViews$Dos
Event: 44.362 loading class sun/nio/fs/WindowsFileAttributeViews$Dos done
Event: 45.724 loading class org/xml/sax/SAXParseException
Event: 45.725 loading class org/xml/sax/SAXParseException done
Event: 45.843 loading class java/io/DataOutputStream
Event: 45.844 loading class java/io/DataOutputStream done
Event: 46.512 loading class java/util/ArrayDeque$DeqSpliterator
Event: 46.513 loading class java/util/ArrayDeque$DeqSpliterator done
Event: 46.594 loading class java/util/WeakHashMap$KeyIterator
Event: 46.595 loading class java/util/WeakHashMap$KeyIterator done


Dynamic libraries:
0x00007ff675c50000 - 0x00007ff675c5e000 	c:\Users\POSITIVO\.vscode\extensions\redhat.java-1.10.0-win32-x64\jre\17.0.4-win32-x86_64\bin\java.exe
0x00007ffd93690000 - 0x00007ffd93888000 	C:\Windows\SYSTEM32\ntdll.dll
0x00007ffd71450000 - 0x00007ffd71467000 	C:\Program Files\Avast Software\Avast\aswhook.dll
0x00007ffd92d90000 - 0x00007ffd92e4d000 	C:\Windows\System32\KERNEL32.DLL
0x00007ffd91130000 - 0x00007ffd913fe000 	C:\Windows\System32\KERNELBASE.dll
0x00007ffd90db0000 - 0x00007ffd90eb0000 	C:\Windows\System32\ucrtbase.dll
0x00007ffd8e5a0000 - 0x00007ffd8e5b8000 	c:\Users\POSITIVO\.vscode\extensions\redhat.java-1.10.0-win32-x64\jre\17.0.4-win32-x86_64\bin\jli.dll
0x00007ffd91c90000 - 0x00007ffd91e30000 	C:\Windows\System32\USER32.dll
0x00007ffd90eb0000 - 0x00007ffd90ed2000 	C:\Windows\System32\win32u.dll
0x00007ffd92a10000 - 0x00007ffd92a3a000 	C:\Windows\System32\GDI32.dll
0x00007ffd91020000 - 0x00007ffd9112b000 	C:\Windows\System32\gdi32full.dll
0x00007ffd914a0000 - 0x00007ffd9153d000 	C:\Windows\System32\msvcp_win.dll
0x00007ffd8c090000 - 0x00007ffd8c0a9000 	c:\Users\POSITIVO\.vscode\extensions\redhat.java-1.10.0-win32-x64\jre\17.0.4-win32-x86_64\bin\VCRUNTIME140.dll
0x00007ffd7b500000 - 0x00007ffd7b79a000 	C:\Windows\WinSxS\amd64_microsoft.windows.common-controls_6595b64144ccf1df_6.0.19041.1110_none_60b5254171f9507e\COMCTL32.dll
0x00007ffd92e50000 - 0x00007ffd92eee000 	C:\Windows\System32\msvcrt.dll
0x00007ffd93090000 - 0x00007ffd930c0000 	C:\Windows\System32\IMM32.DLL
0x00007ffd8e590000 - 0x00007ffd8e59c000 	c:\Users\POSITIVO\.vscode\extensions\redhat.java-1.10.0-win32-x64\jre\17.0.4-win32-x86_64\bin\vcruntime140_1.dll
0x00007ffd6e5c0000 - 0x00007ffd6e651000 	c:\Users\POSITIVO\.vscode\extensions\redhat.java-1.10.0-win32-x64\jre\17.0.4-win32-x86_64\bin\msvcp140.dll
0x00007ffd43b70000 - 0x00007ffd447b6000 	c:\Users\POSITIVO\.vscode\extensions\redhat.java-1.10.0-win32-x64\jre\17.0.4-win32-x86_64\bin\server\jvm.dll
0x00007ffd93540000 - 0x00007ffd935ee000 	C:\Windows\System32\ADVAPI32.dll
0x00007ffd92070000 - 0x00007ffd9210c000 	C:\Windows\System32\sechost.dll
0x00007ffd92f00000 - 0x00007ffd93025000 	C:\Windows\System32\RPCRT4.dll
0x00007ffd92ef0000 - 0x00007ffd92ef8000 	C:\Windows\System32\PSAPI.DLL
0x00007ffd83b40000 - 0x00007ffd83b49000 	C:\Windows\SYSTEM32\WSOCK32.dll
0x00007ffd92b10000 - 0x00007ffd92b7b000 	C:\Windows\System32\WS2_32.dll
0x00007ffd82fc0000 - 0x00007ffd82fe7000 	C:\Windows\SYSTEM32\WINMM.dll
0x00007ffd85f90000 - 0x00007ffd85f9a000 	C:\Windows\SYSTEM32\VERSION.dll
0x00007ffd8ec80000 - 0x00007ffd8ec92000 	C:\Windows\SYSTEM32\kernel.appcore.dll
0x00007ffd8bcc0000 - 0x00007ffd8bcca000 	c:\Users\POSITIVO\.vscode\extensions\redhat.java-1.10.0-win32-x64\jre\17.0.4-win32-x86_64\bin\jimage.dll
0x00007ffd858f0000 - 0x00007ffd85ad4000 	C:\Windows\SYSTEM32\DBGHELP.DLL
0x00007ffd858c0000 - 0x00007ffd858ec000 	C:\Windows\SYSTEM32\dbgcore.DLL
0x00007ffd90f90000 - 0x00007ffd91012000 	C:\Windows\System32\bcryptPrimitives.dll
0x00007ffd8bcb0000 - 0x00007ffd8bcbe000 	c:\Users\POSITIVO\.vscode\extensions\redhat.java-1.10.0-win32-x64\jre\17.0.4-win32-x86_64\bin\instrument.dll
0x00007ffd8a660000 - 0x00007ffd8a685000 	c:\Users\POSITIVO\.vscode\extensions\redhat.java-1.10.0-win32-x64\jre\17.0.4-win32-x86_64\bin\java.dll
0x00007ffd8a640000 - 0x00007ffd8a658000 	c:\Users\POSITIVO\.vscode\extensions\redhat.java-1.10.0-win32-x64\jre\17.0.4-win32-x86_64\bin\zip.dll
0x00007ffd922c0000 - 0x00007ffd92a03000 	C:\Windows\System32\SHELL32.dll
0x00007ffd8eea0000 - 0x00007ffd8f635000 	C:\Windows\SYSTEM32\windows.storage.dll
0x00007ffd930c0000 - 0x00007ffd93414000 	C:\Windows\System32\combase.dll
0x00007ffd90740000 - 0x00007ffd90770000 	C:\Windows\SYSTEM32\Wldp.dll
0x00007ffd92a60000 - 0x00007ffd92b0d000 	C:\Windows\System32\SHCORE.dll
0x00007ffd93030000 - 0x00007ffd93085000 	C:\Windows\System32\shlwapi.dll
0x00007ffd90cf0000 - 0x00007ffd90d0f000 	C:\Windows\SYSTEM32\profapi.dll
0x00007ffd8a620000 - 0x00007ffd8a639000 	C:\Users\POSITIVO\.vscode\extensions\redhat.java-1.10.0-win32-x64\jre\17.0.4-win32-x86_64\bin\net.dll
0x00007ffd8b320000 - 0x00007ffd8b42a000 	C:\Windows\SYSTEM32\WINHTTP.dll
0x00007ffd904a0000 - 0x00007ffd9050a000 	C:\Windows\system32\mswsock.dll
0x00007ffd8a600000 - 0x00007ffd8a615000 	C:\Users\POSITIVO\.vscode\extensions\redhat.java-1.10.0-win32-x64\jre\17.0.4-win32-x86_64\bin\nio.dll
0x00007ffd8bc70000 - 0x00007ffd8bc80000 	c:\Users\POSITIVO\.vscode\extensions\redhat.java-1.10.0-win32-x64\jre\17.0.4-win32-x86_64\bin\verify.dll
0x00007ffd8a100000 - 0x00007ffd8a13e000 	C:\Users\POSITIVO\AppData\Roaming\Code\User\globalStorage\redhat.java\1.10.0\config_ss_win\org.eclipse.equinox.launcher\org.eclipse.equinox.launcher.win32.win32.x86_64_1.2.500.v20220509-0833\eclipse_11700.dll
0x00007ffd92c60000 - 0x00007ffd92d8a000 	C:\Windows\System32\ole32.dll
0x00007ffd8a160000 - 0x00007ffd8a169000 	C:\Users\POSITIVO\.vscode\extensions\redhat.java-1.10.0-win32-x64\jre\17.0.4-win32-x86_64\bin\management.dll
0x00007ffd8a0f0000 - 0x00007ffd8a0fb000 	C:\Users\POSITIVO\.vscode\extensions\redhat.java-1.10.0-win32-x64\jre\17.0.4-win32-x86_64\bin\management_ext.dll
0x00007ffd90690000 - 0x00007ffd906a8000 	C:\Windows\SYSTEM32\CRYPTSP.dll
0x00007ffd8fe20000 - 0x00007ffd8fe54000 	C:\Windows\system32\rsaenh.dll
0x00007ffd91400000 - 0x00007ffd91427000 	C:\Windows\System32\bcrypt.dll
0x00007ffd90cb0000 - 0x00007ffd90cde000 	C:\Windows\SYSTEM32\USERENV.dll
0x00007ffd906b0000 - 0x00007ffd906bc000 	C:\Windows\SYSTEM32\CRYPTBASE.dll
0x00007ffd90190000 - 0x00007ffd901cb000 	C:\Windows\SYSTEM32\IPHLPAPI.DLL
0x00007ffd92be0000 - 0x00007ffd92be8000 	C:\Windows\System32\NSI.dll
0x00007ffd864b0000 - 0x00007ffd864c7000 	C:\Windows\SYSTEM32\dhcpcsvc6.DLL
0x00007ffd864d0000 - 0x00007ffd864ed000 	C:\Windows\SYSTEM32\dhcpcsvc.DLL
0x00007ffd901d0000 - 0x00007ffd9029a000 	C:\Windows\SYSTEM32\DNSAPI.dll
0x00007ffd7f230000 - 0x00007ffd7f274000 	C:\Users\POSITIVO\AppData\Local\Temp\jna-1530432003\jna7967207018410233575.dll

dbghelp: loaded successfully - version: 4.0.5 - missing functions: none
symbol engine: initialized successfully - sym options: 0x614 - pdb path: .;c:\Users\POSITIVO\.vscode\extensions\redhat.java-1.10.0-win32-x64\jre\17.0.4-win32-x86_64\bin;C:\Windows\SYSTEM32;C:\Program Files\Avast Software\Avast;C:\Windows\WinSxS\amd64_microsoft.windows.common-controls_6595b64144ccf1df_6.0.19041.1110_none_60b5254171f9507e;c:\Users\POSITIVO\.vscode\extensions\redhat.java-1.10.0-win32-x64\jre\17.0.4-win32-x86_64\bin\server;C:\Users\POSITIVO\AppData\Roaming\Code\User\globalStorage\redhat.java\1.10.0\config_ss_win\org.eclipse.equinox.launcher\org.eclipse.equinox.launcher.win32.win32.x86_64_1.2.500.v20220509-0833;C:\Users\POSITIVO\AppData\Local\Temp\jna-1530432003

VM Arguments:
jvm_args: --add-modules=ALL-SYSTEM --add-opens=java.base/java.util=ALL-UNNAMED --add-opens=java.base/java.lang=ALL-UNNAMED --add-opens=java.base/sun.nio.fs=ALL-UNNAMED -Declipse.application=org.eclipse.jdt.ls.core.id1 -Dosgi.bundles.defaultStartLevel=4 -Declipse.product=org.eclipse.jdt.ls.core.product -Djava.import.generatesMetadataFilesAtProjectRoot=false -Dfile.encoding=utf8 -DwatchParentProcess=false -XX:+UseParallelGC -XX:GCTimeRatio=4 -XX:AdaptiveSizePolicyWeight=90 -Dsun.zip.disableMemoryMapping=true -Xmx1G -Xms100m -Xlog:jni+resolve=off -javaagent:c:\Users\POSITIVO\.vscode\extensions\redhat.java-1.10.0-win32-x64\lombok\lombok-1.18.24.jar 
java_command: c:\Users\POSITIVO\.vscode\extensions\redhat.java-1.10.0-win32-x64\server\plugins\org.eclipse.equinox.launcher_1.6.400.v20210924-0641.jar -configuration c:\Users\POSITIVO\AppData\Roaming\Code\User\globalStorage\redhat.java\1.10.0\config_ss_win -data c:\Users\POSITIVO\AppData\Roaming\Code\User\workspaceStorage\8ec930336ebd1d15844ebf1d7341b1a9\redhat.java\ss_ws
java_class_path (initial): c:\Users\POSITIVO\.vscode\extensions\redhat.java-1.10.0-win32-x64\server\plugins\org.eclipse.equinox.launcher_1.6.400.v20210924-0641.jar
Launcher Type: SUN_STANDARD

[Global flags]
    uintx AdaptiveSizePolicyWeight                 = 90                                        {product} {command line}
     intx CICompilerCount                          = 3                                         {product} {ergonomic}
    uintx GCTimeRatio                              = 4                                         {product} {command line}
   size_t InitialHeapSize                          = 104857600                                 {product} {command line}
   size_t MaxHeapSize                              = 1073741824                                {product} {command line}
   size_t MaxNewSize                               = 357564416                                 {product} {ergonomic}
   size_t MinHeapDeltaBytes                        = 524288                                    {product} {ergonomic}
   size_t MinHeapSize                              = 104857600                                 {product} {command line}
   size_t NewSize                                  = 34603008                                  {product} {ergonomic}
    uintx NonNMethodCodeHeapSize                   = 5832780                                {pd product} {ergonomic}
    uintx NonProfiledCodeHeapSize                  = 122912730                              {pd product} {ergonomic}
   size_t OldSize                                  = 70254592                                  {product} {ergonomic}
    uintx ProfiledCodeHeapSize                     = 122912730                              {pd product} {ergonomic}
    uintx ReservedCodeCacheSize                    = 251658240                              {pd product} {ergonomic}
     bool SegmentedCodeCache                       = true                                      {product} {ergonomic}
   size_t SoftMaxHeapSize                          = 1073741824                             {manageable} {ergonomic}
     bool UseCompressedClassPointers               = true                           {product lp64_product} {ergonomic}
     bool UseCompressedOops                        = true                           {product lp64_product} {ergonomic}
     bool UseLargePagesIndividualAllocation        = false                                  {pd product} {ergonomic}
     bool UseParallelGC                            = true                                      {product} {command line}

Logging:
Log output configuration:
 #0: stdout all=warning,jni+resolve=off uptime,level,tags
 #1: stderr all=off uptime,level,tags

Environment Variables:
PATH=C:\Program Files\Common Files\Oracle\Java\javapath;C:\Program Files (x86)\Common Files\Oracle\Java\javapath;C:\Windows\system32;C:\Windows;C:\Windows\System32\Wbem;C:\Windows\System32\WindowsPowerShell\v1.0\;C:\Windows\System32\OpenSSH\;C:\Program Files\Git\cmd;C:\Users\POSITIVO\AppData\Local\Programs\Python\Python310\Scripts\;C:\Users\POSITIVO\AppData\Local\Programs\Python\Python310\;C:\Users\POSITIVO\AppData\Local\Microsoft\WindowsApps;C:\Users\POSITIVO\AppData\Local\JetBrains\Toolbox\scripts;C:\Users\POSITIVO\AppData\Local\Programs\Microsoft VS Code\bin
USERNAME=POSITIVO
OS=Windows_NT
PROCESSOR_IDENTIFIER=Intel64 Family 6 Model 76 Stepping 4, GenuineIntel
TMP=C:\Users\POSITIVO\AppData\Local\Temp
TEMP=C:\Users\POSITIVO\AppData\Local\Temp



---------------  S Y S T E M  ---------------

OS:
 Windows 10 , 64 bit Build 19041 (10.0.19041.1889)
OS uptime: 0 days 0:40 hours

CPU: total 4 (initial active 4) (4 cores per cpu, 1 threads per core) family 6 model 76 stepping 4 microcode 0x411, cx8, cmov, fxsr, mmx, 3dnowpref, sse, sse2, sse3, ssse3, sse4.1, sse4.2, popcnt, tsc, tscinvbit, aes, erms, clmul, clflush

Memory: 4k page, system-wide physical 1848M (322M free)
TotalPageFile size 3167M (AvailPageFile size 0M)
current process WorkingSet (physical memory assigned to process): 84M, peak: 128M
current process commit charge ("private bytes"): 219M, peak: 238M

vm_info: OpenJDK 64-Bit Server VM (17.0.4+8) for windows-amd64 JRE (17.0.4+8), built on Jul 19 2022 16:05:16 by "temurin" with MS VC++ 16.7 (VS2019)

END.
