#
# There is insufficient memory for the Java Runtime Environment to continue.
# Native memory allocation (malloc) failed to allocate 32744 bytes for ChunkPool::allocate
# Possible reasons:
#   The system is out of physical RAM or swap space
#   The process is running with CompressedOops enabled, and the Java Heap may be blocking the growth of the native heap
# Possible solutions:
#   Reduce memory load on the system
#   Increase physical memory or swap space
#   Check if swap backing store is full
#   Decrease Java heap size (-Xmx/-Xms)
#   Decrease number of Java threads
#   Decrease Java thread stack sizes (-Xss)
#   Set larger code cache with -XX:ReservedCodeCacheSize=
#   JVM is running with Unscaled Compressed Oops mode in which the Java heap is
#     placed in the first 4GB address space. The Java Heap base address is the
#     maximum limit for the native heap growth. Please use -XX:HeapBaseMinAddress
#     to set the Java Heap base and to place the Java Heap above 4GB virtual address.
# This output file may be truncated or incomplete.
#
#  Out of Memory Error (arena.cpp:78), pid=1184, tid=7268
#
# JRE version: OpenJDK Runtime Environment Temurin-17.0.4+8 (17.0.4+8) (build 17.0.4+8)
# Java VM: OpenJDK 64-Bit Server VM Temurin-17.0.4+8 (17.0.4+8, mixed mode, tiered, compressed oops, compressed class ptrs, parallel gc, windows-amd64)
# No core dump will be written. Minidumps are not enabled by default on client versions of Windows
#

---------------  S U M M A R Y ------------

Command Line: --add-modules=ALL-SYSTEM --add-opens=java.base/java.util=ALL-UNNAMED --add-opens=java.base/java.lang=ALL-UNNAMED --add-opens=java.base/sun.nio.fs=ALL-UNNAMED -Declipse.application=org.eclipse.jdt.ls.core.id1 -Dosgi.bundles.defaultStartLevel=4 -Declipse.product=org.eclipse.jdt.ls.core.product -Djava.import.generatesMetadataFilesAtProjectRoot=false -Dfile.encoding=utf8 -DwatchParentProcess=false -XX:+UseParallelGC -XX:GCTimeRatio=4 -XX:AdaptiveSizePolicyWeight=90 -Dsun.zip.disableMemoryMapping=true -Xmx1G -Xms100m -Xlog:jni+resolve=off -javaagent:c:\Users\POSITIVO\.vscode\extensions\redhat.java-1.10.0-win32-x64\lombok\lombok-1.18.24.jar -XX:+HeapDumpOnOutOfMemoryError -XX:HeapDumpPath=c:\Users\POSITIVO\AppData\Roaming\Code\User\workspaceStorage\8ec930336ebd1d15844ebf1d7341b1a9\redhat.java c:\Users\POSITIVO\.vscode\extensions\redhat.java-1.10.0-win32-x64\server\plugins\org.eclipse.equinox.launcher_1.6.400.v20210924-0641.jar -configuration c:\Users\POSITIVO\AppData\Roaming\Code\User\globalStorage\redhat.java\1.10.0\config_win -data c:\Users\POSITIVO\AppData\Roaming\Code\User\workspaceStorage\8ec930336ebd1d15844ebf1d7341b1a9\redhat.java\jdt_ws

Host: Intel(R) Atom(TM) x5-Z8350  CPU @ 1.44GHz, 4 cores, 1G,  Windows 10 , 64 bit Build 19041 (10.0.19041.1889)
Time: Thu Oct  6 14:20:16 2022 Hora oficial do Brasil elapsed time: 81.261274 seconds (0d 0h 1m 21s)

---------------  T H R E A D  ---------------

Current thread (0x000001937f3b81d0):  JavaThread "C2 CompilerThread0" daemon [_thread_in_native, id=7268, stack(0x00000064efc00000,0x00000064efd00000)]


Current CompileTask:
C2:  81261 4945       4       org.eclipse.osgi.internal.loader.BundleLoader::addExportedProvidersFor (167 bytes)

Stack: [0x00000064efc00000,0x00000064efd00000]
Native frames: (J=compiled Java code, j=interpreted, Vv=VM code, C=native code)
V  [jvm.dll+0x67733a]
V  [jvm.dll+0x8323c4]
V  [jvm.dll+0x833b6e]
V  [jvm.dll+0x8341d3]
V  [jvm.dll+0x2455e5]
V  [jvm.dll+0xabfc0]
V  [jvm.dll+0xac30c]
V  [jvm.dll+0x68808d]
V  [jvm.dll+0x68498c]
V  [jvm.dll+0x1a71cc]
V  [jvm.dll+0x2ab8e4]
V  [jvm.dll+0x68f6c7]
V  [jvm.dll+0x6877ab]
V  [jvm.dll+0x686de7]
V  [jvm.dll+0x684ce2]
V  [jvm.dll+0x1a71cc]
V  [jvm.dll+0x1a7d96]
V  [jvm.dll+0x2ab8e4]
V  [jvm.dll+0x68f6c7]
V  [jvm.dll+0x6877ab]
V  [jvm.dll+0x686de7]
V  [jvm.dll+0x684ce2]
V  [jvm.dll+0x1a71cc]
V  [jvm.dll+0x1a7d96]
V  [jvm.dll+0x1a7d96]
V  [jvm.dll+0x2ab8e4]
V  [jvm.dll+0x68f6c7]
V  [jvm.dll+0x6877ab]
V  [jvm.dll+0x686de7]
V  [jvm.dll+0x684ce2]
V  [jvm.dll+0x1a71cc]
V  [jvm.dll+0x1a7d96]
V  [jvm.dll+0x2ab8e4]
V  [jvm.dll+0x68f6c7]
V  [jvm.dll+0x6877ab]
V  [jvm.dll+0x686de7]
V  [jvm.dll+0x684ce2]
V  [jvm.dll+0x1a71cc]
V  [jvm.dll+0x1a7d96]
V  [jvm.dll+0x2ab8e4]
V  [jvm.dll+0x68f6c7]
V  [jvm.dll+0x6877ab]
V  [jvm.dll+0x686de7]
V  [jvm.dll+0x684ce2]
V  [jvm.dll+0x1a71cc]
V  [jvm.dll+0x1a7d96]
V  [jvm.dll+0x2ab8e4]
V  [jvm.dll+0x68f6c7]
V  [jvm.dll+0x6877ab]
V  [jvm.dll+0x686de7]
V  [jvm.dll+0x684ce2]
V  [jvm.dll+0x1a71cc]
V  [jvm.dll+0x1a7d96]
V  [jvm.dll+0x2ab8e4]
V  [jvm.dll+0x68f6c7]
V  [jvm.dll+0x6877ab]
V  [jvm.dll+0x686de7]
V  [jvm.dll+0x684ce2]
V  [jvm.dll+0x1a71cc]
V  [jvm.dll+0x2ab8e4]
V  [jvm.dll+0x68f6c7]
V  [jvm.dll+0x6877ab]
V  [jvm.dll+0x686de7]
V  [jvm.dll+0x684ce2]
V  [jvm.dll+0x1a71cc]
V  [jvm.dll+0x2174b8]
V  [jvm.dll+0x1a3f8d]
V  [jvm.dll+0x227308]
V  [jvm.dll+0x225455]
V  [jvm.dll+0x7e7eeb]
V  [jvm.dll+0x7e245a]
V  [jvm.dll+0x6761c5]
C  [ucrtbase.dll+0x21bb2]
C  [KERNEL32.DLL+0x17034]
C  [ntdll.dll+0x526a1]


---------------  P R O C E S S  ---------------

Threads class SMR info:
_java_thread_list=0x0000019306056330, length=25, elements={
0x0000019369605320, 0x000001937f383330, 0x000001937f383ee0, 0x000001937f3b36f0,
0x000001937f3b42a0, 0x000001937f3b5c60, 0x000001937f3b7530, 0x000001937f3b81d0,
0x000001937f3fe9e0, 0x0000019300dfeb80, 0x0000019300e6eb30, 0x0000019301055de0,
0x0000019301301760, 0x0000019302400640, 0x00000193012dce80, 0x00000193016bd680,
0x0000019301686780, 0x0000019301686c50, 0x0000019301685910, 0x0000019301687ac0,
0x0000019301684100, 0x00000193016845d0, 0x0000019301687120, 0x0000019301684aa0,
0x0000019301685440
}

Java Threads: ( => current thread )
  0x0000019369605320 JavaThread "main" [_thread_blocked, id=4084, stack(0x00000064ef300000,0x00000064ef400000)]
  0x000001937f383330 JavaThread "Reference Handler" daemon [_thread_blocked, id=3780, stack(0x00000064ef600000,0x00000064ef700000)]
  0x000001937f383ee0 JavaThread "Finalizer" daemon [_thread_blocked, id=3828, stack(0x00000064ef700000,0x00000064ef800000)]
  0x000001937f3b36f0 JavaThread "Signal Dispatcher" daemon [_thread_blocked, id=4968, stack(0x00000064ef800000,0x00000064ef900000)]
  0x000001937f3b42a0 JavaThread "Attach Listener" daemon [_thread_blocked, id=3500, stack(0x00000064ef900000,0x00000064efa00000)]
  0x000001937f3b5c60 JavaThread "Service Thread" daemon [_thread_blocked, id=7904, stack(0x00000064efa00000,0x00000064efb00000)]
  0x000001937f3b7530 JavaThread "Monitor Deflation Thread" daemon [_thread_blocked, id=1192, stack(0x00000064efb00000,0x00000064efc00000)]
=>0x000001937f3b81d0 JavaThread "C2 CompilerThread0" daemon [_thread_in_native, id=7268, stack(0x00000064efc00000,0x00000064efd00000)]
  0x000001937f3fe9e0 JavaThread "C1 CompilerThread0" daemon [_thread_in_native, id=6692, stack(0x00000064efd00000,0x00000064efe00000)]
  0x0000019300dfeb80 JavaThread "Sweeper thread" daemon [_thread_blocked, id=3804, stack(0x00000064efe00000,0x00000064eff00000)]
  0x0000019300e6eb30 JavaThread "Common-Cleaner" daemon [_thread_blocked, id=1896, stack(0x00000064eff00000,0x00000064f0000000)]
  0x0000019301055de0 JavaThread "Notification Thread" daemon [_thread_blocked, id=1656, stack(0x00000064f0000000,0x00000064f0100000)]
  0x0000019301301760 JavaThread "Active Thread: Equinox Container: f74cbcc4-db94-41ab-9b47-53946c25b6e1" [_thread_blocked, id=5188, stack(0x00000064f0500000,0x00000064f0600000)]
  0x0000019302400640 JavaThread "Framework Event Dispatcher: Equinox Container: f74cbcc4-db94-41ab-9b47-53946c25b6e1" daemon [_thread_blocked, id=4572, stack(0x00000064f0600000,0x00000064f0700000)]
  0x00000193012dce80 JavaThread "Start Level: Equinox Container: f74cbcc4-db94-41ab-9b47-53946c25b6e1" daemon [_thread_blocked, id=7844, stack(0x00000064f0700000,0x00000064f0800000)]
  0x00000193016bd680 JavaThread "SCR Component Actor" daemon [_thread_blocked, id=2780, stack(0x00000064f0800000,0x00000064f0900000)]
  0x0000019301686780 JavaThread "Bundle File Closer" daemon [_thread_blocked, id=7052, stack(0x00000064f0a00000,0x00000064f0b00000)]
  0x0000019301686c50 JavaThread "Worker-JM" [_thread_blocked, id=5468, stack(0x00000064f0b00000,0x00000064f0c00000)]
  0x0000019301685910 JavaThread "Worker-0" [_thread_blocked, id=872, stack(0x00000064f0c00000,0x00000064f0d00000)]
  0x0000019301687ac0 JavaThread "Worker-1" [_thread_blocked, id=7044, stack(0x00000064f0d00000,0x00000064f0e00000)]
  0x0000019301684100 JavaThread "Worker-2" [_thread_blocked, id=4148, stack(0x00000064ef100000,0x00000064ef200000)]
  0x00000193016845d0 JavaThread "Java indexing" daemon [_thread_blocked, id=6084, stack(0x00000064f0900000,0x00000064f0a00000)]
  0x0000019301687120 JavaThread "Worker-3: Initialize Workspace" [_thread_in_native, id=1228, stack(0x00000064f0e00000,0x00000064f0f00000)]
  0x0000019301684aa0 JavaThread "pool-1-thread-1" [_thread_blocked, id=7264, stack(0x00000064f0f00000,0x00000064f1000000)]
  0x0000019301685440 JavaThread "Keep-Alive-Timer" daemon [_thread_blocked, id=7548, stack(0x00000064f1300000,0x00000064f1400000)]

Other Threads:
  0x000001937f36d610 VMThread "VM Thread" [stack: 0x00000064ef500000,0x00000064ef600000] [id=6544]
  0x0000019301035440 WatcherThread [stack: 0x00000064f0100000,0x00000064f0200000] [id=1116]
  0x000001936961a490 GCTaskThread "GC Thread#0" [stack: 0x00000064ef400000,0x00000064ef500000] [id=7292]
  0x0000019301246480 GCTaskThread "GC Thread#1" [stack: 0x00000064f0200000,0x00000064f0300000] [id=1488]
  0x0000019301246730 GCTaskThread "GC Thread#2" [stack: 0x00000064f0300000,0x00000064f0400000] [id=5920]
  0x00000193012469e0 GCTaskThread "GC Thread#3" [stack: 0x00000064f0400000,0x00000064f0500000] [id=3628]

Threads with active compile tasks:
C2 CompilerThread0    81834 4945       4       org.eclipse.osgi.internal.loader.BundleLoader::addExportedProvidersFor (167 bytes)
C1 CompilerThread0    81835 4955       3       sun.nio.fs.WindowsPathParser::parse (384 bytes)

VM state: not at safepoint (normal execution)

VM Mutex/Monitor currently owned by a thread: None

Heap address: 0x00000000c0000000, size: 1024 MB, Compressed Oops mode: 32-bit

CDS archive(s) not mapped
Compressed class space mapped at: 0x0000000100000000-0x0000000140000000, reserved size: 1073741824
Narrow klass base: 0x0000000000000000, Narrow klass shift: 3, Narrow klass range: 0x140000000

GC Precious Log:
 CPUs: 4 total, 4 available
 Memory: 1848M
 Large Page Support: Disabled
 NUMA Support: Disabled
 Compressed Oops: Enabled (32-bit)
 Alignments: Space 512K, Generation 512K, Heap 2M
 Heap Min Capacity: 100M
 Heap Initial Capacity: 100M
 Heap Max Capacity: 1G
 Pre-touch: Disabled
 Parallel Workers: 4

Heap:
 PSYoungGen      total 22528K, used 19490K [0x00000000eab00000, 0x00000000ec880000, 0x0000000100000000)
  eden space 22016K, 86% used [0x00000000eab00000,0x00000000ebd8af00,0x00000000ec080000)
  from space 512K, 98% used [0x00000000ec580000,0x00000000ec5fdca8,0x00000000ec600000)
  to   space 4096K, 0% used [0x00000000ec080000,0x00000000ec080000,0x00000000ec480000)
 ParOldGen       total 68608K, used 16899K [0x00000000c0000000, 0x00000000c4300000, 0x00000000eab00000)
  object space 68608K, 24% used [0x00000000c0000000,0x00000000c1080f10,0x00000000c4300000)
 Metaspace       used 47892K, committed 48640K, reserved 1097728K
  class space    used 5237K, committed 5568K, reserved 1048576K

Card table byte_map: [0x000001937cc90000,0x000001937cea0000] _byte_map_base: 0x000001937c690000

Marking Bits: (ParMarkBitMap*) 0x00007ffd446f2cd0
 Begin Bits: [0x000001937d000000, 0x000001937e000000)
 End Bits:   [0x000001937e000000, 0x000001937f000000)

Polling page: 0x00000193693f0000

Metaspace:

Usage:
  Non-class:     41.66 MB used.
      Class:      5.11 MB used.
       Both:     46.77 MB used.

Virtual space:
  Non-class space:       48.00 MB reserved,      42.06 MB ( 88%) committed,  6 nodes.
      Class space:        1.00 GB reserved,       5.44 MB ( <1%) committed,  1 nodes.
             Both:        1.05 GB reserved,      47.50 MB (  4%) committed. 

Chunk freelists:
   Non-Class:  1.80 MB
       Class:  2.59 MB
        Both:  4.39 MB

MaxMetaspaceSize: unlimited
CompressedClassSpaceSize: 1.00 GB
Initial GC threshold: 21.00 MB
Current GC threshold: 58.38 MB
CDS: off
MetaspaceReclaimPolicy: balanced
 - commit_granule_bytes: 65536.
 - commit_granule_words: 8192.
 - virtual_space_node_default_size: 1048576.
 - enlarge_chunks_in_place: 1.
 - new_chunks_are_fully_committed: 0.
 - uncommit_free_chunks: 1.
 - use_allocation_guard: 0.
 - handle_deallocations: 1.


Internal statistics:

num_allocs_failed_limit: 6.
num_arena_births: 308.
num_arena_deaths: 14.
num_vsnodes_births: 7.
num_vsnodes_deaths: 0.
num_space_committed: 760.
num_space_uncommitted: 0.
num_chunks_returned_to_freelist: 20.
num_chunks_taken_from_freelist: 1948.
num_chunk_merges: 10.
num_chunk_splits: 1192.
num_chunks_enlarged: 690.
num_purges: 2.
num_inconsistent_stats: 0.

CodeHeap 'non-profiled nmethods': size=120000Kb used=2183Kb max_used=2183Kb free=117816Kb
 bounds [0x0000019375580000, 0x00000193757f0000, 0x000001937cab0000]
CodeHeap 'profiled nmethods': size=120000Kb used=10298Kb max_used=10298Kb free=109701Kb
 bounds [0x000001936e050000, 0x000001936ea60000, 0x0000019375580000]
CodeHeap 'non-nmethods': size=5760Kb used=1302Kb max_used=1317Kb free=4458Kb
 bounds [0x000001936dab0000, 0x000001936dd20000, 0x000001936e050000]
 total_blobs=5540 nmethods=4911 adapters=544
 compilation: enabled
              stopped_count=0, restarted_count=0
 full_count=0

Compilation events (20 events):
Event: 79.761 Thread 0x000001937f3b81d0 nmethod 4933 0x00000193757a0810 code [0x00000193757a09a0, 0x00000193757a0b88]
Event: 79.793 Thread 0x000001937f3fe9e0 4935       3       java.util.ImmutableCollections$List12::size (16 bytes)
Event: 79.793 Thread 0x000001937f3fe9e0 nmethod 4935 0x000001936ea54890 code [0x000001936ea54a20, 0x000001936ea54bb8]
Event: 79.972 Thread 0x000001937f3fe9e0 4936       1       java.lang.invoke.MethodHandle::internalForm (5 bytes)
Event: 79.972 Thread 0x000001937f3fe9e0 nmethod 4936 0x00000193757a0c90 code [0x00000193757a0e20, 0x00000193757a0ef8]
Event: 80.444 Thread 0x000001937f3fe9e0 4938       3       java.lang.StringUTF16::charAt (11 bytes)
Event: 80.445 Thread 0x000001937f3fe9e0 nmethod 4938 0x000001936ea54c90 code [0x000001936ea54e40, 0x000001936ea55048]
Event: 80.445 Thread 0x000001937f3fe9e0 4939       3       java.lang.reflect.Field::get (29 bytes)
Event: 80.447 Thread 0x000001937f3fe9e0 nmethod 4939 0x000001936ea55190 code [0x000001936ea55360, 0x000001936ea55718]
Event: 80.587 Thread 0x000001937f3fe9e0 4940       3       java.lang.StringLatin1::indexOf (25 bytes)
Event: 80.588 Thread 0x000001937f3fe9e0 nmethod 4940 0x000001936ea55890 code [0x000001936ea55a40, 0x000001936ea55c48]
Event: 81.003 Thread 0x000001937f3b81d0 4941       4       java.util.ArrayList$SubList$1::<init> (39 bytes)
Event: 81.007 Thread 0x000001937f3b81d0 nmethod 4941 0x00000193757a1290 code [0x00000193757a1400, 0x00000193757a14b8]
Event: 81.007 Thread 0x000001937f3b81d0 4942       4       java.util.ArrayList$SubList::iterator (5 bytes)
Event: 81.022 Thread 0x000001937f3b81d0 nmethod 4942 0x00000193757a1590 code [0x00000193757a1720, 0x00000193757a1878]
Event: 81.120 Thread 0x000001937f3fe9e0 4943       3       java.util.stream.AbstractPipeline::evaluate (94 bytes)
Event: 81.123 Thread 0x000001937f3fe9e0 nmethod 4943 0x000001936ea55d10 code [0x000001936ea55f40, 0x000001936ea565c8]
Event: 81.136 Thread 0x000001937f3fe9e0 4944       3       java.util.HashMap$KeySet::iterator (12 bytes)
Event: 81.137 Thread 0x000001937f3fe9e0 nmethod 4944 0x000001936ea56810 code [0x000001936ea569c0, 0x000001936ea56be8]
Event: 81.140 Thread 0x000001937f3b81d0 4945       4       org.eclipse.osgi.internal.loader.BundleLoader::addExportedProvidersFor (167 bytes)

GC Heap History (20 events):
Event: 24.192 GC heap before
{Heap before GC invocations=5 (full 1):
 PSYoungGen      total 29696K, used 4084K [0x00000000eab00000, 0x00000000ecc00000, 0x0000000100000000)
  eden space 25600K, 0% used [0x00000000eab00000,0x00000000eab00000,0x00000000ec400000)
  from space 4096K, 99% used [0x00000000ec800000,0x00000000ecbfd290,0x00000000ecc00000)
  to   space 4096K, 0% used [0x00000000ec400000,0x00000000ec400000,0x00000000ec800000)
 ParOldGen       total 68608K, used 6557K [0x00000000c0000000, 0x00000000c4300000, 0x00000000eab00000)
  object space 68608K, 9% used [0x00000000c0000000,0x00000000c0667778,0x00000000c4300000)
 Metaspace       used 21036K, committed 21504K, reserved 1073152K
  class space    used 2126K, committed 2368K, reserved 1048576K
}
Event: 24.322 GC heap after
{Heap after GC invocations=5 (full 1):
 PSYoungGen      total 29696K, used 0K [0x00000000eab00000, 0x00000000ecc00000, 0x0000000100000000)
  eden space 25600K, 0% used [0x00000000eab00000,0x00000000eab00000,0x00000000ec400000)
  from space 4096K, 0% used [0x00000000ec800000,0x00000000ec800000,0x00000000ecc00000)
  to   space 4096K, 0% used [0x00000000ec400000,0x00000000ec400000,0x00000000ec800000)
 ParOldGen       total 68608K, used 10426K [0x00000000c0000000, 0x00000000c4300000, 0x00000000eab00000)
  object space 68608K, 15% used [0x00000000c0000000,0x00000000c0a2e9c0,0x00000000c4300000)
 Metaspace       used 21023K, committed 21504K, reserved 1073152K
  class space    used 2122K, committed 2368K, reserved 1048576K
}
Event: 31.273 GC heap before
{Heap before GC invocations=6 (full 1):
 PSYoungGen      total 29696K, used 25600K [0x00000000eab00000, 0x00000000ecc00000, 0x0000000100000000)
  eden space 25600K, 100% used [0x00000000eab00000,0x00000000ec400000,0x00000000ec400000)
  from space 4096K, 0% used [0x00000000ec800000,0x00000000ec800000,0x00000000ecc00000)
  to   space 4096K, 0% used [0x00000000ec400000,0x00000000ec400000,0x00000000ec800000)
 ParOldGen       total 68608K, used 10426K [0x00000000c0000000, 0x00000000c4300000, 0x00000000eab00000)
  object space 68608K, 15% used [0x00000000c0000000,0x00000000c0a2e9c0,0x00000000c4300000)
 Metaspace       used 23854K, committed 24320K, reserved 1073152K
  class space    used 2423K, committed 2624K, reserved 1048576K
}
Event: 31.284 GC heap after
{Heap after GC invocations=6 (full 1):
 PSYoungGen      total 28160K, used 2788K [0x00000000eab00000, 0x00000000ecb80000, 0x0000000100000000)
  eden space 25088K, 0% used [0x00000000eab00000,0x00000000eab00000,0x00000000ec380000)
  from space 3072K, 90% used [0x00000000ec400000,0x00000000ec6b90e0,0x00000000ec700000)
  to   space 4096K, 0% used [0x00000000ec780000,0x00000000ec780000,0x00000000ecb80000)
 ParOldGen       total 68608K, used 10434K [0x00000000c0000000, 0x00000000c4300000, 0x00000000eab00000)
  object space 68608K, 15% used [0x00000000c0000000,0x00000000c0a309c0,0x00000000c4300000)
 Metaspace       used 23854K, committed 24320K, reserved 1073152K
  class space    used 2423K, committed 2624K, reserved 1048576K
}
Event: 33.581 GC heap before
{Heap before GC invocations=7 (full 1):
 PSYoungGen      total 28160K, used 27876K [0x00000000eab00000, 0x00000000ecb80000, 0x0000000100000000)
  eden space 25088K, 100% used [0x00000000eab00000,0x00000000ec380000,0x00000000ec380000)
  from space 3072K, 90% used [0x00000000ec400000,0x00000000ec6b90e0,0x00000000ec700000)
  to   space 4096K, 0% used [0x00000000ec780000,0x00000000ec780000,0x00000000ecb80000)
 ParOldGen       total 68608K, used 10434K [0x00000000c0000000, 0x00000000c4300000, 0x00000000eab00000)
  object space 68608K, 15% used [0x00000000c0000000,0x00000000c0a309c0,0x00000000c4300000)
 Metaspace       used 27839K, committed 28288K, reserved 1081344K
  class space    used 2814K, committed 3008K, reserved 1048576K
}
Event: 33.589 GC heap after
{Heap after GC invocations=7 (full 1):
 PSYoungGen      total 26624K, used 1632K [0x00000000eab00000, 0x00000000ec980000, 0x0000000100000000)
  eden space 24576K, 0% used [0x00000000eab00000,0x00000000eab00000,0x00000000ec300000)
  from space 2048K, 79% used [0x00000000ec780000,0x00000000ec9182c8,0x00000000ec980000)
  to   space 2560K, 0% used [0x00000000ec480000,0x00000000ec480000,0x00000000ec700000)
 ParOldGen       total 68608K, used 10442K [0x00000000c0000000, 0x00000000c4300000, 0x00000000eab00000)
  object space 68608K, 15% used [0x00000000c0000000,0x00000000c0a329c0,0x00000000c4300000)
 Metaspace       used 27839K, committed 28288K, reserved 1081344K
  class space    used 2814K, committed 3008K, reserved 1048576K
}
Event: 35.660 GC heap before
{Heap before GC invocations=8 (full 1):
 PSYoungGen      total 26624K, used 26208K [0x00000000eab00000, 0x00000000ec980000, 0x0000000100000000)
  eden space 24576K, 100% used [0x00000000eab00000,0x00000000ec300000,0x00000000ec300000)
  from space 2048K, 79% used [0x00000000ec780000,0x00000000ec9182c8,0x00000000ec980000)
  to   space 2560K, 0% used [0x00000000ec480000,0x00000000ec480000,0x00000000ec700000)
 ParOldGen       total 68608K, used 10442K [0x00000000c0000000, 0x00000000c4300000, 0x00000000eab00000)
  object space 68608K, 15% used [0x00000000c0000000,0x00000000c0a329c0,0x00000000c4300000)
 Metaspace       used 30536K, committed 30976K, reserved 1081344K
  class space    used 3059K, committed 3264K, reserved 1048576K
}
Event: 35.665 GC heap after
{Heap after GC invocations=8 (full 1):
 PSYoungGen      total 26624K, used 2167K [0x00000000eab00000, 0x00000000ec800000, 0x0000000100000000)
  eden space 24064K, 0% used [0x00000000eab00000,0x00000000eab00000,0x00000000ec280000)
  from space 2560K, 84% used [0x00000000ec480000,0x00000000ec69ddd0,0x00000000ec700000)
  to   space 1024K, 0% used [0x00000000ec700000,0x00000000ec700000,0x00000000ec800000)
 ParOldGen       total 68608K, used 10450K [0x00000000c0000000, 0x00000000c4300000, 0x00000000eab00000)
  object space 68608K, 15% used [0x00000000c0000000,0x00000000c0a349c0,0x00000000c4300000)
 Metaspace       used 30536K, committed 30976K, reserved 1081344K
  class space    used 3059K, committed 3264K, reserved 1048576K
}
Event: 39.439 GC heap before
{Heap before GC invocations=9 (full 1):
 PSYoungGen      total 26624K, used 26231K [0x00000000eab00000, 0x00000000ec800000, 0x0000000100000000)
  eden space 24064K, 100% used [0x00000000eab00000,0x00000000ec280000,0x00000000ec280000)
  from space 2560K, 84% used [0x00000000ec480000,0x00000000ec69ddd0,0x00000000ec700000)
  to   space 1024K, 0% used [0x00000000ec700000,0x00000000ec700000,0x00000000ec800000)
 ParOldGen       total 68608K, used 10450K [0x00000000c0000000, 0x00000000c4300000, 0x00000000eab00000)
  object space 68608K, 15% used [0x00000000c0000000,0x00000000c0a349c0,0x00000000c4300000)
 Metaspace       used 32751K, committed 33280K, reserved 1081344K
  class space    used 3322K, committed 3584K, reserved 1048576K
}
Event: 39.450 GC heap after
{Heap after GC invocations=9 (full 1):
 PSYoungGen      total 24576K, used 1008K [0x00000000eab00000, 0x00000000ec800000, 0x0000000100000000)
  eden space 23552K, 0% used [0x00000000eab00000,0x00000000eab00000,0x00000000ec200000)
  from space 1024K, 98% used [0x00000000ec700000,0x00000000ec7fc188,0x00000000ec800000)
  to   space 3072K, 0% used [0x00000000ec200000,0x00000000ec200000,0x00000000ec500000)
 ParOldGen       total 68608K, used 12135K [0x00000000c0000000, 0x00000000c4300000, 0x00000000eab00000)
  object space 68608K, 17% used [0x00000000c0000000,0x00000000c0bd9c48,0x00000000c4300000)
 Metaspace       used 32751K, committed 33280K, reserved 1081344K
  class space    used 3322K, committed 3584K, reserved 1048576K
}
Event: 41.112 GC heap before
{Heap before GC invocations=10 (full 1):
 PSYoungGen      total 24576K, used 17261K [0x00000000eab00000, 0x00000000ec800000, 0x0000000100000000)
  eden space 23552K, 69% used [0x00000000eab00000,0x00000000ebadf5f0,0x00000000ec200000)
  from space 1024K, 98% used [0x00000000ec700000,0x00000000ec7fc188,0x00000000ec800000)
  to   space 3072K, 0% used [0x00000000ec200000,0x00000000ec200000,0x00000000ec500000)
 ParOldGen       total 68608K, used 12135K [0x00000000c0000000, 0x00000000c4300000, 0x00000000eab00000)
  object space 68608K, 17% used [0x00000000c0000000,0x00000000c0bd9c48,0x00000000c4300000)
 Metaspace       used 35263K, committed 35840K, reserved 1089536K
  class space    used 3653K, committed 3968K, reserved 1048576K
}
Event: 41.121 GC heap after
{Heap after GC invocations=10 (full 1):
 PSYoungGen      total 26624K, used 1170K [0x00000000eab00000, 0x00000000ec780000, 0x0000000100000000)
  eden space 23552K, 0% used [0x00000000eab00000,0x00000000eab00000,0x00000000ec200000)
  from space 3072K, 38% used [0x00000000ec200000,0x00000000ec324910,0x00000000ec500000)
  to   space 2048K, 0% used [0x00000000ec580000,0x00000000ec580000,0x00000000ec780000)
 ParOldGen       total 68608K, used 12762K [0x00000000c0000000, 0x00000000c4300000, 0x00000000eab00000)
  object space 68608K, 18% used [0x00000000c0000000,0x00000000c0c76b48,0x00000000c4300000)
 Metaspace       used 35263K, committed 35840K, reserved 1089536K
  class space    used 3653K, committed 3968K, reserved 1048576K
}
Event: 41.121 GC heap before
{Heap before GC invocations=11 (full 2):
 PSYoungGen      total 26624K, used 1170K [0x00000000eab00000, 0x00000000ec780000, 0x0000000100000000)
  eden space 23552K, 0% used [0x00000000eab00000,0x00000000eab00000,0x00000000ec200000)
  from space 3072K, 38% used [0x00000000ec200000,0x00000000ec324910,0x00000000ec500000)
  to   space 2048K, 0% used [0x00000000ec580000,0x00000000ec580000,0x00000000ec780000)
 ParOldGen       total 68608K, used 12762K [0x00000000c0000000, 0x00000000c4300000, 0x00000000eab00000)
  object space 68608K, 18% used [0x00000000c0000000,0x00000000c0c76b48,0x00000000c4300000)
 Metaspace       used 35263K, committed 35840K, reserved 1089536K
  class space    used 3653K, committed 3968K, reserved 1048576K
}
Event: 41.260 GC heap after
{Heap after GC invocations=11 (full 2):
 PSYoungGen      total 26624K, used 0K [0x00000000eab00000, 0x00000000ec780000, 0x0000000100000000)
  eden space 23552K, 0% used [0x00000000eab00000,0x00000000eab00000,0x00000000ec200000)
  from space 3072K, 0% used [0x00000000ec200000,0x00000000ec200000,0x00000000ec500000)
  to   space 2048K, 0% used [0x00000000ec580000,0x00000000ec580000,0x00000000ec780000)
 ParOldGen       total 68608K, used 12536K [0x00000000c0000000, 0x00000000c4300000, 0x00000000eab00000)
  object space 68608K, 18% used [0x00000000c0000000,0x00000000c0c3e2b8,0x00000000c4300000)
 Metaspace       used 35263K, committed 35840K, reserved 1089536K
  class space    used 3653K, committed 3968K, reserved 1048576K
}
Event: 47.445 GC heap before
{Heap before GC invocations=12 (full 2):
 PSYoungGen      total 26624K, used 23552K [0x00000000eab00000, 0x00000000ec780000, 0x0000000100000000)
  eden space 23552K, 100% used [0x00000000eab00000,0x00000000ec200000,0x00000000ec200000)
  from space 3072K, 0% used [0x00000000ec200000,0x00000000ec200000,0x00000000ec500000)
  to   space 2048K, 0% used [0x00000000ec580000,0x00000000ec580000,0x00000000ec780000)
 ParOldGen       total 68608K, used 12536K [0x00000000c0000000, 0x00000000c4300000, 0x00000000eab00000)
  object space 68608K, 18% used [0x00000000c0000000,0x00000000c0c3e2b8,0x00000000c4300000)
 Metaspace       used 38698K, committed 39360K, reserved 1089536K
  class space    used 4089K, committed 4352K, reserved 1048576K
}
Event: 47.454 GC heap after
{Heap after GC invocations=12 (full 2):
 PSYoungGen      total 24576K, used 1353K [0x00000000eab00000, 0x00000000ec700000, 0x0000000100000000)
  eden space 23040K, 0% used [0x00000000eab00000,0x00000000eab00000,0x00000000ec180000)
  from space 1536K, 88% used [0x00000000ec580000,0x00000000ec6d2628,0x00000000ec700000)
  to   space 1536K, 0% used [0x00000000ec400000,0x00000000ec400000,0x00000000ec580000)
 ParOldGen       total 68608K, used 12544K [0x00000000c0000000, 0x00000000c4300000, 0x00000000eab00000)
  object space 68608K, 18% used [0x00000000c0000000,0x00000000c0c402b8,0x00000000c4300000)
 Metaspace       used 38698K, committed 39360K, reserved 1089536K
  class space    used 4089K, committed 4352K, reserved 1048576K
}
Event: 56.245 GC heap before
{Heap before GC invocations=13 (full 2):
 PSYoungGen      total 24576K, used 24393K [0x00000000eab00000, 0x00000000ec700000, 0x0000000100000000)
  eden space 23040K, 100% used [0x00000000eab00000,0x00000000ec180000,0x00000000ec180000)
  from space 1536K, 88% used [0x00000000ec580000,0x00000000ec6d2628,0x00000000ec700000)
  to   space 1536K, 0% used [0x00000000ec400000,0x00000000ec400000,0x00000000ec580000)
 ParOldGen       total 68608K, used 12544K [0x00000000c0000000, 0x00000000c4300000, 0x00000000eab00000)
  object space 68608K, 18% used [0x00000000c0000000,0x00000000c0c402b8,0x00000000c4300000)
 Metaspace       used 41728K, committed 42368K, reserved 1089536K
  class space    used 4457K, committed 4736K, reserved 1048576K
}
Event: 56.261 GC heap after
{Heap after GC invocations=13 (full 2):
 PSYoungGen      total 24064K, used 1424K [0x00000000eab00000, 0x00000000ec600000, 0x0000000100000000)
  eden space 22528K, 0% used [0x00000000eab00000,0x00000000eab00000,0x00000000ec100000)
  from space 1536K, 92% used [0x00000000ec400000,0x00000000ec564010,0x00000000ec580000)
  to   space 512K, 0% used [0x00000000ec580000,0x00000000ec580000,0x00000000ec600000)
 ParOldGen       total 68608K, used 13781K [0x00000000c0000000, 0x00000000c4300000, 0x00000000eab00000)
  object space 68608K, 20% used [0x00000000c0000000,0x00000000c0d755f0,0x00000000c4300000)
 Metaspace       used 41728K, committed 42368K, reserved 1089536K
  class space    used 4457K, committed 4736K, reserved 1048576K
}
Event: 68.615 GC heap before
{Heap before GC invocations=14 (full 2):
 PSYoungGen      total 24064K, used 23952K [0x00000000eab00000, 0x00000000ec600000, 0x0000000100000000)
  eden space 22528K, 100% used [0x00000000eab00000,0x00000000ec100000,0x00000000ec100000)
  from space 1536K, 92% used [0x00000000ec400000,0x00000000ec564010,0x00000000ec580000)
  to   space 512K, 0% used [0x00000000ec580000,0x00000000ec580000,0x00000000ec600000)
 ParOldGen       total 68608K, used 13781K [0x00000000c0000000, 0x00000000c4300000, 0x00000000eab00000)
  object space 68608K, 20% used [0x00000000c0000000,0x00000000c0d755f0,0x00000000c4300000)
 Metaspace       used 45075K, committed 45760K, reserved 1089536K
  class space    used 4846K, committed 5120K, reserved 1048576K
}
Event: 68.639 GC heap after
{Heap after GC invocations=14 (full 2):
 PSYoungGen      total 22528K, used 503K [0x00000000eab00000, 0x00000000ec880000, 0x0000000100000000)
  eden space 22016K, 0% used [0x00000000eab00000,0x00000000eab00000,0x00000000ec080000)
  from space 512K, 98% used [0x00000000ec580000,0x00000000ec5fdca8,0x00000000ec600000)
  to   space 4096K, 0% used [0x00000000ec080000,0x00000000ec080000,0x00000000ec480000)
 ParOldGen       total 68608K, used 16899K [0x00000000c0000000, 0x00000000c4300000, 0x00000000eab00000)
  object space 68608K, 24% used [0x00000000c0000000,0x00000000c1080f10,0x00000000c4300000)
 Metaspace       used 45075K, committed 45760K, reserved 1089536K
  class space    used 4846K, committed 5120K, reserved 1048576K
}

Deoptimization events (20 events):
Event: 77.420 Thread 0x0000019301687120 DEOPT PACKING pc=0x0000019375771440 sp=0x00000064f0efe5f0
Event: 77.420 Thread 0x0000019301687120 DEOPT UNPACKING pc=0x000001936db0209d sp=0x00000064f0efe580 mode 2
Event: 77.420 Thread 0x0000019301687120 Uncommon trap: trap_request=0xffffffc6 fr.pc=0x0000019375771440 relative=0x0000000000000180
Event: 77.420 Thread 0x0000019301687120 Uncommon trap: reason=bimorphic_or_optimized_type_check action=maybe_recompile pc=0x0000019375771440 method=java.util.regex.Pattern$Branch.match(Ljava/util/regex/Matcher;ILjava/lang/CharSequence;)Z @ 32 c2
Event: 77.420 Thread 0x0000019301687120 DEOPT PACKING pc=0x0000019375771440 sp=0x00000064f0efe180
Event: 77.420 Thread 0x0000019301687120 DEOPT UNPACKING pc=0x000001936db0209d sp=0x00000064f0efe110 mode 2
Event: 77.421 Thread 0x0000019301687120 Uncommon trap: trap_request=0xffffffc6 fr.pc=0x0000019375771440 relative=0x0000000000000180
Event: 77.421 Thread 0x0000019301687120 Uncommon trap: reason=bimorphic_or_optimized_type_check action=maybe_recompile pc=0x0000019375771440 method=java.util.regex.Pattern$Branch.match(Ljava/util/regex/Matcher;ILjava/lang/CharSequence;)Z @ 32 c2
Event: 77.422 Thread 0x0000019301687120 DEOPT PACKING pc=0x0000019375771440 sp=0x00000064f0efe5f0
Event: 77.422 Thread 0x0000019301687120 DEOPT UNPACKING pc=0x000001936db0209d sp=0x00000064f0efe580 mode 2
Event: 77.422 Thread 0x0000019301687120 Uncommon trap: trap_request=0xffffffc6 fr.pc=0x0000019375771440 relative=0x0000000000000180
Event: 77.422 Thread 0x0000019301687120 Uncommon trap: reason=bimorphic_or_optimized_type_check action=maybe_recompile pc=0x0000019375771440 method=java.util.regex.Pattern$Branch.match(Ljava/util/regex/Matcher;ILjava/lang/CharSequence;)Z @ 32 c2
Event: 77.422 Thread 0x0000019301687120 DEOPT PACKING pc=0x0000019375771440 sp=0x00000064f0efe180
Event: 77.422 Thread 0x0000019301687120 DEOPT UNPACKING pc=0x000001936db0209d sp=0x00000064f0efe110 mode 2
Event: 78.916 Thread 0x0000019301687120 Uncommon trap: trap_request=0xffffffbe fr.pc=0x000001937577ebfc relative=0x00000000000011dc
Event: 78.916 Thread 0x0000019301687120 Uncommon trap: reason=profile_predicate action=maybe_recompile pc=0x000001937577ebfc method=java.util.Properties.load0(Ljava/util/Properties$LineReader;)V @ 14 c2
Event: 78.916 Thread 0x0000019301687120 DEOPT PACKING pc=0x000001937577ebfc sp=0x00000064f0efe4b0
Event: 78.917 Thread 0x0000019301687120 DEOPT UNPACKING pc=0x000001936db0209d sp=0x00000064f0efe480 mode 2
Event: 78.920 Thread 0x0000019301687120 DEOPT PACKING pc=0x000001936e977d9e sp=0x00000064f0efe3b0
Event: 78.920 Thread 0x0000019301687120 DEOPT UNPACKING pc=0x000001936db02824 sp=0x00000064f0efd8a8 mode 0

Classes unloaded (7 events):
Event: 24.210 Thread 0x000001937f36d610 Unloading class 0x0000000100218800 'java/lang/invoke/LambdaForm$MH+0x0000000100218800'
Event: 24.210 Thread 0x000001937f36d610 Unloading class 0x0000000100218400 'java/lang/invoke/LambdaForm$MH+0x0000000100218400'
Event: 24.210 Thread 0x000001937f36d610 Unloading class 0x0000000100218000 'java/lang/invoke/LambdaForm$MH+0x0000000100218000'
Event: 24.210 Thread 0x000001937f36d610 Unloading class 0x0000000100217800 'java/lang/invoke/LambdaForm$MH+0x0000000100217800'
Event: 24.210 Thread 0x000001937f36d610 Unloading class 0x0000000100217400 'java/lang/invoke/LambdaForm$BMH+0x0000000100217400'
Event: 24.210 Thread 0x000001937f36d610 Unloading class 0x0000000100217000 'java/lang/invoke/LambdaForm$DMH+0x0000000100217000'
Event: 24.210 Thread 0x000001937f36d610 Unloading class 0x0000000100214400 'java/lang/invoke/LambdaForm$DMH+0x0000000100214400'

Classes redefined (0 events):
No events

Internal exceptions (20 events):
Event: 33.481 Thread 0x00000193012dce80 Exception <a 'java/lang/NoSuchMethodError'{0x00000000ec1f3558}: 'int java.lang.invoke.DirectMethodHandle$Holder.invokeStaticInit(java.lang.Object, java.lang.Object, java.lang.Object)'> (0x00000000ec1f3558) 
thrown [s\src\hotspot\share\interpreter\linkResolver.cpp, line 759]
Event: 35.385 Thread 0x0000019301685910 Exception <a 'java/lang/NoClassDefFoundError'{0x00000000eb9e9448}: javax/enterprise/inject/Typed> (0x00000000eb9e9448) 
thrown [s\src\hotspot\share\classfile\systemDictionary.cpp, line 245]
Event: 35.700 Thread 0x00000193012dce80 Exception <a 'java/io/FileNotFoundException'{0x00000000eaca9bb0}> (0x00000000eaca9bb0) 
thrown [s\src\hotspot\share\prims\jni.cpp, line 516]
Event: 37.834 Thread 0x00000193012dce80 Exception <a 'java/lang/NoSuchMethodError'{0x00000000eb569178}: 'java.lang.Object java.lang.invoke.DirectMethodHandle$Holder.invokeStaticInit(java.lang.Object, int, int, int, int)'> (0x00000000eb569178) 
thrown [s\src\hotspot\share\interpreter\linkResolver.cpp, line 759]
Event: 38.887 Thread 0x00000193012dce80 Exception <a 'java/lang/NoSuchMethodError'{0x00000000ebc65418}: 'java.lang.Object java.lang.invoke.DirectMethodHandle$Holder.invokeStaticInit(java.lang.Object, java.lang.Object, int, int, int, int)'> (0x00000000ebc65418) 
thrown [s\src\hotspot\share\interpreter\linkResolver.cpp, line 759]
Event: 39.915 Thread 0x00000193012dce80 Exception <a 'java/lang/ClassNotFoundException'{0x00000000eafc3c88}: com/sun/org/apache/xml/internal/serializer/spi/XMLEntitiesProvider> (0x00000000eafc3c88) 
thrown [s\src\hotspot\share\classfile\systemDictionary.cpp, line 256]
Event: 40.993 Thread 0x00000193012dce80 Exception <a 'java/io/FileNotFoundException'{0x00000000eb87fa58}> (0x00000000eb87fa58) 
thrown [s\src\hotspot\share\prims\jni.cpp, line 516]
Event: 42.721 Thread 0x00000193012dce80 Exception <a 'java/lang/UnsatisfiedLinkError'{0x00000000eb0a3d08}: Não foi possível encontrar o procedimento especificado.
> (0x00000000eb0a3d08) 
thrown [s\src\hotspot\share\prims\jni.cpp, line 535]
Event: 42.749 Thread 0x00000193012dce80 Exception <a 'java/io/FileNotFoundException'{0x00000000eb0fb768}> (0x00000000eb0fb768) 
thrown [s\src\hotspot\share\prims\jni.cpp, line 516]
Event: 42.893 Thread 0x00000193012dce80 Exception <a 'java/io/FileNotFoundException'{0x00000000eb1f7930}> (0x00000000eb1f7930) 
thrown [s\src\hotspot\share\prims\jni.cpp, line 516]
Event: 43.403 Thread 0x00000193012dce80 Exception <a 'java/lang/UnsatisfiedLinkError'{0x00000000eb31b580}: Não foi possível encontrar o procedimento especificado.
> (0x00000000eb31b580) 
thrown [s\src\hotspot\share\prims\jni.cpp, line 535]
Event: 46.392 Thread 0x0000019369605320 Exception <a 'java/lang/NoSuchMethodError'{0x00000000ebcf4600}: 'void java.lang.invoke.DirectMethodHandle$Holder.invokeStatic(java.lang.Object, java.lang.Object, java.lang.Object, java.lang.Object)'> (0x00000000ebcf4600) 
thrown [s\src\hotspot\share\interpreter\linkResolver.cpp, line 759]
Event: 50.240 Thread 0x0000019369605320 Exception <a 'java/lang/NoSuchMethodError'{0x00000000eb3ac948}: 'void java.lang.invoke.DirectMethodHandle$Holder.invokeSpecial(java.lang.Object, java.lang.Object, java.lang.Object, java.lang.Object, java.lang.Object, java.lang.Object)'> (0x00000000eb3ac948) 
thrown [s\src\hotspot\share\interpreter\linkResolver.cpp, line 759]
Event: 51.023 Thread 0x0000019301685910 Exception <a 'java/lang/NoClassDefFoundError'{0x00000000eb761a50}: com/google/inject/servlet/ServletModuleTargetVisitor> (0x00000000eb761a50) 
thrown [s\src\hotspot\share\classfile\systemDictionary.cpp, line 245]
Event: 53.795 Thread 0x0000019301684aa0 Exception <a 'java/io/FileNotFoundException'{0x00000000ebd370a8}> (0x00000000ebd370a8) 
thrown [s\src\hotspot\share\prims\jni.cpp, line 516]
Event: 54.024 Thread 0x0000019301687ac0 Implicit null exception at 0x00000193756dcb4f to 0x00000193756dd7bc
Event: 59.064 Thread 0x0000019301684100 Exception <a 'sun/nio/fs/WindowsException'{0x00000000eb268130}> (0x00000000eb268130) 
thrown [s\src\hotspot\share\prims\jni.cpp, line 516]
Event: 71.734 Thread 0x0000019301684100 Implicit null exception at 0x000001937575a2b8 to 0x000001937575aa20
Event: 80.041 Thread 0x0000019301687120 Exception <a 'java/lang/NoSuchMethodError'{0x00000000ebc0bf08}: 'int java.lang.invoke.DirectMethodHandle$Holder.invokeInterface(java.lang.Object, java.lang.Object)'> (0x00000000ebc0bf08) 
thrown [s\src\hotspot\share\interpreter\linkResolver.cpp, line 759]
Event: 80.045 Thread 0x0000019301687120 Exception <a 'java/lang/IncompatibleClassChangeError'{0x00000000ebc0f1f0}: Found class java.lang.Object, but interface was expected> (0x00000000ebc0f1f0) 
thrown [s\src\hotspot\share\interpreter\linkResolver.cpp, line 826]

VM Operations (20 events):
Event: 72.639 Executing VM operation: HandshakeAllThreads
Event: 72.639 Executing VM operation: HandshakeAllThreads done
Event: 73.645 Executing VM operation: Cleanup
Event: 73.663 Executing VM operation: Cleanup done
Event: 74.450 Executing VM operation: HandshakeAllThreads
Event: 74.450 Executing VM operation: HandshakeAllThreads done
Event: 74.457 Executing VM operation: HandshakeAllThreads
Event: 74.457 Executing VM operation: HandshakeAllThreads done
Event: 75.463 Executing VM operation: Cleanup
Event: 75.464 Executing VM operation: Cleanup done
Event: 75.635 Executing VM operation: HandshakeAllThreads
Event: 75.635 Executing VM operation: HandshakeAllThreads done
Event: 76.638 Executing VM operation: Cleanup
Event: 76.648 Executing VM operation: Cleanup done
Event: 78.650 Executing VM operation: Cleanup
Event: 78.650 Executing VM operation: Cleanup done
Event: 79.662 Executing VM operation: Cleanup
Event: 79.699 Executing VM operation: Cleanup done
Event: 80.704 Executing VM operation: Cleanup
Event: 80.705 Executing VM operation: Cleanup done

Events (20 events):
Event: 79.085 loading class jdk/internal/math/FormattedFloatingDecimal$2
Event: 79.087 loading class jdk/internal/math/FormattedFloatingDecimal$2 done
Event: 79.322 loading class jdk/internal/reflect/UnsafeIntegerFieldAccessorImpl
Event: 79.414 loading class jdk/internal/reflect/UnsafeIntegerFieldAccessorImpl done
Event: 79.968 loading class java/util/TreeMap$ValueSpliterator
Event: 79.969 loading class java/util/TreeMap$TreeMapSpliterator
Event: 79.970 loading class java/util/TreeMap$TreeMapSpliterator done
Event: 79.970 loading class java/util/TreeMap$ValueSpliterator done
Event: 80.034 loading class java/util/AbstractList$RandomAccessSpliterator
Event: 80.037 loading class java/util/AbstractList$RandomAccessSpliterator done
Event: 81.090 loading class java/nio/file/FileAlreadyExistsException
Event: 81.103 loading class java/nio/file/FileSystemException
Event: 81.104 loading class java/nio/file/FileSystemException done
Event: 81.105 loading class java/nio/file/FileAlreadyExistsException done
Event: 81.105 loading class java/nio/file/AccessDeniedException
Event: 81.111 loading class java/nio/file/AccessDeniedException done
Event: 81.111 loading class java/nio/file/NoSuchFileException
Event: 81.112 loading class java/nio/file/NoSuchFileException done
Event: 81.117 loading class java/nio/file/DirectoryNotEmptyException
Event: 81.118 loading class java/nio/file/DirectoryNotEmptyException done


Dynamic libraries:
0x00007ff6afa40000 - 0x00007ff6afa4e000 	c:\Users\POSITIVO\.vscode\extensions\redhat.java-1.10.0-win32-x64\jre\17.0.4-win32-x86_64\bin\java.exe
0x00007ffd93690000 - 0x00007ffd93888000 	C:\Windows\SYSTEM32\ntdll.dll
0x00007ffd71450000 - 0x00007ffd71467000 	C:\Program Files\Avast Software\Avast\aswhook.dll
0x00007ffd92d90000 - 0x00007ffd92e4d000 	C:\Windows\System32\KERNEL32.DLL
0x00007ffd91130000 - 0x00007ffd913fe000 	C:\Windows\System32\KERNELBASE.dll
0x00007ffd90db0000 - 0x00007ffd90eb0000 	C:\Windows\System32\ucrtbase.dll
0x00007ffd8e5a0000 - 0x00007ffd8e5b8000 	c:\Users\POSITIVO\.vscode\extensions\redhat.java-1.10.0-win32-x64\jre\17.0.4-win32-x86_64\bin\jli.dll
0x00007ffd91c90000 - 0x00007ffd91e30000 	C:\Windows\System32\USER32.dll
0x00007ffd90eb0000 - 0x00007ffd90ed2000 	C:\Windows\System32\win32u.dll
0x00007ffd8c090000 - 0x00007ffd8c0a9000 	c:\Users\POSITIVO\.vscode\extensions\redhat.java-1.10.0-win32-x64\jre\17.0.4-win32-x86_64\bin\VCRUNTIME140.dll
0x00007ffd92a10000 - 0x00007ffd92a3a000 	C:\Windows\System32\GDI32.dll
0x00007ffd91020000 - 0x00007ffd9112b000 	C:\Windows\System32\gdi32full.dll
0x00007ffd914a0000 - 0x00007ffd9153d000 	C:\Windows\System32\msvcp_win.dll
0x00007ffd7b500000 - 0x00007ffd7b79a000 	C:\Windows\WinSxS\amd64_microsoft.windows.common-controls_6595b64144ccf1df_6.0.19041.1110_none_60b5254171f9507e\COMCTL32.dll
0x00007ffd92e50000 - 0x00007ffd92eee000 	C:\Windows\System32\msvcrt.dll
0x00007ffd93090000 - 0x00007ffd930c0000 	C:\Windows\System32\IMM32.DLL
0x00007ffd8e590000 - 0x00007ffd8e59c000 	c:\Users\POSITIVO\.vscode\extensions\redhat.java-1.10.0-win32-x64\jre\17.0.4-win32-x86_64\bin\vcruntime140_1.dll
0x00007ffd7c160000 - 0x00007ffd7c1f1000 	c:\Users\POSITIVO\.vscode\extensions\redhat.java-1.10.0-win32-x64\jre\17.0.4-win32-x86_64\bin\msvcp140.dll
0x00007ffd43b70000 - 0x00007ffd447b6000 	c:\Users\POSITIVO\.vscode\extensions\redhat.java-1.10.0-win32-x64\jre\17.0.4-win32-x86_64\bin\server\jvm.dll
0x00007ffd93540000 - 0x00007ffd935ee000 	C:\Windows\System32\ADVAPI32.dll
0x00007ffd92070000 - 0x00007ffd9210c000 	C:\Windows\System32\sechost.dll
0x00007ffd92f00000 - 0x00007ffd93025000 	C:\Windows\System32\RPCRT4.dll
0x00007ffd92ef0000 - 0x00007ffd92ef8000 	C:\Windows\System32\PSAPI.DLL
0x00007ffd83b40000 - 0x00007ffd83b49000 	C:\Windows\SYSTEM32\WSOCK32.dll
0x00007ffd92b10000 - 0x00007ffd92b7b000 	C:\Windows\System32\WS2_32.dll
0x00007ffd82fc0000 - 0x00007ffd82fe7000 	C:\Windows\SYSTEM32\WINMM.dll
0x00007ffd85f90000 - 0x00007ffd85f9a000 	C:\Windows\SYSTEM32\VERSION.dll
0x00007ffd8ec80000 - 0x00007ffd8ec92000 	C:\Windows\SYSTEM32\kernel.appcore.dll
0x00007ffd8c190000 - 0x00007ffd8c19a000 	c:\Users\POSITIVO\.vscode\extensions\redhat.java-1.10.0-win32-x64\jre\17.0.4-win32-x86_64\bin\jimage.dll
0x00007ffd858f0000 - 0x00007ffd85ad4000 	C:\Windows\SYSTEM32\DBGHELP.DLL
0x00007ffd858c0000 - 0x00007ffd858ec000 	C:\Windows\SYSTEM32\dbgcore.DLL
0x00007ffd90f90000 - 0x00007ffd91012000 	C:\Windows\System32\bcryptPrimitives.dll
0x00007ffd8c030000 - 0x00007ffd8c03e000 	c:\Users\POSITIVO\.vscode\extensions\redhat.java-1.10.0-win32-x64\jre\17.0.4-win32-x86_64\bin\instrument.dll
0x00007ffd7e830000 - 0x00007ffd7e855000 	c:\Users\POSITIVO\.vscode\extensions\redhat.java-1.10.0-win32-x64\jre\17.0.4-win32-x86_64\bin\java.dll
0x00007ffd8a600000 - 0x00007ffd8a618000 	c:\Users\POSITIVO\.vscode\extensions\redhat.java-1.10.0-win32-x64\jre\17.0.4-win32-x86_64\bin\zip.dll
0x00007ffd922c0000 - 0x00007ffd92a03000 	C:\Windows\System32\SHELL32.dll
0x00007ffd8eea0000 - 0x00007ffd8f635000 	C:\Windows\SYSTEM32\windows.storage.dll
0x00007ffd930c0000 - 0x00007ffd93414000 	C:\Windows\System32\combase.dll
0x00007ffd90740000 - 0x00007ffd90770000 	C:\Windows\SYSTEM32\Wldp.dll
0x00007ffd92a60000 - 0x00007ffd92b0d000 	C:\Windows\System32\SHCORE.dll
0x00007ffd93030000 - 0x00007ffd93085000 	C:\Windows\System32\shlwapi.dll
0x00007ffd90cf0000 - 0x00007ffd90d0f000 	C:\Windows\SYSTEM32\profapi.dll
0x00007ffd8a0f0000 - 0x00007ffd8a109000 	C:\Users\POSITIVO\.vscode\extensions\redhat.java-1.10.0-win32-x64\jre\17.0.4-win32-x86_64\bin\net.dll
0x00007ffd8b320000 - 0x00007ffd8b42a000 	C:\Windows\SYSTEM32\WINHTTP.dll
0x00007ffd904a0000 - 0x00007ffd9050a000 	C:\Windows\system32\mswsock.dll
0x00007ffd8a070000 - 0x00007ffd8a085000 	C:\Users\POSITIVO\.vscode\extensions\redhat.java-1.10.0-win32-x64\jre\17.0.4-win32-x86_64\bin\nio.dll
0x00007ffd8bc70000 - 0x00007ffd8bc80000 	c:\Users\POSITIVO\.vscode\extensions\redhat.java-1.10.0-win32-x64\jre\17.0.4-win32-x86_64\bin\verify.dll
0x00007ffd79c50000 - 0x00007ffd79c8e000 	C:\Users\POSITIVO\AppData\Roaming\Code\User\globalStorage\redhat.java\1.10.0\config_win\org.eclipse.equinox.launcher\org.eclipse.equinox.launcher.win32.win32.x86_64_1.2.500.v20220509-0833\eclipse_11700.dll
0x00007ffd92c60000 - 0x00007ffd92d8a000 	C:\Windows\System32\ole32.dll
0x00007ffd90690000 - 0x00007ffd906a8000 	C:\Windows\SYSTEM32\CRYPTSP.dll
0x00007ffd8fe20000 - 0x00007ffd8fe54000 	C:\Windows\system32\rsaenh.dll
0x00007ffd91400000 - 0x00007ffd91427000 	C:\Windows\System32\bcrypt.dll
0x00007ffd90cb0000 - 0x00007ffd90cde000 	C:\Windows\SYSTEM32\USERENV.dll
0x00007ffd906b0000 - 0x00007ffd906bc000 	C:\Windows\SYSTEM32\CRYPTBASE.dll
0x00007ffd90190000 - 0x00007ffd901cb000 	C:\Windows\SYSTEM32\IPHLPAPI.DLL
0x00007ffd92be0000 - 0x00007ffd92be8000 	C:\Windows\System32\NSI.dll
0x00007ffd864b0000 - 0x00007ffd864c7000 	C:\Windows\SYSTEM32\dhcpcsvc6.DLL
0x00007ffd864d0000 - 0x00007ffd864ed000 	C:\Windows\SYSTEM32\dhcpcsvc.DLL
0x00007ffd901d0000 - 0x00007ffd9029a000 	C:\Windows\SYSTEM32\DNSAPI.dll
0x00007ffd79810000 - 0x00007ffd79854000 	C:\Users\POSITIVO\AppData\Local\Temp\jna-1530432003\jna667955430604399100.dll
0x00007ffd8a6c0000 - 0x00007ffd8a6ce000 	C:\Users\POSITIVO\.vscode\extensions\redhat.java-1.10.0-win32-x64\jre\17.0.4-win32-x86_64\bin\sunmscapi.dll
0x00007ffd91590000 - 0x00007ffd916e6000 	C:\Windows\System32\CRYPT32.dll
0x00007ffd907b0000 - 0x00007ffd907d7000 	C:\Windows\SYSTEM32\ncrypt.dll
0x00007ffd90770000 - 0x00007ffd907ab000 	C:\Windows\SYSTEM32\NTASN1.dll
0x00007ffd86020000 - 0x00007ffd8602a000 	C:\Windows\System32\rasadhlp.dll
0x00007ffd85d10000 - 0x00007ffd85d90000 	C:\Windows\System32\fwpuclnt.dll

dbghelp: loaded successfully - version: 4.0.5 - missing functions: none
symbol engine: initialized successfully - sym options: 0x614 - pdb path: .;c:\Users\POSITIVO\.vscode\extensions\redhat.java-1.10.0-win32-x64\jre\17.0.4-win32-x86_64\bin;C:\Windows\SYSTEM32;C:\Program Files\Avast Software\Avast;C:\Windows\WinSxS\amd64_microsoft.windows.common-controls_6595b64144ccf1df_6.0.19041.1110_none_60b5254171f9507e;c:\Users\POSITIVO\.vscode\extensions\redhat.java-1.10.0-win32-x64\jre\17.0.4-win32-x86_64\bin\server;C:\Users\POSITIVO\AppData\Roaming\Code\User\globalStorage\redhat.java\1.10.0\config_win\org.eclipse.equinox.launcher\org.eclipse.equinox.launcher.win32.win32.x86_64_1.2.500.v20220509-0833;C:\Users\POSITIVO\AppData\Local\Temp\jna-1530432003

VM Arguments:
jvm_args: --add-modules=ALL-SYSTEM --add-opens=java.base/java.util=ALL-UNNAMED --add-opens=java.base/java.lang=ALL-UNNAMED --add-opens=java.base/sun.nio.fs=ALL-UNNAMED -Declipse.application=org.eclipse.jdt.ls.core.id1 -Dosgi.bundles.defaultStartLevel=4 -Declipse.product=org.eclipse.jdt.ls.core.product -Djava.import.generatesMetadataFilesAtProjectRoot=false -Dfile.encoding=utf8 -DwatchParentProcess=false -XX:+UseParallelGC -XX:GCTimeRatio=4 -XX:AdaptiveSizePolicyWeight=90 -Dsun.zip.disableMemoryMapping=true -Xmx1G -Xms100m -Xlog:jni+resolve=off -javaagent:c:\Users\POSITIVO\.vscode\extensions\redhat.java-1.10.0-win32-x64\lombok\lombok-1.18.24.jar -XX:+HeapDumpOnOutOfMemoryError -XX:HeapDumpPath=c:\Users\POSITIVO\AppData\Roaming\Code\User\workspaceStorage\8ec930336ebd1d15844ebf1d7341b1a9\redhat.java 
java_command: c:\Users\POSITIVO\.vscode\extensions\redhat.java-1.10.0-win32-x64\server\plugins\org.eclipse.equinox.launcher_1.6.400.v20210924-0641.jar -configuration c:\Users\POSITIVO\AppData\Roaming\Code\User\globalStorage\redhat.java\1.10.0\config_win -data c:\Users\POSITIVO\AppData\Roaming\Code\User\workspaceStorage\8ec930336ebd1d15844ebf1d7341b1a9\redhat.java\jdt_ws
java_class_path (initial): c:\Users\POSITIVO\.vscode\extensions\redhat.java-1.10.0-win32-x64\server\plugins\org.eclipse.equinox.launcher_1.6.400.v20210924-0641.jar
Launcher Type: SUN_STANDARD

[Global flags]
    uintx AdaptiveSizePolicyWeight                 = 90                                        {product} {command line}
     intx CICompilerCount                          = 3                                         {product} {ergonomic}
    uintx GCTimeRatio                              = 4                                         {product} {command line}
     bool HeapDumpOnOutOfMemoryError               = true                                   {manageable} {command line}
    ccstr HeapDumpPath                             = c:\Users\POSITIVO\AppData\Roaming\Code\User\workspaceStorage\8ec930336ebd1d15844ebf1d7341b1a9\redhat.java         {manageable} {command line}
   size_t InitialHeapSize                          = 104857600                                 {product} {command line}
   size_t MaxHeapSize                              = 1073741824                                {product} {command line}
   size_t MaxNewSize                               = 357564416                                 {product} {ergonomic}
   size_t MinHeapDeltaBytes                        = 524288                                    {product} {ergonomic}
   size_t MinHeapSize                              = 104857600                                 {product} {command line}
   size_t NewSize                                  = 34603008                                  {product} {ergonomic}
    uintx NonNMethodCodeHeapSize                   = 5832780                                {pd product} {ergonomic}
    uintx NonProfiledCodeHeapSize                  = 122912730                              {pd product} {ergonomic}
   size_t OldSize                                  = 70254592                                  {product} {ergonomic}
    uintx ProfiledCodeHeapSize                     = 122912730                              {pd product} {ergonomic}
    uintx ReservedCodeCacheSize                    = 251658240                              {pd product} {ergonomic}
     bool SegmentedCodeCache                       = true                                      {product} {ergonomic}
   size_t SoftMaxHeapSize                          = 1073741824                             {manageable} {ergonomic}
     bool UseCompressedClassPointers               = true                           {product lp64_product} {ergonomic}
     bool UseCompressedOops                        = true                           {product lp64_product} {ergonomic}
     bool UseLargePagesIndividualAllocation        = false                                  {pd product} {ergonomic}
     bool UseParallelGC                            = true                                      {product} {command line}

Logging:
Log output configuration:
 #0: stdout all=warning,jni+resolve=off uptime,level,tags
 #1: stderr all=off uptime,level,tags

Environment Variables:
PATH=C:\Program Files\Common Files\Oracle\Java\javapath;C:\Program Files (x86)\Common Files\Oracle\Java\javapath;C:\Windows\system32;C:\Windows;C:\Windows\System32\Wbem;C:\Windows\System32\WindowsPowerShell\v1.0\;C:\Windows\System32\OpenSSH\;C:\Program Files\Git\cmd;C:\Users\POSITIVO\AppData\Local\Programs\Python\Python310\Scripts\;C:\Users\POSITIVO\AppData\Local\Programs\Python\Python310\;C:\Users\POSITIVO\AppData\Local\Microsoft\WindowsApps;C:\Users\POSITIVO\AppData\Local\JetBrains\Toolbox\scripts;C:\Users\POSITIVO\AppData\Local\Programs\Microsoft VS Code\bin
USERNAME=POSITIVO
OS=Windows_NT
PROCESSOR_IDENTIFIER=Intel64 Family 6 Model 76 Stepping 4, GenuineIntel
TMP=C:\Users\POSITIVO\AppData\Local\Temp
TEMP=C:\Users\POSITIVO\AppData\Local\Temp



---------------  S Y S T E M  ---------------

OS:
 Windows 10 , 64 bit Build 19041 (10.0.19041.1889)
OS uptime: 0 days 0:47 hours

CPU: total 4 (initial active 4) (4 cores per cpu, 1 threads per core) family 6 model 76 stepping 4 microcode 0x411, cx8, cmov, fxsr, mmx, 3dnowpref, sse, sse2, sse3, ssse3, sse4.1, sse4.2, popcnt, tsc, tscinvbit, aes, erms, clmul, clflush

Memory: 4k page, system-wide physical 1848M (330M free)
TotalPageFile size 3167M (AvailPageFile size 0M)
current process WorkingSet (physical memory assigned to process): 90M, peak: 131M
current process commit charge ("private bytes"): 246M, peak: 260M

vm_info: OpenJDK 64-Bit Server VM (17.0.4+8) for windows-amd64 JRE (17.0.4+8), built on Jul 19 2022 16:05:16 by "temurin" with MS VC++ 16.7 (VS2019)

END.
