#
# There is insufficient memory for the Java Runtime Environment to continue.
# Native memory allocation (malloc) failed to allocate 32744 bytes for ChunkPool::allocate
# Possible reasons:
#   The system is out of physical RAM or swap space
#   The process is running with CompressedOops enabled, and the Java Heap may be blocking the growth of the native heap
# Possible solutions:
#   Reduce memory load on the system
#   Increase physical memory or swap space
#   Check if swap backing store is full
#   Decrease Java heap size (-Xmx/-Xms)
#   Decrease number of Java threads
#   Decrease Java thread stack sizes (-Xss)
#   Set larger code cache with -XX:ReservedCodeCacheSize=
#   JVM is running with Unscaled Compressed Oops mode in which the Java heap is
#     placed in the first 4GB address space. The Java Heap base address is the
#     maximum limit for the native heap growth. Please use -XX:HeapBaseMinAddress
#     to set the Java Heap base and to place the Java Heap above 4GB virtual address.
# This output file may be truncated or incomplete.
#
#  Out of Memory Error (arena.cpp:78), pid=6620, tid=7248
#
# JRE version: OpenJDK Runtime Environment Temurin-17.0.4+8 (17.0.4+8) (build 17.0.4+8)
# Java VM: OpenJDK 64-Bit Server VM Temurin-17.0.4+8 (17.0.4+8, mixed mode, tiered, compressed oops, compressed class ptrs, parallel gc, windows-amd64)
# No core dump will be written. Minidumps are not enabled by default on client versions of Windows
#

---------------  S U M M A R Y ------------

Command Line: --add-modules=ALL-SYSTEM --add-opens=java.base/java.util=ALL-UNNAMED --add-opens=java.base/java.lang=ALL-UNNAMED --add-opens=java.base/sun.nio.fs=ALL-UNNAMED -Declipse.application=org.eclipse.jdt.ls.core.id1 -Dosgi.bundles.defaultStartLevel=4 -Declipse.product=org.eclipse.jdt.ls.core.product -Djava.import.generatesMetadataFilesAtProjectRoot=false -Dfile.encoding=utf8 -DwatchParentProcess=false -XX:+UseParallelGC -XX:GCTimeRatio=4 -XX:AdaptiveSizePolicyWeight=90 -Dsun.zip.disableMemoryMapping=true -Xmx1G -Xms100m -Xlog:jni+resolve=off -javaagent:c:\Users\POSITIVO\.vscode\extensions\redhat.java-1.10.0-win32-x64\lombok\lombok-1.18.24.jar c:\Users\POSITIVO\.vscode\extensions\redhat.java-1.10.0-win32-x64\server\plugins\org.eclipse.equinox.launcher_1.6.400.v20210924-0641.jar -configuration c:\Users\POSITIVO\AppData\Roaming\Code\User\globalStorage\redhat.java\1.10.0\config_ss_win -data c:\Users\POSITIVO\AppData\Roaming\Code\User\workspaceStorage\8ec930336ebd1d15844ebf1d7341b1a9\redhat.java\ss_ws

Host: Intel(R) Atom(TM) x5-Z8350  CPU @ 1.44GHz, 4 cores, 1G,  Windows 10 , 64 bit Build 19041 (10.0.19041.1889)
Time: Thu Oct  6 14:17:23 2022 Hora oficial do Brasil elapsed time: 8.803837 seconds (0d 0h 0m 8s)

---------------  T H R E A D  ---------------

Current thread (0x00000147f93148d0):  JavaThread "C1 CompilerThread0" daemon [_thread_in_native, id=7248, stack(0x00000041d1c00000,0x00000041d1d00000)]


Current CompileTask:
C1:   8804  539       3       sun.security.provider.ByteArrayAccess::b2iBig64 (231 bytes)

Stack: [0x00000041d1c00000,0x00000041d1d00000]
Native frames: (J=compiled Java code, j=interpreted, Vv=VM code, C=native code)
V  [jvm.dll+0x67733a]
V  [jvm.dll+0x8323c4]
V  [jvm.dll+0x833b6e]
V  [jvm.dll+0x8341d3]
V  [jvm.dll+0x2455e5]
V  [jvm.dll+0xabfc0]
V  [jvm.dll+0xac30c]
V  [jvm.dll+0x11c5f5]
V  [jvm.dll+0x179bcd]
V  [jvm.dll+0x17a7b3]
V  [jvm.dll+0x134943]
V  [jvm.dll+0x13423f]
V  [jvm.dll+0x134476]
V  [jvm.dll+0x13390a]
V  [jvm.dll+0x1355d1]
V  [jvm.dll+0x227308]
V  [jvm.dll+0x225455]
V  [jvm.dll+0x7e7eeb]
V  [jvm.dll+0x7e245a]
V  [jvm.dll+0x6761c5]
C  [ucrtbase.dll+0x21bb2]
C  [KERNEL32.DLL+0x17034]
C  [ntdll.dll+0x526a1]


---------------  P R O C E S S  ---------------

Threads class SMR info:
_java_thread_list=0x00000147fafb0730, length=12, elements={
0x00000147e5486c80, 0x00000147f92a3fb0, 0x00000147f92a5f00, 0x00000147f92d38f0,
0x00000147f92d4670, 0x00000147f92d53f0, 0x00000147f92d7cd0, 0x00000147f92d9980,
0x00000147f93148d0, 0x00000147fad609f0, 0x00000147f91a0c70, 0x00000147fafb5860
}

Java Threads: ( => current thread )
  0x00000147e5486c80 JavaThread "main" [_thread_in_vm, id=6140, stack(0x00000041d1200000,0x00000041d1300000)]
  0x00000147f92a3fb0 JavaThread "Reference Handler" daemon [_thread_blocked, id=5548, stack(0x00000041d1500000,0x00000041d1600000)]
  0x00000147f92a5f00 JavaThread "Finalizer" daemon [_thread_blocked, id=7332, stack(0x00000041d1600000,0x00000041d1700000)]
  0x00000147f92d38f0 JavaThread "Signal Dispatcher" daemon [_thread_blocked, id=5624, stack(0x00000041d1700000,0x00000041d1800000)]
  0x00000147f92d4670 JavaThread "Attach Listener" daemon [_thread_blocked, id=1228, stack(0x00000041d1800000,0x00000041d1900000)]
  0x00000147f92d53f0 JavaThread "Service Thread" daemon [_thread_blocked, id=5092, stack(0x00000041d1900000,0x00000041d1a00000)]
  0x00000147f92d7cd0 JavaThread "Monitor Deflation Thread" daemon [_thread_blocked, id=584, stack(0x00000041d1a00000,0x00000041d1b00000)]
  0x00000147f92d9980 JavaThread "C2 CompilerThread0" daemon [_thread_in_native, id=6928, stack(0x00000041d1b00000,0x00000041d1c00000)]
=>0x00000147f93148d0 JavaThread "C1 CompilerThread0" daemon [_thread_in_native, id=7248, stack(0x00000041d1c00000,0x00000041d1d00000)]
  0x00000147fad609f0 JavaThread "Sweeper thread" daemon [_thread_blocked, id=4948, stack(0x00000041d1d00000,0x00000041d1e00000)]
  0x00000147f91a0c70 JavaThread "Common-Cleaner" daemon [_thread_blocked, id=3128, stack(0x00000041d1e00000,0x00000041d1f00000)]
  0x00000147fafb5860 JavaThread "Notification Thread" daemon [_thread_blocked, id=4604, stack(0x00000041d1f00000,0x00000041d2000000)]

Other Threads:
  0x00000147f91d3840 VMThread "VM Thread" [stack: 0x00000041d1400000,0x00000041d1500000] [id=2360]
  0x00000147fafb63e0 WatcherThread [stack: 0x00000041d2000000,0x00000041d2100000] [id=6020]
  0x00000147e5497820 GCTaskThread "GC Thread#0" [stack: 0x00000041d1300000,0x00000041d1400000] [id=2384]

Threads with active compile tasks:
C2 CompilerThread0     8969  530       4       lombok.patcher.PatchScript::classMatches (41 bytes)
C1 CompilerThread0     8970  539       3       sun.security.provider.ByteArrayAccess::b2iBig64 (231 bytes)

VM state: not at safepoint (normal execution)

VM Mutex/Monitor currently owned by a thread: None

Heap address: 0x00000000c0000000, size: 1024 MB, Compressed Oops mode: 32-bit

CDS archive(s) not mapped
Compressed class space mapped at: 0x0000000100000000-0x0000000140000000, reserved size: 1073741824
Narrow klass base: 0x0000000000000000, Narrow klass shift: 3, Narrow klass range: 0x140000000

GC Precious Log:
 CPUs: 4 total, 4 available
 Memory: 1848M
 Large Page Support: Disabled
 NUMA Support: Disabled
 Compressed Oops: Enabled (32-bit)
 Alignments: Space 512K, Generation 512K, Heap 2M
 Heap Min Capacity: 100M
 Heap Initial Capacity: 100M
 Heap Max Capacity: 1G
 Pre-touch: Disabled
 Parallel Workers: 4

Heap:
 PSYoungGen      total 29696K, used 12445K [0x00000000eab00000, 0x00000000ecc00000, 0x0000000100000000)
  eden space 25600K, 48% used [0x00000000eab00000,0x00000000eb727728,0x00000000ec400000)
  from space 4096K, 0% used [0x00000000ec800000,0x00000000ec800000,0x00000000ecc00000)
  to   space 4096K, 0% used [0x00000000ec400000,0x00000000ec400000,0x00000000ec800000)
 ParOldGen       total 68608K, used 0K [0x00000000c0000000, 0x00000000c4300000, 0x00000000eab00000)
  object space 68608K, 0% used [0x00000000c0000000,0x00000000c0000000,0x00000000c4300000)
 Metaspace       used 8526K, committed 8640K, reserved 1064960K
  class space    used 850K, committed 896K, reserved 1048576K

Card table byte_map: [0x00000147e4e70000,0x00000147e5080000] _byte_map_base: 0x00000147e4870000

Marking Bits: (ParMarkBitMap*) 0x00007ffd446f2cd0
 Begin Bits: [0x00000147f7120000, 0x00000147f8120000)
 End Bits:   [0x00000147f8120000, 0x00000147f9120000)

Polling page: 0x00000147e4c60000

Metaspace:

Usage:
  Non-class:      7.50 MB used.
      Class:    850.45 KB used.
       Both:      8.33 MB used.

Virtual space:
  Non-class space:       16.00 MB reserved,       7.56 MB ( 47%) committed,  2 nodes.
      Class space:        1.00 GB reserved,     896.00 KB ( <1%) committed,  1 nodes.
             Both:        1.02 GB reserved,       8.44 MB ( <1%) committed. 

Chunk freelists:
   Non-Class:  3.92 MB
       Class:  3.09 MB
        Both:  7.01 MB

MaxMetaspaceSize: unlimited
CompressedClassSpaceSize: 1.00 GB
Initial GC threshold: 21.00 MB
Current GC threshold: 21.00 MB
CDS: off
MetaspaceReclaimPolicy: balanced
 - commit_granule_bytes: 65536.
 - commit_granule_words: 8192.
 - virtual_space_node_default_size: 1048576.
 - enlarge_chunks_in_place: 1.
 - new_chunks_are_fully_committed: 0.
 - uncommit_free_chunks: 1.
 - use_allocation_guard: 0.
 - handle_deallocations: 1.


Internal statistics:

num_allocs_failed_limit: 0.
num_arena_births: 10.
num_arena_deaths: 0.
num_vsnodes_births: 3.
num_vsnodes_deaths: 0.
num_space_committed: 135.
num_space_uncommitted: 0.
num_chunks_returned_to_freelist: 0.
num_chunks_taken_from_freelist: 44.
num_chunk_merges: 0.
num_chunk_splits: 24.
num_chunks_enlarged: 19.
num_purges: 0.
num_inconsistent_stats: 0.

CodeHeap 'non-profiled nmethods': size=120000Kb used=197Kb max_used=197Kb free=119802Kb
 bounds [0x00000147efbf0000, 0x00000147efe60000, 0x00000147f7120000]
CodeHeap 'profiled nmethods': size=120000Kb used=761Kb max_used=761Kb free=119238Kb
 bounds [0x00000147e86c0000, 0x00000147e8930000, 0x00000147efbf0000]
CodeHeap 'non-nmethods': size=5760Kb used=1126Kb max_used=1144Kb free=4633Kb
 bounds [0x00000147e8120000, 0x00000147e8390000, 0x00000147e86c0000]
 total_blobs=946 nmethods=533 adapters=329
 compilation: enabled
              stopped_count=0, restarted_count=0
 full_count=0

Compilation events (20 events):
Event: 8.624 Thread 0x00000147f93148d0  524       3       java.lang.invoke.VarHandleByteArrayAsInts$ArrayHandle::get (36 bytes)
Event: 8.625 Thread 0x00000147f93148d0 nmethod 524 0x00000147e877ad90 code [0x00000147e877af80, 0x00000147e877b498]
Event: 8.628 Thread 0x00000147f93148d0  526       1       java.lang.Integer::intValue (5 bytes)
Event: 8.628 Thread 0x00000147f93148d0 nmethod 526 0x00000147efc1eb90 code [0x00000147efc1ed20, 0x00000147efc1edf8]
Event: 8.629 Thread 0x00000147f93148d0  527       3       java.lang.String::getBytes (44 bytes)
Event: 8.630 Thread 0x00000147f93148d0 nmethod 527 0x00000147e877b690 code [0x00000147e877b860, 0x00000147e877bb58]
Event: 8.631 Thread 0x00000147f93148d0  528       3       java.io.OutputStream::<init> (5 bytes)
Event: 8.631 Thread 0x00000147f93148d0 nmethod 528 0x00000147e877bc90 code [0x00000147e877be20, 0x00000147e877bf78]
Event: 8.647 Thread 0x00000147f92d9980  529       4       lombok.patcher.scripts.MethodLevelPatchScript::patch (21 bytes)
Event: 8.649 Thread 0x00000147f93148d0  531       3       java.util.Arrays::copyOf (40 bytes)
Event: 8.650 Thread 0x00000147f93148d0 nmethod 531 0x00000147e877c010 code [0x00000147e877c200, 0x00000147e877c8a8]
Event: 8.652 Thread 0x00000147f93148d0  534       3       java.lang.String::valueOf (15 bytes)
Event: 8.652 Thread 0x00000147f93148d0 nmethod 534 0x00000147e877ca90 code [0x00000147e877cc40, 0x00000147e877ce48]
Event: 8.653 Thread 0x00000147f93148d0  535       3       java.security.Provider$ServiceKey::<init> (39 bytes)
Event: 8.655 Thread 0x00000147f93148d0 nmethod 535 0x00000147e877cf10 code [0x00000147e877d100, 0x00000147e877d548]
Event: 8.655 Thread 0x00000147f93148d0  536       1       java.security.Provider$UString::toString (5 bytes)
Event: 8.655 Thread 0x00000147f93148d0 nmethod 536 0x00000147efc1ee90 code [0x00000147efc1f020, 0x00000147efc1f0f8]
Event: 8.770 Thread 0x00000147f93148d0  538       3       sun.security.provider.SHA2::implCompress0 (490 bytes)
Event: 8.773 Thread 0x00000147f93148d0 nmethod 538 0x00000147e877d710 code [0x00000147e877d900, 0x00000147e877e168]
Event: 8.774 Thread 0x00000147f93148d0  539       3       sun.security.provider.ByteArrayAccess::b2iBig64 (231 bytes)

GC Heap History (0 events):
No events

Deoptimization events (20 events):
Event: 8.469 Thread 0x00000147e5486c80 Uncommon trap: trap_request=0xffffffde fr.pc=0x00000147efc120a4 relative=0x0000000000000104
Event: 8.469 Thread 0x00000147e5486c80 Uncommon trap: reason=class_check action=maybe_recompile pc=0x00000147efc120a4 method=jdk.internal.misc.Unsafe.allocateUninitializedArray(Ljava/lang/Class;I)Ljava/lang/Object; @ 51 c2
Event: 8.469 Thread 0x00000147e5486c80 DEOPT PACKING pc=0x00000147efc120a4 sp=0x00000041d12fdbb0
Event: 8.469 Thread 0x00000147e5486c80 DEOPT UNPACKING pc=0x00000147e817209d sp=0x00000041d12fdb50 mode 2
Event: 8.588 Thread 0x00000147e5486c80 Uncommon trap: trap_request=0xffffffde fr.pc=0x00000147efc120a4 relative=0x0000000000000104
Event: 8.589 Thread 0x00000147e5486c80 Uncommon trap: reason=class_check action=maybe_recompile pc=0x00000147efc120a4 method=jdk.internal.misc.Unsafe.allocateUninitializedArray(Ljava/lang/Class;I)Ljava/lang/Object; @ 51 c2
Event: 8.589 Thread 0x00000147e5486c80 DEOPT PACKING pc=0x00000147efc120a4 sp=0x00000041d12fdd40
Event: 8.589 Thread 0x00000147e5486c80 DEOPT UNPACKING pc=0x00000147e817209d sp=0x00000041d12fdce0 mode 2
Event: 8.592 Thread 0x00000147e5486c80 Uncommon trap: trap_request=0xffffffde fr.pc=0x00000147efc120a4 relative=0x0000000000000104
Event: 8.592 Thread 0x00000147e5486c80 Uncommon trap: reason=class_check action=maybe_recompile pc=0x00000147efc120a4 method=jdk.internal.misc.Unsafe.allocateUninitializedArray(Ljava/lang/Class;I)Ljava/lang/Object; @ 51 c2
Event: 8.592 Thread 0x00000147e5486c80 DEOPT PACKING pc=0x00000147efc120a4 sp=0x00000041d12fdd40
Event: 8.592 Thread 0x00000147e5486c80 DEOPT UNPACKING pc=0x00000147e817209d sp=0x00000041d12fdce0 mode 2
Event: 8.597 Thread 0x00000147e5486c80 Uncommon trap: trap_request=0xffffffde fr.pc=0x00000147efc0cfa8 relative=0x00000000000006a8
Event: 8.597 Thread 0x00000147e5486c80 Uncommon trap: reason=class_check action=maybe_recompile pc=0x00000147efc0cfa8 method=java.util.HashMap.putVal(ILjava/lang/Object;Ljava/lang/Object;ZZ)Ljava/lang/Object; @ 91 c2
Event: 8.597 Thread 0x00000147e5486c80 DEOPT PACKING pc=0x00000147efc0cfa8 sp=0x00000041d12fe050
Event: 8.597 Thread 0x00000147e5486c80 DEOPT UNPACKING pc=0x00000147e817209d sp=0x00000041d12fdff0 mode 2
Event: 8.598 Thread 0x00000147e5486c80 Uncommon trap: trap_request=0xffffffde fr.pc=0x00000147efc0cfa8 relative=0x00000000000006a8
Event: 8.598 Thread 0x00000147e5486c80 Uncommon trap: reason=class_check action=maybe_recompile pc=0x00000147efc0cfa8 method=java.util.HashMap.putVal(ILjava/lang/Object;Ljava/lang/Object;ZZ)Ljava/lang/Object; @ 91 c2
Event: 8.598 Thread 0x00000147e5486c80 DEOPT PACKING pc=0x00000147efc0cfa8 sp=0x00000041d12fe170
Event: 8.598 Thread 0x00000147e5486c80 DEOPT UNPACKING pc=0x00000147e817209d sp=0x00000041d12fe0e0 mode 2

Classes unloaded (0 events):
No events

Classes redefined (0 events):
No events

Internal exceptions (2 events):
Event: 1.720 Thread 0x00000147e5486c80 Exception <a 'java/lang/NoSuchMethodError'{0x00000000eacb2230}: 'void java.lang.invoke.DirectMethodHandle$Holder.invokeStatic(java.lang.Object, java.lang.Object, java.lang.Object)'> (0x00000000eacb2230) 
thrown [s\src\hotspot\share\interpreter\linkResolver.cpp, line 759]
Event: 5.185 Thread 0x00000147e5486c80 Exception <a 'java/lang/reflect/InvocationTargetException'{0x00000000eaf79368}> (0x00000000eaf79368) 
thrown [s\src\hotspot\share\runtime\reflection.cpp, line 1121]

VM Operations (20 events):
Event: 1.799 Executing VM operation: HandshakeAllThreads
Event: 1.800 Executing VM operation: HandshakeAllThreads done
Event: 1.800 Executing VM operation: Cleanup
Event: 1.800 Executing VM operation: Cleanup done
Event: 2.804 Executing VM operation: Cleanup
Event: 2.804 Executing VM operation: Cleanup done
Event: 3.340 Executing VM operation: HandshakeAllThreads
Event: 3.340 Executing VM operation: HandshakeAllThreads done
Event: 4.345 Executing VM operation: Cleanup
Event: 4.354 Executing VM operation: Cleanup done
Event: 5.362 Executing VM operation: Cleanup
Event: 5.362 Executing VM operation: Cleanup done
Event: 6.370 Executing VM operation: Cleanup
Event: 6.371 Executing VM operation: Cleanup done
Event: 7.379 Executing VM operation: Cleanup
Event: 7.403 Executing VM operation: Cleanup done
Event: 8.409 Executing VM operation: Cleanup
Event: 8.434 Executing VM operation: Cleanup done
Event: 8.636 Executing VM operation: HandshakeAllThreads
Event: 8.636 Executing VM operation: HandshakeAllThreads done

Events (20 events):
Event: 8.633 loading class sun/security/util/KeyUtil
Event: 8.633 loading class sun/security/util/KeyUtil done
Event: 8.633 loading class sun/security/util/Length
Event: 8.634 loading class sun/security/util/Length done
Event: 8.634 loading class javax/crypto/SecretKey
Event: 8.634 loading class javax/crypto/SecretKey done
Event: 8.635 loading class java/util/LinkedHashMap$LinkedEntrySet
Event: 8.635 loading class java/util/LinkedHashMap$LinkedEntrySet done
Event: 8.635 loading class java/util/LinkedHashMap$LinkedEntryIterator
Event: 8.635 loading class java/util/LinkedHashMap$LinkedEntryIterator done
Event: 8.643 loading class java/util/Base64
Event: 8.644 loading class java/util/Base64 done
Event: 8.644 loading class java/util/Base64$Decoder
Event: 8.644 loading class java/util/Base64$Decoder done
Event: 8.645 loading class java/util/Base64$Encoder
Event: 8.645 loading class java/util/Base64$Encoder done
Event: 8.646 loading class java/util/jar/JarVerifier$VerifierStream
Event: 8.647 loading class java/util/jar/JarVerifier$VerifierStream done
Event: 8.648 loading class sun/security/util/ManifestEntryVerifier$SunProviderHolder
Event: 8.649 loading class sun/security/util/ManifestEntryVerifier$SunProviderHolder done


Dynamic libraries:
0x00007ff6afa40000 - 0x00007ff6afa4e000 	c:\Users\POSITIVO\.vscode\extensions\redhat.java-1.10.0-win32-x64\jre\17.0.4-win32-x86_64\bin\java.exe
0x00007ffd93690000 - 0x00007ffd93888000 	C:\Windows\SYSTEM32\ntdll.dll
0x00007ffd71450000 - 0x00007ffd71467000 	C:\Program Files\Avast Software\Avast\aswhook.dll
0x00007ffd92d90000 - 0x00007ffd92e4d000 	C:\Windows\System32\KERNEL32.DLL
0x00007ffd91130000 - 0x00007ffd913fe000 	C:\Windows\System32\KERNELBASE.dll
0x00007ffd90db0000 - 0x00007ffd90eb0000 	C:\Windows\System32\ucrtbase.dll
0x00007ffd8bcb0000 - 0x00007ffd8bcc8000 	c:\Users\POSITIVO\.vscode\extensions\redhat.java-1.10.0-win32-x64\jre\17.0.4-win32-x86_64\bin\jli.dll
0x00007ffd8bbf0000 - 0x00007ffd8bc09000 	c:\Users\POSITIVO\.vscode\extensions\redhat.java-1.10.0-win32-x64\jre\17.0.4-win32-x86_64\bin\VCRUNTIME140.dll
0x00007ffd91c90000 - 0x00007ffd91e30000 	C:\Windows\System32\USER32.dll
0x00007ffd7b500000 - 0x00007ffd7b79a000 	C:\Windows\WinSxS\amd64_microsoft.windows.common-controls_6595b64144ccf1df_6.0.19041.1110_none_60b5254171f9507e\COMCTL32.dll
0x00007ffd90eb0000 - 0x00007ffd90ed2000 	C:\Windows\System32\win32u.dll
0x00007ffd92e50000 - 0x00007ffd92eee000 	C:\Windows\System32\msvcrt.dll
0x00007ffd92a10000 - 0x00007ffd92a3a000 	C:\Windows\System32\GDI32.dll
0x00007ffd91020000 - 0x00007ffd9112b000 	C:\Windows\System32\gdi32full.dll
0x00007ffd914a0000 - 0x00007ffd9153d000 	C:\Windows\System32\msvcp_win.dll
0x00007ffd93090000 - 0x00007ffd930c0000 	C:\Windows\System32\IMM32.DLL
0x00007ffd8c030000 - 0x00007ffd8c03c000 	c:\Users\POSITIVO\.vscode\extensions\redhat.java-1.10.0-win32-x64\jre\17.0.4-win32-x86_64\bin\vcruntime140_1.dll
0x00007ffd7c160000 - 0x00007ffd7c1f1000 	c:\Users\POSITIVO\.vscode\extensions\redhat.java-1.10.0-win32-x64\jre\17.0.4-win32-x86_64\bin\msvcp140.dll
0x00007ffd43b70000 - 0x00007ffd447b6000 	c:\Users\POSITIVO\.vscode\extensions\redhat.java-1.10.0-win32-x64\jre\17.0.4-win32-x86_64\bin\server\jvm.dll
0x00007ffd93540000 - 0x00007ffd935ee000 	C:\Windows\System32\ADVAPI32.dll
0x00007ffd92070000 - 0x00007ffd9210c000 	C:\Windows\System32\sechost.dll
0x00007ffd92f00000 - 0x00007ffd93025000 	C:\Windows\System32\RPCRT4.dll
0x00007ffd92ef0000 - 0x00007ffd92ef8000 	C:\Windows\System32\PSAPI.DLL
0x00007ffd82fc0000 - 0x00007ffd82fe7000 	C:\Windows\SYSTEM32\WINMM.dll
0x00007ffd83b40000 - 0x00007ffd83b49000 	C:\Windows\SYSTEM32\WSOCK32.dll
0x00007ffd92b10000 - 0x00007ffd92b7b000 	C:\Windows\System32\WS2_32.dll
0x00007ffd85f90000 - 0x00007ffd85f9a000 	C:\Windows\SYSTEM32\VERSION.dll
0x00007ffd8ec80000 - 0x00007ffd8ec92000 	C:\Windows\SYSTEM32\kernel.appcore.dll
0x00007ffd8bc70000 - 0x00007ffd8bc7a000 	c:\Users\POSITIVO\.vscode\extensions\redhat.java-1.10.0-win32-x64\jre\17.0.4-win32-x86_64\bin\jimage.dll
0x00007ffd858f0000 - 0x00007ffd85ad4000 	C:\Windows\SYSTEM32\DBGHELP.DLL
0x00007ffd858c0000 - 0x00007ffd858ec000 	C:\Windows\SYSTEM32\dbgcore.DLL
0x00007ffd90f90000 - 0x00007ffd91012000 	C:\Windows\System32\bcryptPrimitives.dll
0x00007ffd8a700000 - 0x00007ffd8a70e000 	c:\Users\POSITIVO\.vscode\extensions\redhat.java-1.10.0-win32-x64\jre\17.0.4-win32-x86_64\bin\instrument.dll
0x00007ffd8a6d0000 - 0x00007ffd8a6f5000 	c:\Users\POSITIVO\.vscode\extensions\redhat.java-1.10.0-win32-x64\jre\17.0.4-win32-x86_64\bin\java.dll
0x00007ffd8a600000 - 0x00007ffd8a618000 	c:\Users\POSITIVO\.vscode\extensions\redhat.java-1.10.0-win32-x64\jre\17.0.4-win32-x86_64\bin\zip.dll
0x00007ffd922c0000 - 0x00007ffd92a03000 	C:\Windows\System32\SHELL32.dll
0x00007ffd8eea0000 - 0x00007ffd8f635000 	C:\Windows\SYSTEM32\windows.storage.dll
0x00007ffd930c0000 - 0x00007ffd93414000 	C:\Windows\System32\combase.dll
0x00007ffd90740000 - 0x00007ffd90770000 	C:\Windows\SYSTEM32\Wldp.dll
0x00007ffd92a60000 - 0x00007ffd92b0d000 	C:\Windows\System32\SHCORE.dll
0x00007ffd93030000 - 0x00007ffd93085000 	C:\Windows\System32\shlwapi.dll
0x00007ffd90cf0000 - 0x00007ffd90d0f000 	C:\Windows\SYSTEM32\profapi.dll
0x00007ffd8a0f0000 - 0x00007ffd8a109000 	C:\Users\POSITIVO\.vscode\extensions\redhat.java-1.10.0-win32-x64\jre\17.0.4-win32-x86_64\bin\net.dll
0x00007ffd8b320000 - 0x00007ffd8b42a000 	C:\Windows\SYSTEM32\WINHTTP.dll
0x00007ffd904a0000 - 0x00007ffd9050a000 	C:\Windows\system32\mswsock.dll
0x00007ffd8a070000 - 0x00007ffd8a085000 	C:\Users\POSITIVO\.vscode\extensions\redhat.java-1.10.0-win32-x64\jre\17.0.4-win32-x86_64\bin\nio.dll
0x00007ffd8a6c0000 - 0x00007ffd8a6d0000 	c:\Users\POSITIVO\.vscode\extensions\redhat.java-1.10.0-win32-x64\jre\17.0.4-win32-x86_64\bin\verify.dll

dbghelp: loaded successfully - version: 4.0.5 - missing functions: none
symbol engine: initialized successfully - sym options: 0x614 - pdb path: .;c:\Users\POSITIVO\.vscode\extensions\redhat.java-1.10.0-win32-x64\jre\17.0.4-win32-x86_64\bin;C:\Windows\SYSTEM32;C:\Program Files\Avast Software\Avast;C:\Windows\WinSxS\amd64_microsoft.windows.common-controls_6595b64144ccf1df_6.0.19041.1110_none_60b5254171f9507e;c:\Users\POSITIVO\.vscode\extensions\redhat.java-1.10.0-win32-x64\jre\17.0.4-win32-x86_64\bin\server

VM Arguments:
jvm_args: --add-modules=ALL-SYSTEM --add-opens=java.base/java.util=ALL-UNNAMED --add-opens=java.base/java.lang=ALL-UNNAMED --add-opens=java.base/sun.nio.fs=ALL-UNNAMED -Declipse.application=org.eclipse.jdt.ls.core.id1 -Dosgi.bundles.defaultStartLevel=4 -Declipse.product=org.eclipse.jdt.ls.core.product -Djava.import.generatesMetadataFilesAtProjectRoot=false -Dfile.encoding=utf8 -DwatchParentProcess=false -XX:+UseParallelGC -XX:GCTimeRatio=4 -XX:AdaptiveSizePolicyWeight=90 -Dsun.zip.disableMemoryMapping=true -Xmx1G -Xms100m -Xlog:jni+resolve=off -javaagent:c:\Users\POSITIVO\.vscode\extensions\redhat.java-1.10.0-win32-x64\lombok\lombok-1.18.24.jar 
java_command: c:\Users\POSITIVO\.vscode\extensions\redhat.java-1.10.0-win32-x64\server\plugins\org.eclipse.equinox.launcher_1.6.400.v20210924-0641.jar -configuration c:\Users\POSITIVO\AppData\Roaming\Code\User\globalStorage\redhat.java\1.10.0\config_ss_win -data c:\Users\POSITIVO\AppData\Roaming\Code\User\workspaceStorage\8ec930336ebd1d15844ebf1d7341b1a9\redhat.java\ss_ws
java_class_path (initial): c:\Users\POSITIVO\.vscode\extensions\redhat.java-1.10.0-win32-x64\server\plugins\org.eclipse.equinox.launcher_1.6.400.v20210924-0641.jar
Launcher Type: SUN_STANDARD

[Global flags]
    uintx AdaptiveSizePolicyWeight                 = 90                                        {product} {command line}
     intx CICompilerCount                          = 3                                         {product} {ergonomic}
    uintx GCTimeRatio                              = 4                                         {product} {command line}
   size_t InitialHeapSize                          = 104857600                                 {product} {command line}
   size_t MaxHeapSize                              = 1073741824                                {product} {command line}
   size_t MaxNewSize                               = 357564416                                 {product} {ergonomic}
   size_t MinHeapDeltaBytes                        = 524288                                    {product} {ergonomic}
   size_t MinHeapSize                              = 104857600                                 {product} {command line}
   size_t NewSize                                  = 34603008                                  {product} {ergonomic}
    uintx NonNMethodCodeHeapSize                   = 5832780                                {pd product} {ergonomic}
    uintx NonProfiledCodeHeapSize                  = 122912730                              {pd product} {ergonomic}
   size_t OldSize                                  = 70254592                                  {product} {ergonomic}
    uintx ProfiledCodeHeapSize                     = 122912730                              {pd product} {ergonomic}
    uintx ReservedCodeCacheSize                    = 251658240                              {pd product} {ergonomic}
     bool SegmentedCodeCache                       = true                                      {product} {ergonomic}
   size_t SoftMaxHeapSize                          = 1073741824                             {manageable} {ergonomic}
     bool UseCompressedClassPointers               = true                           {product lp64_product} {ergonomic}
     bool UseCompressedOops                        = true                           {product lp64_product} {ergonomic}
     bool UseLargePagesIndividualAllocation        = false                                  {pd product} {ergonomic}
     bool UseParallelGC                            = true                                      {product} {command line}

Logging:
Log output configuration:
 #0: stdout all=warning,jni+resolve=off uptime,level,tags
 #1: stderr all=off uptime,level,tags

Environment Variables:
PATH=C:\Program Files\Common Files\Oracle\Java\javapath;C:\Program Files (x86)\Common Files\Oracle\Java\javapath;C:\Windows\system32;C:\Windows;C:\Windows\System32\Wbem;C:\Windows\System32\WindowsPowerShell\v1.0\;C:\Windows\System32\OpenSSH\;C:\Program Files\Git\cmd;C:\Users\POSITIVO\AppData\Local\Programs\Python\Python310\Scripts\;C:\Users\POSITIVO\AppData\Local\Programs\Python\Python310\;C:\Users\POSITIVO\AppData\Local\Microsoft\WindowsApps;C:\Users\POSITIVO\AppData\Local\JetBrains\Toolbox\scripts;C:\Users\POSITIVO\AppData\Local\Programs\Microsoft VS Code\bin
USERNAME=POSITIVO
OS=Windows_NT
PROCESSOR_IDENTIFIER=Intel64 Family 6 Model 76 Stepping 4, GenuineIntel
TMP=C:\Users\POSITIVO\AppData\Local\Temp
TEMP=C:\Users\POSITIVO\AppData\Local\Temp



---------------  S Y S T E M  ---------------

OS:
 Windows 10 , 64 bit Build 19041 (10.0.19041.1889)
OS uptime: 0 days 0:45 hours

CPU: total 4 (initial active 4) (4 cores per cpu, 1 threads per core) family 6 model 76 stepping 4 microcode 0x411, cx8, cmov, fxsr, mmx, 3dnowpref, sse, sse2, sse3, ssse3, sse4.1, sse4.2, popcnt, tsc, tscinvbit, aes, erms, clmul, clflush

Memory: 4k page, system-wide physical 1848M (322M free)
TotalPageFile size 3167M (AvailPageFile size 0M)
current process WorkingSet (physical memory assigned to process): 47M, peak: 47M
current process commit charge ("private bytes"): 181M, peak: 182M

vm_info: OpenJDK 64-Bit Server VM (17.0.4+8) for windows-amd64 JRE (17.0.4+8), built on Jul 19 2022 16:05:16 by "temurin" with MS VC++ 16.7 (VS2019)

END.
