#
# There is insufficient memory for the Java Runtime Environment to continue.
# Native memory allocation (mmap) failed to map 65536 bytes for Failed to commit metaspace.
# Possible reasons:
#   The system is out of physical RAM or swap space
#   The process is running with CompressedOops enabled, and the Java Heap may be blocking the growth of the native heap
# Possible solutions:
#   Reduce memory load on the system
#   Increase physical memory or swap space
#   Check if swap backing store is full
#   Decrease Java heap size (-Xmx/-Xms)
#   Decrease number of Java threads
#   Decrease Java thread stack sizes (-Xss)
#   Set larger code cache with -XX:ReservedCodeCacheSize=
#   JVM is running with Unscaled Compressed Oops mode in which the Java heap is
#     placed in the first 4GB address space. The Java Heap base address is the
#     maximum limit for the native heap growth. Please use -XX:HeapBaseMinAddress
#     to set the Java Heap base and to place the Java Heap above 4GB virtual address.
# This output file may be truncated or incomplete.
#
#  Out of Memory Error (virtualSpaceNode.cpp:110), pid=8052, tid=6692
#
# JRE version: OpenJDK Runtime Environment Temurin-17.0.4+8 (17.0.4+8) (build 17.0.4+8)
# Java VM: OpenJDK 64-Bit Server VM Temurin-17.0.4+8 (17.0.4+8, mixed mode, tiered, compressed oops, compressed class ptrs, parallel gc, windows-amd64)
# No core dump will be written. Minidumps are not enabled by default on client versions of Windows
#

---------------  S U M M A R Y ------------

Command Line: --add-modules=ALL-SYSTEM --add-opens=java.base/java.util=ALL-UNNAMED --add-opens=java.base/java.lang=ALL-UNNAMED --add-opens=java.base/sun.nio.fs=ALL-UNNAMED -Declipse.application=org.eclipse.jdt.ls.core.id1 -Dosgi.bundles.defaultStartLevel=4 -Declipse.product=org.eclipse.jdt.ls.core.product -Djava.import.generatesMetadataFilesAtProjectRoot=false -Dfile.encoding=utf8 -DwatchParentProcess=false -XX:+UseParallelGC -XX:GCTimeRatio=4 -XX:AdaptiveSizePolicyWeight=90 -Dsun.zip.disableMemoryMapping=true -Xmx1G -Xms100m -Xlog:jni+resolve=off -javaagent:c:\Users\POSITIVO\.vscode\extensions\redhat.java-1.10.0-win32-x64\lombok\lombok-1.18.24.jar -XX:+HeapDumpOnOutOfMemoryError -XX:HeapDumpPath=c:\Users\POSITIVO\AppData\Roaming\Code\User\workspaceStorage\8ec930336ebd1d15844ebf1d7341b1a9\redhat.java c:\Users\POSITIVO\.vscode\extensions\redhat.java-1.10.0-win32-x64\server\plugins\org.eclipse.equinox.launcher_1.6.400.v20210924-0641.jar -configuration c:\Users\POSITIVO\AppData\Roaming\Code\User\globalStorage\redhat.java\1.10.0\config_win -data c:\Users\POSITIVO\AppData\Roaming\Code\User\workspaceStorage\8ec930336ebd1d15844ebf1d7341b1a9\redhat.java\jdt_ws

Host: Intel(R) Atom(TM) x5-Z8350  CPU @ 1.44GHz, 4 cores, 1G,  Windows 10 , 64 bit Build 19041 (10.0.19041.1889)
Time: Thu Oct  6 14:17:13 2022 Hora oficial do Brasil elapsed time: 11.099383 seconds (0d 0h 0m 11s)

---------------  T H R E A D  ---------------

Current thread (0x000001edfc3b6440):  JavaThread "main" [_thread_in_vm, id=6692, stack(0x0000009fa4800000,0x0000009fa4900000)]

Stack: [0x0000009fa4800000,0x0000009fa4900000]
Native frames: (J=compiled Java code, j=interpreted, Vv=VM code, C=native code)
V  [jvm.dll+0x67733a]
V  [jvm.dll+0x8323c4]
V  [jvm.dll+0x833b6e]
V  [jvm.dll+0x8341d3]
V  [jvm.dll+0x2455e5]
V  [jvm.dll+0x82e36b]
V  [jvm.dll+0x61be16]
V  [jvm.dll+0x1c060e]
V  [jvm.dll+0x61e761]
V  [jvm.dll+0x61c7b6]
V  [jvm.dll+0x239c7f]
V  [jvm.dll+0x6265c5]
V  [jvm.dll+0x1ea42b]
V  [jvm.dll+0x1ea965]
V  [jvm.dll+0x1eb39f]
V  [jvm.dll+0x1e0841]
V  [jvm.dll+0x53c8f0]
V  [jvm.dll+0x7ad188]
V  [jvm.dll+0x7ad274]
V  [jvm.dll+0x40ccb5]
V  [jvm.dll+0x412ea8]
C  [java.dll+0x17ec]

Java frames: (J=compiled Java code, j=interpreted, Vv=VM code)
j  java.lang.ClassLoader.defineClass1(Ljava/lang/ClassLoader;Ljava/lang/String;[BIILjava/security/ProtectionDomain;Ljava/lang/String;)Ljava/lang/Class;+0 java.base@17.0.4
j  java.lang.ClassLoader.defineClass(Ljava/lang/String;[BIILjava/security/ProtectionDomain;)Ljava/lang/Class;+27 java.base@17.0.4
j  java.security.SecureClassLoader.defineClass(Ljava/lang/String;[BIILjava/security/CodeSource;)Ljava/lang/Class;+12 java.base@17.0.4
j  java.net.URLClassLoader.defineClass(Ljava/lang/String;Ljdk/internal/loader/Resource;)Ljava/lang/Class;+221 java.base@17.0.4
j  java.net.URLClassLoader$1.run()Ljava/lang/Class;+43 java.base@17.0.4
j  java.net.URLClassLoader$1.run()Ljava/lang/Object;+1 java.base@17.0.4
j  java.security.AccessController.executePrivileged(Ljava/security/PrivilegedExceptionAction;Ljava/security/AccessControlContext;Ljava/lang/Class;)Ljava/lang/Object;+29 java.base@17.0.4
j  java.security.AccessController.doPrivileged(Ljava/security/PrivilegedExceptionAction;Ljava/security/AccessControlContext;)Ljava/lang/Object;+13 java.base@17.0.4
j  java.net.URLClassLoader.findClass(Ljava/lang/String;)Ljava/lang/Class;+13 java.base@17.0.4
J 903 c1 java.lang.ClassLoader.loadClass(Ljava/lang/String;Z)Ljava/lang/Class; java.base@17.0.4 (121 bytes) @ 0x000001ed8072275c [0x000001ed807221c0+0x000000000000059c]
J 803 c1 java.lang.ClassLoader.loadClass(Ljava/lang/String;)Ljava/lang/Class; java.base@17.0.4 (7 bytes) @ 0x000001ed806eb9bc [0x000001ed806eb8c0+0x00000000000000fc]
v  ~StubRoutines::call_stub
j  org.eclipse.osgi.storage.Storage.<init>(Lorg/eclipse/osgi/internal/framework/EquinoxContainer;[Ljava/lang/String;)V+208
j  org.eclipse.osgi.storage.Storage.createStorage(Lorg/eclipse/osgi/internal/framework/EquinoxContainer;)Lorg/eclipse/osgi/storage/Storage;+11
j  org.eclipse.osgi.internal.framework.EquinoxContainer.<init>(Ljava/util/Map;Lorg/osgi/framework/connect/ModuleConnector;)V+145
j  org.eclipse.osgi.launch.Equinox.<init>(Ljava/util/Map;Lorg/osgi/framework/connect/ModuleConnector;)V+10
j  org.eclipse.osgi.launch.Equinox.<init>(Ljava/util/Map;)V+3
j  org.eclipse.core.runtime.adaptor.EclipseStarter.startup([Ljava/lang/String;Ljava/lang/Runnable;)Lorg/osgi/framework/BundleContext;+28
j  org.eclipse.core.runtime.adaptor.EclipseStarter.run([Ljava/lang/String;Ljava/lang/Runnable;)Ljava/lang/Object;+21
v  ~StubRoutines::call_stub
j  jdk.internal.reflect.NativeMethodAccessorImpl.invoke0(Ljava/lang/reflect/Method;Ljava/lang/Object;[Ljava/lang/Object;)Ljava/lang/Object;+0 java.base@17.0.4
j  jdk.internal.reflect.NativeMethodAccessorImpl.invoke(Ljava/lang/Object;[Ljava/lang/Object;)Ljava/lang/Object;+133 java.base@17.0.4
j  jdk.internal.reflect.DelegatingMethodAccessorImpl.invoke(Ljava/lang/Object;[Ljava/lang/Object;)Ljava/lang/Object;+6 java.base@17.0.4
j  java.lang.reflect.Method.invoke(Ljava/lang/Object;[Ljava/lang/Object;)Ljava/lang/Object;+59 java.base@17.0.4
j  org.eclipse.equinox.launcher.Main.invokeFramework([Ljava/lang/String;[Ljava/net/URL;)V+201
j  org.eclipse.equinox.launcher.Main.basicRun([Ljava/lang/String;)V+159
j  org.eclipse.equinox.launcher.Main.run([Ljava/lang/String;)I+4
j  org.eclipse.equinox.launcher.Main.main([Ljava/lang/String;)V+10
v  ~StubRoutines::call_stub

---------------  P R O C E S S  ---------------

Threads class SMR info:
_java_thread_list=0x000001ed91f6d350, length=12, elements={
0x000001edfc3b6440, 0x000001edff1d5e70, 0x000001edff1e7d20, 0x000001edff216410,
0x000001edff216ed0, 0x000001edff218970, 0x000001edff21b320, 0x000001edff21f590,
0x000001edff220010, 0x000001edff23c5b0, 0x000001edfc475720, 0x000001ed91f6f340
}

Java Threads: ( => current thread )
=>0x000001edfc3b6440 JavaThread "main" [_thread_in_vm, id=6692, stack(0x0000009fa4800000,0x0000009fa4900000)]
  0x000001edff1d5e70 JavaThread "Reference Handler" daemon [_thread_blocked, id=3096, stack(0x0000009fa4b00000,0x0000009fa4c00000)]
  0x000001edff1e7d20 JavaThread "Finalizer" daemon [_thread_blocked, id=4888, stack(0x0000009fa4c00000,0x0000009fa4d00000)]
  0x000001edff216410 JavaThread "Signal Dispatcher" daemon [_thread_blocked, id=7712, stack(0x0000009fa4d00000,0x0000009fa4e00000)]
  0x000001edff216ed0 JavaThread "Attach Listener" daemon [_thread_blocked, id=1284, stack(0x0000009fa4e00000,0x0000009fa4f00000)]
  0x000001edff218970 JavaThread "Service Thread" daemon [_thread_blocked, id=1712, stack(0x0000009fa4f00000,0x0000009fa5000000)]
  0x000001edff21b320 JavaThread "Monitor Deflation Thread" daemon [_thread_blocked, id=7892, stack(0x0000009fa5000000,0x0000009fa5100000)]
  0x000001edff21f590 JavaThread "C2 CompilerThread0" daemon [_thread_blocked, id=2132, stack(0x0000009fa5100000,0x0000009fa5200000)]
  0x000001edff220010 JavaThread "C1 CompilerThread0" daemon [_thread_blocked, id=6252, stack(0x0000009fa5200000,0x0000009fa5300000)]
  0x000001edff23c5b0 JavaThread "Sweeper thread" daemon [_thread_blocked, id=5656, stack(0x0000009fa5300000,0x0000009fa5400000)]
  0x000001edfc475720 JavaThread "Common-Cleaner" daemon [_thread_blocked, id=5228, stack(0x0000009fa5400000,0x0000009fa5500000)]
  0x000001ed91f6f340 JavaThread "Notification Thread" daemon [_thread_blocked, id=3628, stack(0x0000009fa5500000,0x0000009fa5600000)]

Other Threads:
  0x000001edff1bc8e0 VMThread "VM Thread" [stack: 0x0000009fa4a00000,0x0000009fa4b00000] [id=7504] _threads_hazard_ptr=0x000001ed91f6d350
  0x000001ed91f67f60 WatcherThread [stack: 0x0000009fa5600000,0x0000009fa5700000] [id=6616]
  0x000001edfc3c6750 GCTaskThread "GC Thread#0" [stack: 0x0000009fa4900000,0x0000009fa4a00000] [id=3068]

Threads with active compile tasks:

VM state: synchronizing (normal execution)

VM Mutex/Monitor currently owned by a thread:  ([mutex/lock_event])
[0x000001edfc3af1e0] Metaspace_lock - owner thread: 0x000001edfc3b6440
[0x000001edfc3b1900] Threads_lock - owner thread: 0x000001edff1bc8e0

Heap address: 0x00000000c0000000, size: 1024 MB, Compressed Oops mode: 32-bit

CDS archive(s) not mapped
Compressed class space mapped at: 0x0000000100000000-0x0000000140000000, reserved size: 1073741824
Narrow klass base: 0x0000000000000000, Narrow klass shift: 3, Narrow klass range: 0x140000000

GC Precious Log:
 CPUs: 4 total, 4 available
 Memory: 1848M
 Large Page Support: Disabled
 NUMA Support: Disabled
 Compressed Oops: Enabled (32-bit)
 Alignments: Space 512K, Generation 512K, Heap 2M
 Heap Min Capacity: 100M
 Heap Initial Capacity: 100M
 Heap Max Capacity: 1G
 Pre-touch: Disabled
 Parallel Workers: 4

Heap:
 PSYoungGen      total 29696K, used 23522K [0x00000000eab00000, 0x00000000ecc00000, 0x0000000100000000)
  eden space 25600K, 91% used [0x00000000eab00000,0x00000000ec1f8a00,0x00000000ec400000)
  from space 4096K, 0% used [0x00000000ec800000,0x00000000ec800000,0x00000000ecc00000)
  to   space 4096K, 0% used [0x00000000ec400000,0x00000000ec400000,0x00000000ec800000)
 ParOldGen       total 68608K, used 0K [0x00000000c0000000, 0x00000000c4300000, 0x00000000eab00000)
  object space 68608K, 0% used [0x00000000c0000000,0x00000000c0000000,0x00000000c4300000)
 Metaspace       used 10289K, committed 10432K, reserved 1064960K
  class space    used 1024K, committed 1088K, reserved 1048576K

Card table byte_map: [0x000001edfbd80000,0x000001edfbf90000] _byte_map_base: 0x000001edfb780000

Marking Bits: (ParMarkBitMap*) 0x00007ffd446f2cd0
 Begin Bits: [0x000001ed8f000000, 0x000001ed90000000)
 End Bits:   [0x000001ed90000000, 0x000001ed91000000)

Polling page: 0x000001edfa3c0000

Metaspace:

Usage:
  Non-class:      9.05 MB used.
      Class:      1.00 MB used.
       Both:     10.05 MB used.

Virtual space:
  Non-class space:       16.00 MB reserved,       9.12 MB ( 57%) committed,  2 nodes.
      Class space:        1.00 GB reserved,       1.06 MB ( <1%) committed,  1 nodes.
             Both:        1.02 GB reserved,      10.19 MB ( <1%) committed. 

Chunk freelists:
   Non-Class:  2.17 MB
       Class:  2.94 MB
        Both:  5.11 MB

MaxMetaspaceSize: unlimited
CompressedClassSpaceSize: 1.00 GB
Initial GC threshold: 21.00 MB
Current GC threshold: 21.00 MB
CDS: off
MetaspaceReclaimPolicy: balanced
 - commit_granule_bytes: 65536.
 - commit_granule_words: 8192.
 - virtual_space_node_default_size: 1048576.
 - enlarge_chunks_in_place: 1.
 - new_chunks_are_fully_committed: 0.
 - uncommit_free_chunks: 1.
 - use_allocation_guard: 0.
 - handle_deallocations: 1.


Internal statistics:

num_allocs_failed_limit: 0.
num_arena_births: 16.
num_arena_deaths: 0.
num_vsnodes_births: 3.
num_vsnodes_deaths: 0.
num_space_committed: 163.
num_space_uncommitted: 0.
num_chunks_returned_to_freelist: 0.
num_chunks_taken_from_freelist: 82.
num_chunk_merges: 0.
num_chunk_splits: 56.
num_chunks_enlarged: 52.
num_purges: 0.
num_inconsistent_stats: 0.

CodeHeap 'non-profiled nmethods': size=120000Kb used=328Kb max_used=328Kb free=119671Kb
 bounds [0x000001ed87ad0000, 0x000001ed87d40000, 0x000001ed8f000000]
CodeHeap 'profiled nmethods': size=120000Kb used=1574Kb max_used=1574Kb free=118425Kb
 bounds [0x000001ed805a0000, 0x000001ed80810000, 0x000001ed87ad0000]
CodeHeap 'non-nmethods': size=5760Kb used=1131Kb max_used=1149Kb free=4628Kb
 bounds [0x000001ed80000000, 0x000001ed80270000, 0x000001ed805a0000]
 total_blobs=1330 nmethods=909 adapters=337
 compilation: enabled
              stopped_count=0, restarted_count=0
 full_count=0

Compilation events (20 events):
Event: 10.932 Thread 0x000001edff220010  906       3       sun.security.util.ManifestEntryVerifier::update (48 bytes)
Event: 10.935 Thread 0x000001edff220010 nmethod 906 0x000001ed80724a90 code [0x000001ed80724ca0, 0x000001ed80725358]
Event: 10.947 Thread 0x000001edff220010  907       3       jdk.internal.access.SharedSecrets::javaUtilJarAccess (19 bytes)
Event: 10.948 Thread 0x000001edff220010 nmethod 907 0x000001ed80725610 code [0x000001ed80725800, 0x000001ed80725ba8]
Event: 10.948 Thread 0x000001edff220010  908   !   3       java.util.jar.JarFile::getManifestFromReference (197 bytes)
Event: 10.954 Thread 0x000001edff220010 nmethod 908 0x000001ed80725d90 code [0x000001ed80726080, 0x000001ed80727378]
Event: 10.990 Thread 0x000001edff220010  909       3       java.lang.ref.Cleaner::register (25 bytes)
Event: 10.991 Thread 0x000001edff220010 nmethod 909 0x000001ed80727a90 code [0x000001ed80727c80, 0x000001ed80728188]
Event: 10.996 Thread 0x000001edff220010  910  s    3       jdk.internal.loader.Resource::cachedInputStream (20 bytes)
Event: 10.997 Thread 0x000001edff220010 nmethod 910 0x000001ed80728390 code [0x000001ed80728540, 0x000001ed807288a8]
Event: 11.031 Thread 0x000001edff220010  911       1       java.util.zip.ZipEntry::getCrc (5 bytes)
Event: 11.032 Thread 0x000001edff220010 nmethod 911 0x000001ed87b21d90 code [0x000001ed87b21f20, 0x000001ed87b21ff8]
Event: 11.058 Thread 0x000001edff220010  912   !   3       java.util.zip.Inflater::needsInput (55 bytes)
Event: 11.059 Thread 0x000001edff220010 nmethod 912 0x000001ed80728a10 code [0x000001ed80728bc0, 0x000001ed80728f78]
Event: 11.070 Thread 0x000001edff220010  913       1       java.security.MessageDigest::getAlgorithm (5 bytes)
Event: 11.070 Thread 0x000001edff220010 nmethod 913 0x000001ed87b22090 code [0x000001ed87b22220, 0x000001ed87b222f8]
Event: 11.076 Thread 0x000001edff220010  914       3       java.nio.ByteBuffer::position (8 bytes)
Event: 11.077 Thread 0x000001edff220010 nmethod 914 0x000001ed80729090 code [0x000001ed80729220, 0x000001ed80729368]
Event: 11.083 Thread 0x000001edff220010  915       3       java.util.jar.JarFile::getJarEntry (9 bytes)
Event: 11.084 Thread 0x000001edff220010 nmethod 915 0x000001ed80729410 code [0x000001ed807295c0, 0x000001ed80729868]

GC Heap History (0 events):
No events

Deoptimization events (20 events):
Event: 9.252 Thread 0x000001edfc3b6440 DEOPT PACKING pc=0x000001ed87af3e28 sp=0x0000009fa48fe5e0
Event: 9.252 Thread 0x000001edfc3b6440 DEOPT UNPACKING pc=0x000001ed8005209d sp=0x0000009fa48fe590 mode 2
Event: 9.390 Thread 0x000001edfc3b6440 DEOPT PACKING pc=0x000001ed805ebcd2 sp=0x0000009fa48fbaa0
Event: 9.391 Thread 0x000001edfc3b6440 DEOPT UNPACKING pc=0x000001ed80052824 sp=0x0000009fa48faf00 mode 0
Event: 10.538 Thread 0x000001edfc3b6440 Uncommon trap: trap_request=0xffffff45 fr.pc=0x000001ed87b06ddc relative=0x000000000000095c
Event: 10.538 Thread 0x000001edfc3b6440 Uncommon trap: reason=unstable_if action=reinterpret pc=0x000001ed87b06ddc method=java.util.HashMap.hash(Ljava/lang/Object;)I @ 1 c2
Event: 10.538 Thread 0x000001edfc3b6440 DEOPT PACKING pc=0x000001ed87b06ddc sp=0x0000009fa48fe440
Event: 10.538 Thread 0x000001edfc3b6440 DEOPT UNPACKING pc=0x000001ed8005209d sp=0x0000009fa48fe3b0 mode 2
Event: 10.539 Thread 0x000001edfc3b6440 Uncommon trap: trap_request=0xffffff45 fr.pc=0x000001ed87b1996c relative=0x000000000000024c
Event: 10.539 Thread 0x000001edfc3b6440 Uncommon trap: reason=unstable_if action=reinterpret pc=0x000001ed87b1996c method=java.util.HashMap.hash(Ljava/lang/Object;)I @ 1 c2
Event: 10.539 Thread 0x000001edfc3b6440 DEOPT PACKING pc=0x000001ed87b1996c sp=0x0000009fa48fe370
Event: 10.539 Thread 0x000001edfc3b6440 DEOPT UNPACKING pc=0x000001ed8005209d sp=0x0000009fa48fe208 mode 2
Event: 10.539 Thread 0x000001edfc3b6440 Uncommon trap: trap_request=0xffffff45 fr.pc=0x000001ed87b0ae3c relative=0x000000000000027c
Event: 10.539 Thread 0x000001edfc3b6440 Uncommon trap: reason=unstable_if action=reinterpret pc=0x000001ed87b0ae3c method=java.util.HashMap.hash(Ljava/lang/Object;)I @ 1 c2
Event: 10.540 Thread 0x000001edfc3b6440 DEOPT PACKING pc=0x000001ed87b0ae3c sp=0x0000009fa48fe400
Event: 10.540 Thread 0x000001edfc3b6440 DEOPT UNPACKING pc=0x000001ed8005209d sp=0x0000009fa48fe318 mode 2
Event: 10.542 Thread 0x000001edfc3b6440 Uncommon trap: trap_request=0xffffff45 fr.pc=0x000001ed87b08d94 relative=0x0000000000000094
Event: 10.542 Thread 0x000001edfc3b6440 Uncommon trap: reason=unstable_if action=reinterpret pc=0x000001ed87b08d94 method=java.util.HashMap.hash(Ljava/lang/Object;)I @ 1 c2
Event: 10.542 Thread 0x000001edfc3b6440 DEOPT PACKING pc=0x000001ed87b08d94 sp=0x0000009fa48fe270
Event: 10.542 Thread 0x000001edfc3b6440 DEOPT UNPACKING pc=0x000001ed8005209d sp=0x0000009fa48fe208 mode 2

Classes unloaded (0 events):
No events

Classes redefined (0 events):
No events

Internal exceptions (17 events):
Event: 1.102 Thread 0x000001edfc3b6440 Exception <a 'java/lang/NoSuchMethodError'{0x00000000eacb2230}: 'void java.lang.invoke.DirectMethodHandle$Holder.invokeStatic(java.lang.Object, java.lang.Object, java.lang.Object)'> (0x00000000eacb2230) 
thrown [s\src\hotspot\share\interpreter\linkResolver.cpp, line 759]
Event: 2.142 Thread 0x000001edfc3b6440 Exception <a 'java/lang/reflect/InvocationTargetException'{0x00000000eaf78de0}> (0x00000000eaf78de0) 
thrown [s\src\hotspot\share\runtime\reflection.cpp, line 1121]
Event: 5.401 Thread 0x000001edfc3b6440 Exception <a 'java/lang/ClassNotFoundException'{0x00000000eb709010}: sun/net/www/protocol/c/Handler> (0x00000000eb709010) 
thrown [s\src\hotspot\share\classfile\systemDictionary.cpp, line 256]
Event: 5.465 Thread 0x000001edfc3b6440 Exception <a 'java/io/FileNotFoundException'{0x00000000eb723c20}> (0x00000000eb723c20) 
thrown [s\src\hotspot\share\prims\jni.cpp, line 516]
Event: 5.466 Thread 0x000001edfc3b6440 Exception <a 'java/io/FileNotFoundException'{0x00000000eb724980}> (0x00000000eb724980) 
thrown [s\src\hotspot\share\prims\jni.cpp, line 516]
Event: 5.468 Thread 0x000001edfc3b6440 Exception <a 'java/io/FileNotFoundException'{0x00000000eb7256c0}> (0x00000000eb7256c0) 
thrown [s\src\hotspot\share\prims\jni.cpp, line 516]
Event: 5.470 Thread 0x000001edfc3b6440 Exception <a 'java/io/FileNotFoundException'{0x00000000eb7263f0}> (0x00000000eb7263f0) 
thrown [s\src\hotspot\share\prims\jni.cpp, line 516]
Event: 5.487 Thread 0x000001edfc3b6440 Implicit null exception at 0x000001ed87b00972 to 0x000001ed87b00de0
Event: 5.499 Thread 0x000001edfc3b6440 Exception <a 'java/io/FileNotFoundException'{0x00000000eb766180}> (0x00000000eb766180) 
thrown [s\src\hotspot\share\prims\jni.cpp, line 516]
Event: 8.975 Thread 0x000001edfc3b6440 Exception <a 'java/lang/ClassNotFoundException'{0x00000000ebf5d0a0}: sun/net/www/protocol/c/Handler> (0x00000000ebf5d0a0) 
thrown [s\src\hotspot\share\classfile\systemDictionary.cpp, line 256]
Event: 8.985 Thread 0x000001edfc3b6440 Exception <a 'java/lang/ClassNotFoundException'{0x00000000ebf5e478}: sun/net/www/protocol/c/Handler> (0x00000000ebf5e478) 
thrown [s\src\hotspot\share\classfile\systemDictionary.cpp, line 256]
Event: 9.001 Thread 0x000001edfc3b6440 Exception <a 'java/lang/ClassNotFoundException'{0x00000000ebf5f6e8}: sun/net/www/protocol/c/Handler> (0x00000000ebf5f6e8) 
thrown [s\src\hotspot\share\classfile\systemDictionary.cpp, line 256]
Event: 9.251 Thread 0x000001edfc3b6440 Exception <a 'java/io/FileNotFoundException'{0x00000000ebf85f38}> (0x00000000ebf85f38) 
thrown [s\src\hotspot\share\prims\jni.cpp, line 516]
Event: 10.538 Thread 0x000001edfc3b6440 Implicit null exception at 0x000001ed87b064bb to 0x000001ed87b06dc4
Event: 10.539 Thread 0x000001edfc3b6440 Implicit null exception at 0x000001ed87b19771 to 0x000001ed87b19954
Event: 10.539 Thread 0x000001edfc3b6440 Implicit null exception at 0x000001ed87b0ac0c to 0x000001ed87b0ae20
Event: 10.541 Thread 0x000001edfc3b6440 Implicit null exception at 0x000001ed87b08d0f to 0x000001ed87b08d85

VM Operations (20 events):
Event: 3.859 Executing VM operation: Cleanup
Event: 3.860 Executing VM operation: Cleanup done
Event: 4.704 Executing VM operation: HandshakeAllThreads
Event: 4.704 Executing VM operation: HandshakeAllThreads done
Event: 5.148 Executing VM operation: HandshakeAllThreads
Event: 5.148 Executing VM operation: HandshakeAllThreads done
Event: 5.148 Executing VM operation: Cleanup
Event: 5.148 Executing VM operation: Cleanup done
Event: 6.156 Executing VM operation: Cleanup
Event: 6.175 Executing VM operation: Cleanup done
Event: 7.179 Executing VM operation: Cleanup
Event: 7.212 Executing VM operation: Cleanup done
Event: 8.220 Executing VM operation: Cleanup
Event: 8.238 Executing VM operation: Cleanup done
Event: 8.327 Executing VM operation: HandshakeAllThreads
Event: 8.327 Executing VM operation: HandshakeAllThreads done
Event: 9.331 Executing VM operation: Cleanup
Event: 9.369 Executing VM operation: Cleanup done
Event: 10.370 Executing VM operation: Cleanup
Event: 10.387 Executing VM operation: Cleanup done

Events (20 events):
Event: 10.187 loading class java/util/concurrent/locks/ReadWriteLock done
Event: 10.188 loading class java/util/concurrent/locks/ReentrantReadWriteLock done
Event: 10.188 loading class java/util/concurrent/locks/ReentrantReadWriteLock$NonfairSync
Event: 10.188 loading class java/util/concurrent/locks/ReentrantReadWriteLock$Sync
Event: 10.189 loading class java/util/concurrent/locks/ReentrantReadWriteLock$Sync done
Event: 10.189 loading class java/util/concurrent/locks/ReentrantReadWriteLock$NonfairSync done
Event: 10.190 loading class java/util/concurrent/locks/ReentrantReadWriteLock$Sync$ThreadLocalHoldCounter
Event: 10.206 loading class java/util/concurrent/locks/ReentrantReadWriteLock$Sync$ThreadLocalHoldCounter done
Event: 10.208 loading class java/util/concurrent/locks/ReentrantReadWriteLock$ReadLock
Event: 10.214 loading class java/util/concurrent/locks/ReentrantReadWriteLock$ReadLock done
Event: 10.214 loading class java/util/concurrent/locks/ReentrantReadWriteLock$WriteLock
Event: 10.215 loading class java/util/concurrent/locks/ReentrantReadWriteLock$WriteLock done
Event: 10.548 loading class java/net/URLClassLoader$3
Event: 10.549 loading class java/net/URLClassLoader$3 done
Event: 10.549 loading class java/net/URLClassLoader$3$1
Event: 10.549 loading class java/net/URLClassLoader$3$1 done
Event: 10.549 loading class jdk/internal/loader/URLClassPath$FileLoader
Event: 10.550 loading class jdk/internal/loader/URLClassPath$FileLoader done
Event: 10.849 loading class java/lang/NoSuchFieldError
Event: 10.851 loading class java/lang/NoSuchFieldError done


Dynamic libraries:
0x00007ff6afa40000 - 0x00007ff6afa4e000 	c:\Users\POSITIVO\.vscode\extensions\redhat.java-1.10.0-win32-x64\jre\17.0.4-win32-x86_64\bin\java.exe
0x00007ffd93690000 - 0x00007ffd93888000 	C:\Windows\SYSTEM32\ntdll.dll
0x00007ffd71450000 - 0x00007ffd71467000 	C:\Program Files\Avast Software\Avast\aswhook.dll
0x00007ffd92d90000 - 0x00007ffd92e4d000 	C:\Windows\System32\KERNEL32.DLL
0x00007ffd91130000 - 0x00007ffd913fe000 	C:\Windows\System32\KERNELBASE.dll
0x00007ffd90db0000 - 0x00007ffd90eb0000 	C:\Windows\System32\ucrtbase.dll
0x00007ffd8bcb0000 - 0x00007ffd8bcc8000 	c:\Users\POSITIVO\.vscode\extensions\redhat.java-1.10.0-win32-x64\jre\17.0.4-win32-x86_64\bin\jli.dll
0x00007ffd8bbf0000 - 0x00007ffd8bc09000 	c:\Users\POSITIVO\.vscode\extensions\redhat.java-1.10.0-win32-x64\jre\17.0.4-win32-x86_64\bin\VCRUNTIME140.dll
0x00007ffd91c90000 - 0x00007ffd91e30000 	C:\Windows\System32\USER32.dll
0x00007ffd7b500000 - 0x00007ffd7b79a000 	C:\Windows\WinSxS\amd64_microsoft.windows.common-controls_6595b64144ccf1df_6.0.19041.1110_none_60b5254171f9507e\COMCTL32.dll
0x00007ffd92e50000 - 0x00007ffd92eee000 	C:\Windows\System32\msvcrt.dll
0x00007ffd90eb0000 - 0x00007ffd90ed2000 	C:\Windows\System32\win32u.dll
0x00007ffd92a10000 - 0x00007ffd92a3a000 	C:\Windows\System32\GDI32.dll
0x00007ffd91020000 - 0x00007ffd9112b000 	C:\Windows\System32\gdi32full.dll
0x00007ffd914a0000 - 0x00007ffd9153d000 	C:\Windows\System32\msvcp_win.dll
0x00007ffd93090000 - 0x00007ffd930c0000 	C:\Windows\System32\IMM32.DLL
0x00007ffd8c030000 - 0x00007ffd8c03c000 	c:\Users\POSITIVO\.vscode\extensions\redhat.java-1.10.0-win32-x64\jre\17.0.4-win32-x86_64\bin\vcruntime140_1.dll
0x00007ffd7c160000 - 0x00007ffd7c1f1000 	c:\Users\POSITIVO\.vscode\extensions\redhat.java-1.10.0-win32-x64\jre\17.0.4-win32-x86_64\bin\msvcp140.dll
0x00007ffd43b70000 - 0x00007ffd447b6000 	c:\Users\POSITIVO\.vscode\extensions\redhat.java-1.10.0-win32-x64\jre\17.0.4-win32-x86_64\bin\server\jvm.dll
0x00007ffd93540000 - 0x00007ffd935ee000 	C:\Windows\System32\ADVAPI32.dll
0x00007ffd92070000 - 0x00007ffd9210c000 	C:\Windows\System32\sechost.dll
0x00007ffd92f00000 - 0x00007ffd93025000 	C:\Windows\System32\RPCRT4.dll
0x00007ffd92ef0000 - 0x00007ffd92ef8000 	C:\Windows\System32\PSAPI.DLL
0x00007ffd83b40000 - 0x00007ffd83b49000 	C:\Windows\SYSTEM32\WSOCK32.dll
0x00007ffd85f90000 - 0x00007ffd85f9a000 	C:\Windows\SYSTEM32\VERSION.dll
0x00007ffd92b10000 - 0x00007ffd92b7b000 	C:\Windows\System32\WS2_32.dll
0x00007ffd82fc0000 - 0x00007ffd82fe7000 	C:\Windows\SYSTEM32\WINMM.dll
0x00007ffd8ec80000 - 0x00007ffd8ec92000 	C:\Windows\SYSTEM32\kernel.appcore.dll
0x00007ffd8bc70000 - 0x00007ffd8bc7a000 	c:\Users\POSITIVO\.vscode\extensions\redhat.java-1.10.0-win32-x64\jre\17.0.4-win32-x86_64\bin\jimage.dll
0x00007ffd858f0000 - 0x00007ffd85ad4000 	C:\Windows\SYSTEM32\DBGHELP.DLL
0x00007ffd858c0000 - 0x00007ffd858ec000 	C:\Windows\SYSTEM32\dbgcore.DLL
0x00007ffd90f90000 - 0x00007ffd91012000 	C:\Windows\System32\bcryptPrimitives.dll
0x00007ffd8a700000 - 0x00007ffd8a70e000 	c:\Users\POSITIVO\.vscode\extensions\redhat.java-1.10.0-win32-x64\jre\17.0.4-win32-x86_64\bin\instrument.dll
0x00007ffd8a6d0000 - 0x00007ffd8a6f5000 	c:\Users\POSITIVO\.vscode\extensions\redhat.java-1.10.0-win32-x64\jre\17.0.4-win32-x86_64\bin\java.dll
0x00007ffd8a600000 - 0x00007ffd8a618000 	c:\Users\POSITIVO\.vscode\extensions\redhat.java-1.10.0-win32-x64\jre\17.0.4-win32-x86_64\bin\zip.dll
0x00007ffd922c0000 - 0x00007ffd92a03000 	C:\Windows\System32\SHELL32.dll
0x00007ffd8eea0000 - 0x00007ffd8f635000 	C:\Windows\SYSTEM32\windows.storage.dll
0x00007ffd930c0000 - 0x00007ffd93414000 	C:\Windows\System32\combase.dll
0x00007ffd90740000 - 0x00007ffd90770000 	C:\Windows\SYSTEM32\Wldp.dll
0x00007ffd92a60000 - 0x00007ffd92b0d000 	C:\Windows\System32\SHCORE.dll
0x00007ffd93030000 - 0x00007ffd93085000 	C:\Windows\System32\shlwapi.dll
0x00007ffd90cf0000 - 0x00007ffd90d0f000 	C:\Windows\SYSTEM32\profapi.dll
0x00007ffd8a0f0000 - 0x00007ffd8a109000 	C:\Users\POSITIVO\.vscode\extensions\redhat.java-1.10.0-win32-x64\jre\17.0.4-win32-x86_64\bin\net.dll
0x00007ffd8b320000 - 0x00007ffd8b42a000 	C:\Windows\SYSTEM32\WINHTTP.dll
0x00007ffd904a0000 - 0x00007ffd9050a000 	C:\Windows\system32\mswsock.dll
0x00007ffd8a070000 - 0x00007ffd8a085000 	C:\Users\POSITIVO\.vscode\extensions\redhat.java-1.10.0-win32-x64\jre\17.0.4-win32-x86_64\bin\nio.dll
0x00007ffd8a6c0000 - 0x00007ffd8a6d0000 	c:\Users\POSITIVO\.vscode\extensions\redhat.java-1.10.0-win32-x64\jre\17.0.4-win32-x86_64\bin\verify.dll

dbghelp: loaded successfully - version: 4.0.5 - missing functions: none
symbol engine: initialized successfully - sym options: 0x614 - pdb path: .;c:\Users\POSITIVO\.vscode\extensions\redhat.java-1.10.0-win32-x64\jre\17.0.4-win32-x86_64\bin;C:\Windows\SYSTEM32;C:\Program Files\Avast Software\Avast;C:\Windows\WinSxS\amd64_microsoft.windows.common-controls_6595b64144ccf1df_6.0.19041.1110_none_60b5254171f9507e;c:\Users\POSITIVO\.vscode\extensions\redhat.java-1.10.0-win32-x64\jre\17.0.4-win32-x86_64\bin\server

VM Arguments:
jvm_args: --add-modules=ALL-SYSTEM --add-opens=java.base/java.util=ALL-UNNAMED --add-opens=java.base/java.lang=ALL-UNNAMED --add-opens=java.base/sun.nio.fs=ALL-UNNAMED -Declipse.application=org.eclipse.jdt.ls.core.id1 -Dosgi.bundles.defaultStartLevel=4 -Declipse.product=org.eclipse.jdt.ls.core.product -Djava.import.generatesMetadataFilesAtProjectRoot=false -Dfile.encoding=utf8 -DwatchParentProcess=false -XX:+UseParallelGC -XX:GCTimeRatio=4 -XX:AdaptiveSizePolicyWeight=90 -Dsun.zip.disableMemoryMapping=true -Xmx1G -Xms100m -Xlog:jni+resolve=off -javaagent:c:\Users\POSITIVO\.vscode\extensions\redhat.java-1.10.0-win32-x64\lombok\lombok-1.18.24.jar -XX:+HeapDumpOnOutOfMemoryError -XX:HeapDumpPath=c:\Users\POSITIVO\AppData\Roaming\Code\User\workspaceStorage\8ec930336ebd1d15844ebf1d7341b1a9\redhat.java 
java_command: c:\Users\POSITIVO\.vscode\extensions\redhat.java-1.10.0-win32-x64\server\plugins\org.eclipse.equinox.launcher_1.6.400.v20210924-0641.jar -configuration c:\Users\POSITIVO\AppData\Roaming\Code\User\globalStorage\redhat.java\1.10.0\config_win -data c:\Users\POSITIVO\AppData\Roaming\Code\User\workspaceStorage\8ec930336ebd1d15844ebf1d7341b1a9\redhat.java\jdt_ws
java_class_path (initial): c:\Users\POSITIVO\.vscode\extensions\redhat.java-1.10.0-win32-x64\server\plugins\org.eclipse.equinox.launcher_1.6.400.v20210924-0641.jar
Launcher Type: SUN_STANDARD

[Global flags]
    uintx AdaptiveSizePolicyWeight                 = 90                                        {product} {command line}
     intx CICompilerCount                          = 3                                         {product} {ergonomic}
    uintx GCTimeRatio                              = 4                                         {product} {command line}
     bool HeapDumpOnOutOfMemoryError               = true                                   {manageable} {command line}
    ccstr HeapDumpPath                             = c:\Users\POSITIVO\AppData\Roaming\Code\User\workspaceStorage\8ec930336ebd1d15844ebf1d7341b1a9\redhat.java         {manageable} {command line}
   size_t InitialHeapSize                          = 104857600                                 {product} {command line}
   size_t MaxHeapSize                              = 1073741824                                {product} {command line}
   size_t MaxNewSize                               = 357564416                                 {product} {ergonomic}
   size_t MinHeapDeltaBytes                        = 524288                                    {product} {ergonomic}
   size_t MinHeapSize                              = 104857600                                 {product} {command line}
   size_t NewSize                                  = 34603008                                  {product} {ergonomic}
    uintx NonNMethodCodeHeapSize                   = 5832780                                {pd product} {ergonomic}
    uintx NonProfiledCodeHeapSize                  = 122912730                              {pd product} {ergonomic}
   size_t OldSize                                  = 70254592                                  {product} {ergonomic}
    uintx ProfiledCodeHeapSize                     = 122912730                              {pd product} {ergonomic}
    uintx ReservedCodeCacheSize                    = 251658240                              {pd product} {ergonomic}
     bool SegmentedCodeCache                       = true                                      {product} {ergonomic}
   size_t SoftMaxHeapSize                          = 1073741824                             {manageable} {ergonomic}
     bool UseCompressedClassPointers               = true                           {product lp64_product} {ergonomic}
     bool UseCompressedOops                        = true                           {product lp64_product} {ergonomic}
     bool UseLargePagesIndividualAllocation        = false                                  {pd product} {ergonomic}
     bool UseParallelGC                            = true                                      {product} {command line}

Logging:
Log output configuration:
 #0: stdout all=warning,jni+resolve=off uptime,level,tags
 #1: stderr all=off uptime,level,tags

Environment Variables:
PATH=C:\Program Files\Common Files\Oracle\Java\javapath;C:\Program Files (x86)\Common Files\Oracle\Java\javapath;C:\Windows\system32;C:\Windows;C:\Windows\System32\Wbem;C:\Windows\System32\WindowsPowerShell\v1.0\;C:\Windows\System32\OpenSSH\;C:\Program Files\Git\cmd;C:\Users\POSITIVO\AppData\Local\Programs\Python\Python310\Scripts\;C:\Users\POSITIVO\AppData\Local\Programs\Python\Python310\;C:\Users\POSITIVO\AppData\Local\Microsoft\WindowsApps;C:\Users\POSITIVO\AppData\Local\JetBrains\Toolbox\scripts;C:\Users\POSITIVO\AppData\Local\Programs\Microsoft VS Code\bin
USERNAME=POSITIVO
OS=Windows_NT
PROCESSOR_IDENTIFIER=Intel64 Family 6 Model 76 Stepping 4, GenuineIntel
TMP=C:\Users\POSITIVO\AppData\Local\Temp
TEMP=C:\Users\POSITIVO\AppData\Local\Temp



---------------  S Y S T E M  ---------------

OS:
 Windows 10 , 64 bit Build 19041 (10.0.19041.1889)
OS uptime: 0 days 0:44 hours

CPU: total 4 (initial active 4) (4 cores per cpu, 1 threads per core) family 6 model 76 stepping 4 microcode 0x411, cx8, cmov, fxsr, mmx, 3dnowpref, sse, sse2, sse3, ssse3, sse4.1, sse4.2, popcnt, tsc, tscinvbit, aes, erms, clmul, clflush

Memory: 4k page, system-wide physical 1848M (378M free)
TotalPageFile size 3167M (AvailPageFile size 179M)
current process WorkingSet (physical memory assigned to process): 47M, peak: 52M
current process commit charge ("private bytes"): 183M, peak: 184M

vm_info: OpenJDK 64-Bit Server VM (17.0.4+8) for windows-amd64 JRE (17.0.4+8), built on Jul 19 2022 16:05:16 by "temurin" with MS VC++ 16.7 (VS2019)

END.
